#
# There is insufficient memory for the Java Runtime Environment to continue.
# Native memory allocation (mmap) failed to map 260046848 bytes for committing reserved memory.
# Possible reasons:
#   The system is out of physical RAM or swap space
#   The process is running with CompressedOops enabled, and the Java Heap may be blocking the growth of the native heap
# Possible solutions:
#   Reduce memory load on the system
#   Increase physical memory or swap space
#   Check if swap backing store is full
#   Decrease Java heap size (-Xmx/-Xms)
#   Decrease number of Java threads
#   Decrease Java thread stack sizes (-Xss)
#   Set larger code cache with -XX:ReservedCodeCacheSize=
#   JVM is running with Unscaled Compressed Oops mode in which the Java heap is
#     placed in the first 4GB address space. The Java Heap base address is the
#     maximum limit for the native heap growth. Please use -XX:HeapBaseMinAddress
#     to set the Java Heap base and to place the Java Heap above 4GB virtual address.
# This output file may be truncated or incomplete.
#
#  Out of Memory Error (os_linux.cpp:2720), pid=12592, tid=12609
#
# JRE version: Java(TM) SE Runtime Environment (11.0.3+12) (build 11.0.3+12-LTS)
# Java VM: Java HotSpot(TM) 64-Bit Server VM (11.0.3+12-LTS, mixed mode, tiered, compressed oops, g1 gc, linux-amd64)
# Core dump will be written. Default location: Core dumps may be processed with "/usr/share/apport/apport %p %s %c %d %P" (or dumping to /var/www/html/SYMFONY/API/transfertArgent/core.12592)
#

---------------  S U M M A R Y ------------

Command Line: -Djava.awt.headless=true -Dsonarlint.home=/home/lokhondiaye/.vscode/extensions/silverbulleters.sonarqube-inject-2.1.0/tools/sonarlint-cli -Dproject.home=/var/www/html/SYMFONY/API/transfertArgent -Dorg.freemarker.loggerLibrary=none org.sonarlint.cli.Main --reportType console --src src/Controller/UserController.php --charset UTF-8

Host: Intel(R) Core(TM) i7-8550U CPU @ 1.80GHz, 8 cores, 7G, Ubuntu 16.04.6 LTS
Time: Wed Jul 24 16:41:42 2019 GMT elapsed time: 82 seconds (0d 0h 1m 22s)

---------------  T H R E A D  ---------------

Current thread (0x00007f2c88157000):  VMThread "VM Thread" [stack: 0x00007f2c8c448000,0x00007f2c8c548000] [id=12609]

Stack: [0x00007f2c8c448000,0x00007f2c8c548000],  sp=0x00007f2c8c545f80,  free space=1015k
Native frames: (J=compiled Java code, A=aot compiled Java code, j=interpreted, Vv=VM code, C=native code)
V  [libjvm.so+0xe29d97]  VMError::report_and_die(int, char const*, char const*, __va_list_tag*, Thread*, unsigned char*, void*, void*, char const*, int, unsigned long)+0x317
V  [libjvm.so+0xe2a9fb]  VMError::report_and_die(Thread*, char const*, int, unsigned long, VMErrorType, char const*, __va_list_tag*)+0x2b
V  [libjvm.so+0x69a845]  report_vm_out_of_memory(char const*, int, unsigned long, VMErrorType, char const*, ...)+0xd5
V  [libjvm.so+0xc04148]  os::pd_commit_memory_or_exit(char*, unsigned long, unsigned long, bool, char const*)+0x108
V  [libjvm.so+0xbfb6ad]  os::commit_memory_or_exit(char*, unsigned long, unsigned long, bool, char const*)+0x1d
V  [libjvm.so+0x7b3aec]  G1PageBasedVirtualSpace::commit_preferred_pages(unsigned long, unsigned long)+0x6c
V  [libjvm.so+0x7b3d8e]  G1PageBasedVirtualSpace::commit(unsigned long, unsigned long)+0x5e
V  [libjvm.so+0x7bfb60]  G1RegionsLargerThanCommitSizeMapper::commit_regions(unsigned int, unsigned long, WorkGang*)+0x40
V  [libjvm.so+0x83b5a9]  HeapRegionManager::commit_regions(unsigned int, unsigned long, WorkGang*)+0x89
V  [libjvm.so+0x83c1ff]  HeapRegionManager::make_regions_available(unsigned int, unsigned int, WorkGang*)+0x3f
V  [libjvm.so+0x83c689]  HeapRegionManager::expand_at(unsigned int, unsigned int, WorkGang*) [clone .part.44]+0x119
V  [libjvm.so+0x77827f]  G1CollectedHeap::expand(unsigned long, WorkGang*, double*)+0xdf
V  [libjvm.so+0x77d04a]  G1CollectedHeap::do_collection_pause_at_safepoint(double)+0xa9a
V  [libjvm.so+0xe359a1]  VM_G1CollectForAllocation::doit()+0x81
V  [libjvm.so+0xe34537]  VM_Operation::evaluate()+0xe7
V  [libjvm.so+0xe31d1f]  VMThread::evaluate_operation(VM_Operation*) [clone .constprop.54]+0xff
V  [libjvm.so+0xe32256]  VMThread::loop()+0x3e6
V  [libjvm.so+0xe3269b]  VMThread::run()+0x7b
V  [libjvm.so+0xc0a000]  thread_native_entry(Thread*)+0xf0

VM_Operation (0x00007f2c921196d0): G1CollectForAllocation, mode: safepoint, requested by thread 0x00007f2c88011800


---------------  P R O C E S S  ---------------

Threads class SMR info:
_java_thread_list=0x00007f2c240a9ff0, length=9, elements={
0x00007f2c88011800, 0x00007f2c8815f000, 0x00007f2c88163800, 0x00007f2c88176800,
0x00007f2c88179000, 0x00007f2c8817b000, 0x00007f2c8817d000, 0x00007f2c881fa800,
0x00007f2c8820e800
}

Java Threads: ( => current thread )
  0x00007f2c88011800 JavaThread "main" [_thread_blocked, id=12603, stack(0x00007f2c9201c000,0x00007f2c9211d000)]
  0x00007f2c8815f000 JavaThread "Reference Handler" daemon [_thread_blocked, id=12610, stack(0x00007f2c8c346000,0x00007f2c8c447000)]
  0x00007f2c88163800 JavaThread "Finalizer" daemon [_thread_blocked, id=12611, stack(0x00007f2c8c245000,0x00007f2c8c346000)]
  0x00007f2c88176800 JavaThread "Signal Dispatcher" daemon [_thread_blocked, id=12612, stack(0x00007f2c8c144000,0x00007f2c8c245000)]
  0x00007f2c88179000 JavaThread "C2 CompilerThread0" daemon [_thread_blocked, id=12613, stack(0x00007f2c8c043000,0x00007f2c8c144000)]
  0x00007f2c8817b000 JavaThread "C1 CompilerThread0" daemon [_thread_blocked, id=12614, stack(0x00007f2c7005c000,0x00007f2c7015d000)]
  0x00007f2c8817d000 JavaThread "Sweeper thread" daemon [_thread_blocked, id=12615, stack(0x00007f2c6817f000,0x00007f2c68280000)]
  0x00007f2c881fa800 JavaThread "Service Thread" daemon [_thread_blocked, id=12635, stack(0x00007f2c6807e000,0x00007f2c6817f000)]
  0x00007f2c8820e800 JavaThread "Common-Cleaner" daemon [_thread_blocked, id=12639, stack(0x00007f2c61dfe000,0x00007f2c61eff000)]

Other Threads:
=>0x00007f2c88157000 VMThread "VM Thread" [stack: 0x00007f2c8c448000,0x00007f2c8c548000] [id=12609]
  0x00007f2c88205000 WatcherThread [stack: 0x00007f2c61f00000,0x00007f2c62000000] [id=12637]
  0x00007f2c88039000 GCTaskThread "GC Thread#0" [stack: 0x00007f2c8e5e9000,0x00007f2c8e6e9000] [id=12604]
  0x00007f2c54001000 GCTaskThread "GC Thread#1" [stack: 0x00007f2c612d5000,0x00007f2c613d5000] [id=12695]
  0x00007f2c8806a800 ConcurrentGCThread "G1 Main Marker" [stack: 0x00007f2c8d158000,0x00007f2c8d258000] [id=12605]
  0x00007f2c8806c000 ConcurrentGCThread "G1 Conc#0" [stack: 0x00007f2c8d057000,0x00007f2c8d157000] [id=12606]
  0x00007f2c64001000 ConcurrentGCThread "G1 Conc#1" [stack: 0x00007f2c611d4000,0x00007f2c612d4000] [id=12745]
  0x00007f2c880f5000 ConcurrentGCThread "G1 Refine#0" [stack: 0x00007f2c8c74e000,0x00007f2c8c84e000] [id=12607]
  0x00007f2c880f6800 ConcurrentGCThread "G1 Young RemSet Sampling" [stack: 0x00007f2c8c64d000,0x00007f2c8c74d000] [id=12608]

Threads with active compile tasks:
C2 CompilerThread01793       4       java.lang.StringLatin1::toUpperCase (180 bytes)
C1 CompilerThread01788   !   3       java.lang.Class::getResource (92 bytes)

VM state:at safepoint (normal execution)

VM Mutex/Monitor currently owned by a thread:  ([mutex/lock_event])
[0x00007f2c8800d6a0] Threads_lock - owner thread: 0x00007f2c88157000
[0x00007f2c8800ddf0] Heap_lock - owner thread: 0x00007f2c88011800

Heap address: 0x0000000085000000, size: 1968 MB, Compressed Oops mode: 32-bit
Narrow klass base: 0x0000000000000000, Narrow klass shift: 3
Compressed class space size: 1073741824 Address: 0x0000000100000000

Heap:
 garbage-first heap   total 380928K, used 7242K [0x0000000085000000, 0x0000000100000000)
  region size 1024K, 1 young (1024K), 1 survivors (1024K)
 Metaspace       used 20662K, capacity 21132K, committed 21552K, reserved 1069056K
  class space    used 2509K, capacity 2650K, committed 2688K, reserved 1048576K
Heap Regions: E=young(eden), S=young(survivor), O=old, HS=humongous(starts), HC=humongous(continues), CS=collection set, F=free, A=archive, TAMS=top-at-mark-start (previous, next)
|   0|0x0000000085000000, 0x0000000085100000, 0x0000000085100000|100%|HS|  |TAMS 0x0000000085100000, 0x0000000085000000| Complete 
|   1|0x0000000085100000, 0x0000000085200000, 0x0000000085200000|100%| O|  |TAMS 0x0000000085200000, 0x0000000085100000| Untracked 
|   2|0x0000000085200000, 0x0000000085300000, 0x0000000085300000|100%| O|  |TAMS 0x0000000085206000, 0x0000000085200000| Untracked 
|   3|0x0000000085300000, 0x0000000085400000, 0x0000000085400000|100%| O|  |TAMS 0x0000000085300000, 0x0000000085300000| Untracked 
|   4|0x0000000085400000, 0x0000000085500000, 0x0000000085500000|100%| O|  |TAMS 0x0000000085400000, 0x0000000085400000| Untracked 
|   5|0x0000000085500000, 0x0000000085600000, 0x0000000085600000|100%| O|  |TAMS 0x0000000085500000, 0x0000000085500000| Untracked 
|   6|0x0000000085600000, 0x00000000856b7600, 0x0000000085700000| 71%| O|  |TAMS 0x0000000085600000, 0x0000000085600000| Untracked 
|   7|0x0000000085700000, 0x0000000085700000, 0x0000000085800000|  0%| F|  |TAMS 0x0000000085700000, 0x0000000085700000| Untracked 
|   8|0x0000000085800000, 0x0000000085800000, 0x0000000085900000|  0%| F|  |TAMS 0x0000000085800000, 0x0000000085800000| Untracked 
|   9|0x0000000085900000, 0x0000000085900000, 0x0000000085a00000|  0%| F|  |TAMS 0x0000000085900000, 0x0000000085900000| Untracked 
|  10|0x0000000085a00000, 0x0000000085a00000, 0x0000000085b00000|  0%| F|  |TAMS 0x0000000085a00000, 0x0000000085a00000| Untracked 
|  11|0x0000000085b00000, 0x0000000085b00000, 0x0000000085c00000|  0%| F|  |TAMS 0x0000000085b00000, 0x0000000085b00000| Untracked 
|  12|0x0000000085c00000, 0x0000000085c00000, 0x0000000085d00000|  0%| F|  |TAMS 0x0000000085c00000, 0x0000000085c00000| Untracked 
|  13|0x0000000085d00000, 0x0000000085d00000, 0x0000000085e00000|  0%| F|  |TAMS 0x0000000085d00000, 0x0000000085d00000| Untracked 
|  14|0x0000000085e00000, 0x0000000085e00000, 0x0000000085f00000|  0%| F|  |TAMS 0x0000000085e00000, 0x0000000085e00000| Untracked 
|  15|0x0000000085f00000, 0x0000000085f00000, 0x0000000086000000|  0%| F|  |TAMS 0x0000000085f00000, 0x0000000085f00000| Untracked 
|  16|0x0000000086000000, 0x0000000086000000, 0x0000000086100000|  0%| F|  |TAMS 0x0000000086000000, 0x0000000086000000| Untracked 
|  17|0x0000000086100000, 0x0000000086100000, 0x0000000086200000|  0%| F|  |TAMS 0x0000000086100000, 0x0000000086100000| Untracked 
|  18|0x0000000086200000, 0x0000000086200000, 0x0000000086300000|  0%| F|  |TAMS 0x0000000086200000, 0x0000000086200000| Untracked 
|  19|0x0000000086300000, 0x0000000086300000, 0x0000000086400000|  0%| F|  |TAMS 0x0000000086300000, 0x0000000086300000| Untracked 
|  20|0x0000000086400000, 0x0000000086400000, 0x0000000086500000|  0%| F|  |TAMS 0x0000000086400000, 0x0000000086400000| Untracked 
|  21|0x0000000086500000, 0x0000000086500000, 0x0000000086600000|  0%| F|  |TAMS 0x0000000086500000, 0x0000000086500000| Untracked 
|  22|0x0000000086600000, 0x0000000086600000, 0x0000000086700000|  0%| F|  |TAMS 0x0000000086600000, 0x0000000086600000| Untracked 
|  23|0x0000000086700000, 0x0000000086700000, 0x0000000086800000|  0%| F|  |TAMS 0x0000000086700000, 0x0000000086700000| Untracked 
|  24|0x0000000086800000, 0x0000000086800000, 0x0000000086900000|  0%| F|  |TAMS 0x0000000086800000, 0x0000000086800000| Untracked 
|  25|0x0000000086900000, 0x0000000086900000, 0x0000000086a00000|  0%| F|  |TAMS 0x0000000086900000, 0x0000000086900000| Untracked 
|  26|0x0000000086a00000, 0x0000000086a00000, 0x0000000086b00000|  0%| F|  |TAMS 0x0000000086a00000, 0x0000000086a00000| Untracked 
|  27|0x0000000086b00000, 0x0000000086b00000, 0x0000000086c00000|  0%| F|  |TAMS 0x0000000086b00000, 0x0000000086b00000| Untracked 
|  28|0x0000000086c00000, 0x0000000086c00000, 0x0000000086d00000|  0%| F|  |TAMS 0x0000000086c00000, 0x0000000086c00000| Untracked 
|  29|0x0000000086d00000, 0x0000000086d00000, 0x0000000086e00000|  0%| F|  |TAMS 0x0000000086d00000, 0x0000000086d00000| Untracked 
|  30|0x0000000086e00000, 0x0000000086e00000, 0x0000000086f00000|  0%| F|  |TAMS 0x0000000086e00000, 0x0000000086e00000| Untracked 
|  31|0x0000000086f00000, 0x0000000086f00000, 0x0000000087000000|  0%| F|  |TAMS 0x0000000086f00000, 0x0000000086f00000| Untracked 
|  32|0x0000000087000000, 0x0000000087000000, 0x0000000087100000|  0%| F|  |TAMS 0x0000000087000000, 0x0000000087000000| Untracked 
|  33|0x0000000087100000, 0x0000000087100000, 0x0000000087200000|  0%| F|  |TAMS 0x0000000087100000, 0x0000000087100000| Untracked 
|  34|0x0000000087200000, 0x0000000087200000, 0x0000000087300000|  0%| F|  |TAMS 0x0000000087200000, 0x0000000087200000| Untracked 
|  35|0x0000000087300000, 0x0000000087300000, 0x0000000087400000|  0%| F|  |TAMS 0x0000000087300000, 0x0000000087300000| Untracked 
|  36|0x0000000087400000, 0x0000000087400000, 0x0000000087500000|  0%| F|  |TAMS 0x0000000087400000, 0x0000000087400000| Untracked 
|  37|0x0000000087500000, 0x0000000087500000, 0x0000000087600000|  0%| F|  |TAMS 0x0000000087500000, 0x0000000087500000| Untracked 
|  38|0x0000000087600000, 0x0000000087600000, 0x0000000087700000|  0%| F|  |TAMS 0x0000000087600000, 0x0000000087600000| Untracked 
|  39|0x0000000087700000, 0x0000000087700000, 0x0000000087800000|  0%| F|  |TAMS 0x0000000087700000, 0x0000000087700000| Untracked 
|  40|0x0000000087800000, 0x0000000087800000, 0x0000000087900000|  0%| F|  |TAMS 0x0000000087800000, 0x0000000087800000| Untracked 
|  41|0x0000000087900000, 0x0000000087900000, 0x0000000087a00000|  0%| F|  |TAMS 0x0000000087900000, 0x0000000087900000| Untracked 
|  42|0x0000000087a00000, 0x0000000087a00000, 0x0000000087b00000|  0%| F|  |TAMS 0x0000000087a00000, 0x0000000087a00000| Untracked 
|  43|0x0000000087b00000, 0x0000000087b00000, 0x0000000087c00000|  0%| F|  |TAMS 0x0000000087b00000, 0x0000000087b00000| Untracked 
|  44|0x0000000087c00000, 0x0000000087c00000, 0x0000000087d00000|  0%| F|  |TAMS 0x0000000087c00000, 0x0000000087c00000| Untracked 
|  45|0x0000000087d00000, 0x0000000087d00000, 0x0000000087e00000|  0%| F|  |TAMS 0x0000000087d00000, 0x0000000087d00000| Untracked 
|  46|0x0000000087e00000, 0x0000000087e00000, 0x0000000087f00000|  0%| F|  |TAMS 0x0000000087e00000, 0x0000000087e00000| Untracked 
|  47|0x0000000087f00000, 0x0000000087f00000, 0x0000000088000000|  0%| F|  |TAMS 0x0000000087f00000, 0x0000000087f00000| Untracked 
|  48|0x0000000088000000, 0x0000000088000000, 0x0000000088100000|  0%| F|  |TAMS 0x0000000088000000, 0x0000000088000000| Untracked 
|  49|0x0000000088100000, 0x0000000088100000, 0x0000000088200000|  0%| F|  |TAMS 0x0000000088100000, 0x0000000088100000| Untracked 
|  50|0x0000000088200000, 0x0000000088200000, 0x0000000088300000|  0%| F|  |TAMS 0x0000000088200000, 0x0000000088200000| Untracked 
|  51|0x0000000088300000, 0x0000000088300000, 0x0000000088400000|  0%| F|  |TAMS 0x0000000088300000, 0x0000000088300000| Untracked 
|  52|0x0000000088400000, 0x0000000088400000, 0x0000000088500000|  0%| F|  |TAMS 0x0000000088400000, 0x0000000088400000| Untracked 
|  53|0x0000000088500000, 0x0000000088500000, 0x0000000088600000|  0%| F|  |TAMS 0x0000000088500000, 0x0000000088500000| Untracked 
|  54|0x0000000088600000, 0x0000000088600000, 0x0000000088700000|  0%| F|  |TAMS 0x0000000088600000, 0x0000000088600000| Untracked 
|  55|0x0000000088700000, 0x0000000088700000, 0x0000000088800000|  0%| F|  |TAMS 0x0000000088700000, 0x0000000088700000| Untracked 
|  56|0x0000000088800000, 0x0000000088800000, 0x0000000088900000|  0%| F|  |TAMS 0x0000000088800000, 0x0000000088800000| Untracked 
|  57|0x0000000088900000, 0x0000000088900000, 0x0000000088a00000|  0%| F|  |TAMS 0x0000000088900000, 0x0000000088900000| Untracked 
|  58|0x0000000088a00000, 0x0000000088a00000, 0x0000000088b00000|  0%| F|  |TAMS 0x0000000088a00000, 0x0000000088a00000| Untracked 
|  59|0x0000000088b00000, 0x0000000088b00000, 0x0000000088c00000|  0%| F|  |TAMS 0x0000000088b00000, 0x0000000088b00000| Untracked 
|  60|0x0000000088c00000, 0x0000000088c00000, 0x0000000088d00000|  0%| F|  |TAMS 0x0000000088c00000, 0x0000000088c00000| Untracked 
|  61|0x0000000088d00000, 0x0000000088d00000, 0x0000000088e00000|  0%| F|  |TAMS 0x0000000088d00000, 0x0000000088d00000| Untracked 
|  62|0x0000000088e00000, 0x0000000088e00000, 0x0000000088f00000|  0%| F|  |TAMS 0x0000000088e00000, 0x0000000088e00000| Untracked 
|  63|0x0000000088f00000, 0x0000000088f00000, 0x0000000089000000|  0%| F|  |TAMS 0x0000000088f00000, 0x0000000088f00000| Untracked 
|  64|0x0000000089000000, 0x0000000089000000, 0x0000000089100000|  0%| F|  |TAMS 0x0000000089000000, 0x0000000089000000| Untracked 
|  65|0x0000000089100000, 0x0000000089100000, 0x0000000089200000|  0%| F|  |TAMS 0x0000000089100000, 0x0000000089100000| Untracked 
|  66|0x0000000089200000, 0x0000000089200000, 0x0000000089300000|  0%| F|  |TAMS 0x0000000089200000, 0x0000000089200000| Untracked 
|  67|0x0000000089300000, 0x0000000089300000, 0x0000000089400000|  0%| F|  |TAMS 0x0000000089300000, 0x0000000089300000| Untracked 
|  68|0x0000000089400000, 0x0000000089400000, 0x0000000089500000|  0%| F|  |TAMS 0x0000000089400000, 0x0000000089400000| Untracked 
|  69|0x0000000089500000, 0x0000000089500000, 0x0000000089600000|  0%| F|  |TAMS 0x0000000089500000, 0x0000000089500000| Untracked 
|  70|0x0000000089600000, 0x0000000089600000, 0x0000000089700000|  0%| F|  |TAMS 0x0000000089600000, 0x0000000089600000| Untracked 
|  71|0x0000000089700000, 0x0000000089700000, 0x0000000089800000|  0%| F|  |TAMS 0x0000000089700000, 0x0000000089700000| Untracked 
|  72|0x0000000089800000, 0x0000000089800000, 0x0000000089900000|  0%| F|  |TAMS 0x0000000089800000, 0x0000000089800000| Untracked 
|  73|0x0000000089900000, 0x0000000089900000, 0x0000000089a00000|  0%| F|  |TAMS 0x0000000089900000, 0x0000000089900000| Untracked 
|  74|0x0000000089a00000, 0x0000000089a00000, 0x0000000089b00000|  0%| F|  |TAMS 0x0000000089a00000, 0x0000000089a00000| Untracked 
|  75|0x0000000089b00000, 0x0000000089b00000, 0x0000000089c00000|  0%| F|  |TAMS 0x0000000089b00000, 0x0000000089b00000| Untracked 
|  76|0x0000000089c00000, 0x0000000089c00000, 0x0000000089d00000|  0%| F|  |TAMS 0x0000000089c00000, 0x0000000089c00000| Untracked 
|  77|0x0000000089d00000, 0x0000000089d00000, 0x0000000089e00000|  0%| F|  |TAMS 0x0000000089d00000, 0x0000000089d00000| Untracked 
|  78|0x0000000089e00000, 0x0000000089e00000, 0x0000000089f00000|  0%| F|  |TAMS 0x0000000089e00000, 0x0000000089e00000| Untracked 
|  79|0x0000000089f00000, 0x0000000089f00000, 0x000000008a000000|  0%| F|  |TAMS 0x0000000089f00000, 0x0000000089f00000| Untracked 
|  80|0x000000008a000000, 0x000000008a000000, 0x000000008a100000|  0%| F|  |TAMS 0x000000008a000000, 0x000000008a000000| Untracked 
|  81|0x000000008a100000, 0x000000008a100000, 0x000000008a200000|  0%| F|  |TAMS 0x000000008a100000, 0x000000008a100000| Untracked 
|  82|0x000000008a200000, 0x000000008a200000, 0x000000008a300000|  0%| F|  |TAMS 0x000000008a200000, 0x000000008a200000| Untracked 
|  83|0x000000008a300000, 0x000000008a300000, 0x000000008a400000|  0%| F|  |TAMS 0x000000008a300000, 0x000000008a300000| Untracked 
|  84|0x000000008a400000, 0x000000008a400000, 0x000000008a500000|  0%| F|  |TAMS 0x000000008a400000, 0x000000008a400000| Untracked 
|  85|0x000000008a500000, 0x000000008a500000, 0x000000008a600000|  0%| F|  |TAMS 0x000000008a500000, 0x000000008a500000| Untracked 
|  86|0x000000008a600000, 0x000000008a600000, 0x000000008a700000|  0%| F|  |TAMS 0x000000008a600000, 0x000000008a600000| Untracked 
|  87|0x000000008a700000, 0x000000008a700000, 0x000000008a800000|  0%| F|  |TAMS 0x000000008a700000, 0x000000008a700000| Untracked 
|  88|0x000000008a800000, 0x000000008a800000, 0x000000008a900000|  0%| F|  |TAMS 0x000000008a800000, 0x000000008a800000| Untracked 
|  89|0x000000008a900000, 0x000000008a900000, 0x000000008aa00000|  0%| F|  |TAMS 0x000000008a900000, 0x000000008a900000| Untracked 
|  90|0x000000008aa00000, 0x000000008aa00000, 0x000000008ab00000|  0%| F|  |TAMS 0x000000008aa00000, 0x000000008aa00000| Untracked 
|  91|0x000000008ab00000, 0x000000008ab00000, 0x000000008ac00000|  0%| F|  |TAMS 0x000000008ab00000, 0x000000008ab00000| Untracked 
|  92|0x000000008ac00000, 0x000000008ac00000, 0x000000008ad00000|  0%| F|  |TAMS 0x000000008ac00000, 0x000000008ac00000| Untracked 
|  93|0x000000008ad00000, 0x000000008ad00000, 0x000000008ae00000|  0%| F|  |TAMS 0x000000008ad00000, 0x000000008ad00000| Untracked 
|  94|0x000000008ae00000, 0x000000008ae00000, 0x000000008af00000|  0%| F|  |TAMS 0x000000008ae00000, 0x000000008ae00000| Untracked 
|  95|0x000000008af00000, 0x000000008af00000, 0x000000008b000000|  0%| F|  |TAMS 0x000000008af00000, 0x000000008af00000| Untracked 
|  96|0x000000008b000000, 0x000000008b000000, 0x000000008b100000|  0%| F|  |TAMS 0x000000008b000000, 0x000000008b000000| Untracked 
|  97|0x000000008b100000, 0x000000008b100000, 0x000000008b200000|  0%| F|  |TAMS 0x000000008b100000, 0x000000008b100000| Untracked 
|  98|0x000000008b200000, 0x000000008b200000, 0x000000008b300000|  0%| F|  |TAMS 0x000000008b200000, 0x000000008b200000| Untracked 
|  99|0x000000008b300000, 0x000000008b300000, 0x000000008b400000|  0%| F|  |TAMS 0x000000008b300000, 0x000000008b300000| Untracked 
| 100|0x000000008b400000, 0x000000008b400000, 0x000000008b500000|  0%| F|  |TAMS 0x000000008b400000, 0x000000008b400000| Untracked 
| 101|0x000000008b500000, 0x000000008b500000, 0x000000008b600000|  0%| F|  |TAMS 0x000000008b500000, 0x000000008b500000| Untracked 
| 102|0x000000008b600000, 0x000000008b600000, 0x000000008b700000|  0%| F|  |TAMS 0x000000008b600000, 0x000000008b600000| Untracked 
| 103|0x000000008b700000, 0x000000008b700000, 0x000000008b800000|  0%| F|  |TAMS 0x000000008b700000, 0x000000008b700000| Untracked 
| 104|0x000000008b800000, 0x000000008b800000, 0x000000008b900000|  0%| F|  |TAMS 0x000000008b800000, 0x000000008b800000| Untracked 
| 105|0x000000008b900000, 0x000000008b900000, 0x000000008ba00000|  0%| F|  |TAMS 0x000000008b900000, 0x000000008b900000| Untracked 
| 106|0x000000008ba00000, 0x000000008ba00000, 0x000000008bb00000|  0%| F|  |TAMS 0x000000008ba00000, 0x000000008ba00000| Untracked 
| 107|0x000000008bb00000, 0x000000008bb00000, 0x000000008bc00000|  0%| F|  |TAMS 0x000000008bb00000, 0x000000008bb00000| Untracked 
| 108|0x000000008bc00000, 0x000000008bc00000, 0x000000008bd00000|  0%| F|  |TAMS 0x000000008bc00000, 0x000000008bc00000| Untracked 
| 109|0x000000008bd00000, 0x000000008bd00000, 0x000000008be00000|  0%| F|  |TAMS 0x000000008bd00000, 0x000000008bd00000| Untracked 
| 110|0x000000008be00000, 0x000000008be00000, 0x000000008bf00000|  0%| F|  |TAMS 0x000000008be00000, 0x000000008be00000| Untracked 
| 111|0x000000008bf00000, 0x000000008bf00000, 0x000000008c000000|  0%| F|  |TAMS 0x000000008bf00000, 0x000000008bf00000| Untracked 
| 112|0x000000008c000000, 0x000000008c000000, 0x000000008c100000|  0%| F|  |TAMS 0x000000008c000000, 0x000000008c000000| Untracked 
| 113|0x000000008c100000, 0x000000008c100000, 0x000000008c200000|  0%| F|  |TAMS 0x000000008c100000, 0x000000008c100000| Untracked 
| 114|0x000000008c200000, 0x000000008c200000, 0x000000008c300000|  0%| F|  |TAMS 0x000000008c200000, 0x000000008c200000| Untracked 
| 115|0x000000008c300000, 0x000000008c300000, 0x000000008c400000|  0%| F|  |TAMS 0x000000008c300000, 0x000000008c300000| Untracked 
| 116|0x000000008c400000, 0x000000008c400000, 0x000000008c500000|  0%| F|  |TAMS 0x000000008c400000, 0x000000008c400000| Untracked 
| 117|0x000000008c500000, 0x000000008c55b278, 0x000000008c600000| 35%| S|CS|TAMS 0x000000008c500000, 0x000000008c500000| Complete 
| 118|0x000000008c600000, 0x000000008c600000, 0x000000008c700000|  0%| F|  |TAMS 0x000000008c600000, 0x000000008c600000| Untracked 
| 119|0x000000008c700000, 0x000000008c700000, 0x000000008c800000|  0%| F|  |TAMS 0x000000008c700000, 0x000000008c700000| Untracked 
| 120|0x000000008c800000, 0x000000008c800000, 0x000000008c900000|  0%| F|  |TAMS 0x000000008c800000, 0x000000008c800000| Untracked 
| 121|0x000000008c900000, 0x000000008c900000, 0x000000008ca00000|  0%| F|  |TAMS 0x000000008c900000, 0x000000008c900000| Untracked 
| 122|0x000000008ca00000, 0x000000008ca00000, 0x000000008cb00000|  0%| F|  |TAMS 0x000000008ca00000, 0x000000008ca00000| Untracked 
| 123|0x000000008cb00000, 0x000000008cb00000, 0x000000008cc00000|  0%| F|  |TAMS 0x000000008cb00000, 0x000000008cb00000| Untracked 

Card table byte_map: [0x00007f2c8d630000,0x00007f2c8da08000] _byte_map_base: 0x00007f2c8d208000

Marking Bits (Prev, Next): (CMBitMap*) 0x00007f2c88061bf0, (CMBitMap*) 0x00007f2c88061bb8
 Prev Bits: [0x00007f2c68280000, 0x00007f2c6a140000)
 Next Bits: [0x00007f2c6a140000, 0x00007f2c6c000000)

Polling page: 0x00007f2c92138000

Metaspace:

Usage:
  Non-class:     18,05 MB capacity,    17,73 MB ( 98%) used,   305,70 KB (  2%) free+waste,    23,19 KB ( <1%) overhead. 
      Class:      2,59 MB capacity,     2,45 MB ( 95%) used,   129,93 KB (  5%) free+waste,    10,19 KB ( <1%) overhead. 
       Both:     20,64 MB capacity,    20,18 MB ( 98%) used,   435,63 KB (  2%) free+waste,    33,38 KB ( <1%) overhead. 

Virtual space:
  Non-class space:       20,00 MB reserved,      18,42 MB ( 92%) committed 
      Class space:        1,00 GB reserved,       2,62 MB ( <1%) committed 
             Both:        1,02 GB reserved,      21,05 MB (  2%) committed 

Chunk freelists:
   Non-Class:  32,25 KB
       Class:  768 bytes
        Both:  33,00 KB

CodeHeap 'non-profiled nmethods': size=120032Kb used=729Kb max_used=729Kb free=119302Kb
 bounds [0x00007f2c78703000, 0x00007f2c78973000, 0x00007f2c7fc3b000]
CodeHeap 'profiled nmethods': size=120028Kb used=3830Kb max_used=3830Kb free=116197Kb
 bounds [0x00007f2c711cc000, 0x00007f2c7158c000, 0x00007f2c78703000]
CodeHeap 'non-nmethods': size=5700Kb used=1070Kb max_used=1099Kb free=4630Kb
 bounds [0x00007f2c70c3b000, 0x00007f2c70eab000, 0x00007f2c711cc000]
 total_blobs=2636 nmethods=1760 adapters=300
 compilation: enabled
              stopped_count=0, restarted_count=0
 full_count=0

Compilation events (10 events):
Event: 55,770 Thread 0x00007f2c8817b000 1774       3       java.net.JarURLConnection::<init> (11 bytes)
Event: 55,771 Thread 0x00007f2c8817b000 nmethod 1774 0x00007f2c71587a10 code [0x00007f2c71587be0, 0x00007f2c71587db8]
Event: 55,771 Thread 0x00007f2c8817b000 1775       3       java.net.JarURLConnection::parseSpecs (134 bytes)
Event: 55,776 Thread 0x00007f2c8817b000 nmethod 1775 0x00007f2c71587e90 code [0x00007f2c715881e0, 0x00007f2c71589328]
Event: 55,776 Thread 0x00007f2c8817b000 1788   !   3       java.lang.Class::getResource (92 bytes)
Event: 55,776 Thread 0x00007f2c88179000 1791       4       java.nio.Buffer::<init> (99 bytes)
Event: 55,779 Thread 0x00007f2c88179000 nmethod 1791 0x00007f2c787b8e10 code [0x00007f2c787b8fa0, 0x00007f2c787b9098]
Event: 55,780 Thread 0x00007f2c88179000 1792       4       java.nio.ByteBuffer::position (6 bytes)
Event: 55,783 Thread 0x00007f2c88179000 nmethod 1792 0x00007f2c787b9190 code [0x00007f2c787b9320, 0x00007f2c787b93f8]
Event: 55,783 Thread 0x00007f2c88179000 1793       4       java.lang.StringLatin1::toUpperCase (180 bytes)

GC Heap History (10 events):
Event: 5,869 GC heap after
{Heap after GC invocations=1 (full 0):
 garbage-first heap   total 126976K, used 5144K [0x0000000085000000, 0x0000000100000000)
  region size 1024K, 3 young (3072K), 3 survivors (3072K)
 Metaspace       used 14026K, capacity 14437K, committed 14720K, reserved 1062912K
  class space    used 1513K, capacity 1620K, committed 1664K, reserved 1048576K
}
Event: 8,965 GC heap before
{Heap before GC invocations=1 (full 0):
 garbage-first heap   total 126976K, used 48152K [0x0000000085000000, 0x0000000100000000)
  region size 1024K, 46 young (47104K), 3 survivors (3072K)
 Metaspace       used 20530K, capacity 20926K, committed 21296K, reserved 1069056K
  class space    used 2504K, capacity 2648K, committed 2688K, reserved 1048576K
}
Event: 11,089 GC heap after
{Heap after GC invocations=2 (full 0):
 garbage-first heap   total 126976K, used 7025K [0x0000000085000000, 0x0000000100000000)
  region size 1024K, 5 young (5120K), 5 survivors (5120K)
 Metaspace       used 20530K, capacity 20926K, committed 21296K, reserved 1069056K
  class space    used 2504K, capacity 2648K, committed 2688K, reserved 1048576K
}
Event: 11,393 GC heap before
{Heap before GC invocations=2 (full 0):
 garbage-first heap   total 126976K, used 8049K [0x0000000085000000, 0x0000000100000000)
  region size 1024K, 6 young (6144K), 5 survivors (5120K)
 Metaspace       used 20583K, capacity 20992K, committed 21552K, reserved 1069056K
  class space    used 2508K, capacity 2648K, committed 2688K, reserved 1048576K
}
Event: 11,423 GC heap after
{Heap after GC invocations=3 (full 0):
 garbage-first heap   total 126976K, used 7503K [0x0000000085000000, 0x0000000100000000)
  region size 1024K, 1 young (1024K), 1 survivors (1024K)
 Metaspace       used 20583K, capacity 20992K, committed 21552K, reserved 1069056K
  class space    used 2508K, capacity 2648K, committed 2688K, reserved 1048576K
}
Event: 16,160 GC heap before
{Heap before GC invocations=4 (full 0):
 garbage-first heap   total 126976K, used 12623K [0x0000000085000000, 0x0000000100000000)
  region size 1024K, 6 young (6144K), 1 survivors (1024K)
 Metaspace       used 20622K, capacity 21004K, committed 21552K, reserved 1069056K
  class space    used 2509K, capacity 2650K, committed 2688K, reserved 1048576K
}
Event: 30,933 GC heap after
{Heap after GC invocations=5 (full 0):
 garbage-first heap   total 126976K, used 7037K [0x0000000085000000, 0x0000000100000000)
  region size 1024K, 1 young (1024K), 1 survivors (1024K)
 Metaspace       used 20622K, capacity 21004K, committed 21552K, reserved 1069056K
  class space    used 2509K, capacity 2650K, committed 2688K, reserved 1048576K
}
Event: 43,886 GC heap before
{Heap before GC invocations=5 (full 0):
 garbage-first heap   total 126976K, used 12157K [0x0000000085000000, 0x0000000100000000)
  region size 1024K, 6 young (6144K), 1 survivors (1024K)
 Metaspace       used 20638K, capacity 21068K, committed 21552K, reserved 1069056K
  class space    used 2509K, capacity 2650K, committed 2688K, reserved 1048576K
}
Event: 49,144 GC heap after
{Heap after GC invocations=6 (full 0):
 garbage-first heap   total 126976K, used 7111K [0x0000000085000000, 0x0000000100000000)
  region size 1024K, 1 young (1024K), 1 survivors (1024K)
 Metaspace       used 20638K, capacity 21068K, committed 21552K, reserved 1069056K
  class space    used 2509K, capacity 2650K, committed 2688K, reserved 1048576K
}
Event: 56,667 GC heap before
{Heap before GC invocations=6 (full 0):
 garbage-first heap   total 126976K, used 12231K [0x0000000085000000, 0x0000000100000000)
  region size 1024K, 6 young (6144K), 1 survivors (1024K)
 Metaspace       used 20662K, capacity 21132K, committed 21552K, reserved 1069056K
  class space    used 2509K, capacity 2650K, committed 2688K, reserved 1048576K
}

Deoptimization events (10 events):
Event: 6,693 Thread 0x00007f2c88011800 Uncommon trap: reason=class_check action=maybe_recompile pc=0x00007f2c7873fbb0 method=java.util.concurrent.ConcurrentHashMap.putVal(Ljava/lang/Object;Ljava/lang/Object;Z)Ljava/lang/Object; @ 242 c2
Event: 6,701 Thread 0x00007f2c88011800 Uncommon trap: reason=class_check action=maybe_recompile pc=0x00007f2c78764930 method=java.util.regex.Pattern$Start.match(Ljava/util/regex/Matcher;ILjava/lang/CharSequence;)Z @ 44 c2
Event: 6,759 Thread 0x00007f2c88011800 Uncommon trap: reason=profile_predicate action=maybe_recompile pc=0x00007f2c7876a310 method=java.lang.AbstractStringBuilder.appendChars(Ljava/lang/CharSequence;II)V @ 25 c2
Event: 6,759 Thread 0x00007f2c88011800 Uncommon trap: reason=profile_predicate action=maybe_recompile pc=0x00007f2c78762d34 method=java.lang.AbstractStringBuilder.appendChars(Ljava/lang/CharSequence;II)V @ 22 c2
Event: 6,759 Thread 0x00007f2c88011800 Uncommon trap: reason=profile_predicate action=maybe_recompile pc=0x00007f2c7876a310 method=java.lang.AbstractStringBuilder.appendChars(Ljava/lang/CharSequence;II)V @ 25 c2
Event: 6,761 Thread 0x00007f2c88011800 Uncommon trap: reason=profile_predicate action=maybe_recompile pc=0x00007f2c7876a310 method=java.lang.AbstractStringBuilder.appendChars(Ljava/lang/CharSequence;II)V @ 25 c2
Event: 6,761 Thread 0x00007f2c88011800 Uncommon trap: reason=profile_predicate action=maybe_recompile pc=0x00007f2c78762d34 method=java.lang.AbstractStringBuilder.appendChars(Ljava/lang/CharSequence;II)V @ 22 c2
Event: 6,911 Thread 0x00007f2c88011800 Uncommon trap: reason=unstable_if action=reinterpret pc=0x00007f2c7876b320 method=java.lang.CharacterDataLatin1.isWhitespace(I)Z @ 14 c2
Event: 11,111 Thread 0x00007f2c88011800 Uncommon trap: reason=bimorphic_or_optimized_type_check action=maybe_recompile pc=0x00007f2c787555a4 method=java.util.HashMap.putVal(ILjava/lang/Object;Ljava/lang/Object;ZZ)Ljava/lang/Object; @ 91 c2
Event: 16,154 Thread 0x00007f2c88011800 Uncommon trap: reason=unstable_if action=reinterpret pc=0x00007f2c787673b0 method=sun.nio.cs.UTF_8$Decoder.decodeArrayLoop(Ljava/nio/ByteBuffer;Ljava/nio/CharBuffer;)Ljava/nio/charset/CoderResult; @ 167 c2

Classes redefined (0 events):
No events

Internal exceptions (7 events):
Event: 0,973 Thread 0x00007f2c88011800 Exception <a 'java/lang/NoSuchMethodError'{0x000000008ca79ca0}: java.lang.invoke.DirectMethodHandle$Holder.invokeStaticInit(Ljava/lang/Object;Ljava/lang/Object;)I> (0x000000008ca79ca0) thrown at [/scratch/opt/mach5/mesos/work_dir/slaves/07fc96ef-bf4d-487f
Event: 1,552 Thread 0x00007f2c88011800 Exception <a 'java/lang/ClassNotFoundException'{0x000000008c9c1ed8}: javax/smartcardio/CardPermission> (0x000000008c9c1ed8) thrown at [/scratch/opt/mach5/mesos/work_dir/slaves/07fc96ef-bf4d-487f-b22f-a84e49f5f44a-S39654/frameworks/1735e8a2-a1db-478c-8104-
Event: 1,573 Thread 0x00007f2c88011800 Exception <a 'java/io/FileNotFoundException'{0x000000008c9cf6c8}> (0x000000008c9cf6c8) thrown at [/scratch/opt/mach5/mesos/work_dir/slaves/07fc96ef-bf4d-487f-b22f-a84e49f5f44a-S39654/frameworks/1735e8a2-a1db-478c-8104-60c8b0af87dd-0196/executors/a8fe52bf-
Event: 2,448 Thread 0x00007f2c88011800 Exception <a 'sun/nio/fs/UnixException'{0x000000008c20eeb8}> (0x000000008c20eeb8) thrown at [/scratch/opt/mach5/mesos/work_dir/slaves/07fc96ef-bf4d-487f-b22f-a84e49f5f44a-S39654/frameworks/1735e8a2-a1db-478c-8104-60c8b0af87dd-0196/executors/a8fe52bf-7e19-
Event: 2,468 Thread 0x00007f2c88011800 Exception <a 'sun/nio/fs/UnixException'{0x000000008c20fd20}> (0x000000008c20fd20) thrown at [/scratch/opt/mach5/mesos/work_dir/slaves/07fc96ef-bf4d-487f-b22f-a84e49f5f44a-S39654/frameworks/1735e8a2-a1db-478c-8104-60c8b0af87dd-0196/executors/a8fe52bf-7e19-
Event: 3,269 Thread 0x00007f2c88011800 Exception <a 'sun/nio/fs/UnixException'{0x000000008c258820}> (0x000000008c258820) thrown at [/scratch/opt/mach5/mesos/work_dir/slaves/07fc96ef-bf4d-487f-b22f-a84e49f5f44a-S39654/frameworks/1735e8a2-a1db-478c-8104-60c8b0af87dd-0196/executors/a8fe52bf-7e19-
Event: 6,153 Thread 0x00007f2c88011800 Exception <a 'java/lang/NoSuchMethodError'{0x000000008c744288}: java.lang.invoke.DirectMethodHandle$Holder.invokeSpecialIFC(Ljava/lang/Object;Ljava/lang/Object;I)I> (0x000000008c744288) thrown at [/scratch/opt/mach5/mesos/work_dir/slaves/07fc96ef-bf4d-487

Events (10 events):
Event: 41,675 Thread 0x00007f2c88011800 DEOPT PACKING pc=0x00007f2c7154f3bf sp=0x00007f2c921194f0
Event: 41,675 Thread 0x00007f2c88011800 DEOPT UNPACKING pc=0x00007f2c70c634ba sp=0x00007f2c92118a98 mode 0
Event: 41,682 Thread 0x00007f2c88011800 DEOPT PACKING pc=0x00007f2c7154f3bf sp=0x00007f2c921194f0
Event: 41,682 Thread 0x00007f2c88011800 DEOPT UNPACKING pc=0x00007f2c70c634ba sp=0x00007f2c92118a98 mode 0
Event: 41,688 Thread 0x00007f2c88011800 DEOPT PACKING pc=0x00007f2c7154f3bf sp=0x00007f2c921194f0
Event: 41,688 Thread 0x00007f2c88011800 DEOPT UNPACKING pc=0x00007f2c70c634ba sp=0x00007f2c92118a98 mode 0
Event: 41,690 Executing VM operation: G1CollectForAllocation
Event: 49,144 Executing VM operation: G1CollectForAllocation done
Event: 51,802 Thread 0x00007f2c38333000 Thread exited: 0x00007f2c38333000
Event: 55,800 Executing VM operation: G1CollectForAllocation


Dynamic libraries:
00400000-00401000 r-xp 00000000 08:06 4984281                            /usr/lib/jvm/java-11-oracle/bin/java
00600000-00601000 r--p 00000000 08:06 4984281                            /usr/lib/jvm/java-11-oracle/bin/java
00601000-00602000 rw-p 00001000 08:06 4984281                            /usr/lib/jvm/java-11-oracle/bin/java
01bb1000-01bd2000 rw-p 00000000 00:00 0                                  [heap]
85000000-8cc00000 rw-p 00000000 00:00 0 
9c400000-100000000 ---p 00000000 00:00 0 
100000000-1002a0000 rw-p 00000000 00:00 0 
1002a0000-140000000 ---p 00000000 00:00 0 
7f2c20000000-7f2c201a3000 rw-p 00000000 00:00 0 
7f2c201a3000-7f2c24000000 ---p 00000000 00:00 0 
7f2c24000000-7f2c24279000 rw-p 00000000 00:00 0 
7f2c24279000-7f2c28000000 ---p 00000000 00:00 0 
7f2c28000000-7f2c28021000 rw-p 00000000 00:00 0 
7f2c28021000-7f2c2c000000 ---p 00000000 00:00 0 
7f2c2c000000-7f2c2c021000 rw-p 00000000 00:00 0 
7f2c2c021000-7f2c30000000 ---p 00000000 00:00 0 
7f2c30000000-7f2c30021000 rw-p 00000000 00:00 0 
7f2c30021000-7f2c34000000 ---p 00000000 00:00 0 
7f2c34000000-7f2c34021000 rw-p 00000000 00:00 0 
7f2c34021000-7f2c38000000 ---p 00000000 00:00 0 
7f2c38000000-7f2c38694000 rw-p 00000000 00:00 0 
7f2c38694000-7f2c3c000000 ---p 00000000 00:00 0 
7f2c3c000000-7f2c3c021000 rw-p 00000000 00:00 0 
7f2c3c021000-7f2c40000000 ---p 00000000 00:00 0 
7f2c40000000-7f2c40021000 rw-p 00000000 00:00 0 
7f2c40021000-7f2c44000000 ---p 00000000 00:00 0 
7f2c44000000-7f2c449e4000 rw-p 00000000 00:00 0 
7f2c449e4000-7f2c48000000 ---p 00000000 00:00 0 
7f2c48000000-7f2c48021000 rw-p 00000000 00:00 0 
7f2c48021000-7f2c4c000000 ---p 00000000 00:00 0 
7f2c4c000000-7f2c4c021000 rw-p 00000000 00:00 0 
7f2c4c021000-7f2c50000000 ---p 00000000 00:00 0 
7f2c50000000-7f2c50021000 rw-p 00000000 00:00 0 
7f2c50021000-7f2c54000000 ---p 00000000 00:00 0 
7f2c54000000-7f2c54021000 rw-p 00000000 00:00 0 
7f2c54021000-7f2c58000000 ---p 00000000 00:00 0 
7f2c58000000-7f2c58021000 rw-p 00000000 00:00 0 
7f2c58021000-7f2c5c000000 ---p 00000000 00:00 0 
7f2c5c000000-7f2c5c021000 rw-p 00000000 00:00 0 
7f2c5c021000-7f2c60000000 ---p 00000000 00:00 0 
7f2c60751000-7f2c60ad2000 rw-p 00000000 00:00 0 
7f2c60ad2000-7f2c60ad6000 ---p 00000000 00:00 0 
7f2c60ad6000-7f2c60c3f000 rw-p 00000000 00:00 0 
7f2c60c3f000-7f2c60dd3000 ---p 00000000 00:00 0 
7f2c60dd3000-7f2c60fd3000 rw-p 00000000 00:00 0 
7f2c60fd3000-7f2c611d3000 rw-p 00000000 00:00 0 
7f2c611d3000-7f2c611d7000 ---p 00000000 00:00 0 
7f2c611d7000-7f2c612d4000 rw-p 00000000 00:00 0 
7f2c612d4000-7f2c612d5000 ---p 00000000 00:00 0 
7f2c612d5000-7f2c615d5000 rw-p 00000000 00:00 0 
7f2c615d5000-7f2c617d5000 rw-p 00000000 00:00 0 
7f2c617d5000-7f2c619d5000 rw-p 00000000 00:00 0 
7f2c619d5000-7f2c619eb000 r-xp 00000000 08:06 4984371                    /usr/lib/jvm/java-11-oracle/lib/libnet.so
7f2c619eb000-7f2c61beb000 ---p 00016000 08:06 4984371                    /usr/lib/jvm/java-11-oracle/lib/libnet.so
7f2c61beb000-7f2c61bec000 r--p 00016000 08:06 4984371                    /usr/lib/jvm/java-11-oracle/lib/libnet.so
7f2c61bec000-7f2c61bed000 rw-p 00017000 08:06 4984371                    /usr/lib/jvm/java-11-oracle/lib/libnet.so
7f2c61bed000-7f2c61bfd000 r-xp 00000000 08:06 4984372                    /usr/lib/jvm/java-11-oracle/lib/libnio.so
7f2c61bfd000-7f2c61dfc000 ---p 00010000 08:06 4984372                    /usr/lib/jvm/java-11-oracle/lib/libnio.so
7f2c61dfc000-7f2c61dfd000 r--p 0000f000 08:06 4984372                    /usr/lib/jvm/java-11-oracle/lib/libnio.so
7f2c61dfd000-7f2c61dfe000 rw-p 00010000 08:06 4984372                    /usr/lib/jvm/java-11-oracle/lib/libnio.so
7f2c61dfe000-7f2c61e02000 ---p 00000000 00:00 0 
7f2c61e02000-7f2c61eff000 rw-p 00000000 00:00 0 
7f2c61eff000-7f2c61f00000 ---p 00000000 00:00 0 
7f2c61f00000-7f2c64000000 rw-p 00000000 00:00 0 
7f2c64000000-7f2c64021000 rw-p 00000000 00:00 0 
7f2c64021000-7f2c68000000 ---p 00000000 00:00 0 
7f2c6807e000-7f2c68082000 ---p 00000000 00:00 0 
7f2c68082000-7f2c6817f000 rw-p 00000000 00:00 0 
7f2c6817f000-7f2c68183000 ---p 00000000 00:00 0 
7f2c68183000-7f2c68470000 rw-p 00000000 00:00 0 
7f2c68470000-7f2c6a140000 ---p 00000000 00:00 0 
7f2c6a140000-7f2c6a330000 rw-p 00000000 00:00 0 
7f2c6a330000-7f2c6c000000 ---p 00000000 00:00 0 
7f2c6c000000-7f2c6c021000 rw-p 00000000 00:00 0 
7f2c6c021000-7f2c70000000 ---p 00000000 00:00 0 
7f2c70036000-7f2c7005c000 r--p 00000000 08:06 6293024                    /usr/share/locale-langpack/fr/LC_MESSAGES/libc.mo
7f2c7005c000-7f2c70060000 ---p 00000000 00:00 0 
7f2c70060000-7f2c7015d000 rw-p 00000000 00:00 0 
7f2c7015d000-7f2c7043b000 r--p 00000000 08:06 4332078                    /usr/lib/locale/locale-archive
7f2c7043b000-7f2c70c3b000 rw-p 00000000 00:00 0 
7f2c70c3b000-7f2c70eab000 rwxp 00000000 00:00 0 
7f2c70eab000-7f2c711cc000 ---p 00000000 00:00 0 
7f2c711cc000-7f2c7158c000 rwxp 00000000 00:00 0 
7f2c7158c000-7f2c78703000 ---p 00000000 00:00 0 
7f2c78703000-7f2c78973000 rwxp 00000000 00:00 0 
7f2c78973000-7f2c7fc3b000 ---p 00000000 00:00 0 
7f2c7fc3b000-7f2c88000000 r--s 00000000 08:06 4984382                    /usr/lib/jvm/java-11-oracle/lib/modules
7f2c88000000-7f2c8881e000 rw-p 00000000 00:00 0 
7f2c8881e000-7f2c8c000000 ---p 00000000 00:00 0 
7f2c8c012000-7f2c8c043000 rw-p 00000000 00:00 0 
7f2c8c043000-7f2c8c047000 ---p 00000000 00:00 0 
7f2c8c047000-7f2c8c144000 rw-p 00000000 00:00 0 
7f2c8c144000-7f2c8c148000 ---p 00000000 00:00 0 
7f2c8c148000-7f2c8c245000 rw-p 00000000 00:00 0 
7f2c8c245000-7f2c8c249000 ---p 00000000 00:00 0 
7f2c8c249000-7f2c8c346000 rw-p 00000000 00:00 0 
7f2c8c346000-7f2c8c34a000 ---p 00000000 00:00 0 
7f2c8c34a000-7f2c8c447000 rw-p 00000000 00:00 0 
7f2c8c447000-7f2c8c448000 ---p 00000000 00:00 0 
7f2c8c448000-7f2c8c64c000 rw-p 00000000 00:00 0 
7f2c8c64c000-7f2c8c64d000 ---p 00000000 00:00 0 
7f2c8c64d000-7f2c8c74d000 rw-p 00000000 00:00 0 
7f2c8c74d000-7f2c8c74e000 ---p 00000000 00:00 0 
7f2c8c74e000-7f2c8d056000 rw-p 00000000 00:00 0 
7f2c8d056000-7f2c8d057000 ---p 00000000 00:00 0 
7f2c8d057000-7f2c8d157000 rw-p 00000000 00:00 0 
7f2c8d157000-7f2c8d158000 ---p 00000000 00:00 0 
7f2c8d158000-7f2c8d296000 rw-p 00000000 00:00 0 
7f2c8d296000-7f2c8d630000 ---p 00000000 00:00 0 
7f2c8d630000-7f2c8d66e000 rw-p 00000000 00:00 0 
7f2c8d66e000-7f2c8da08000 ---p 00000000 00:00 0 
7f2c8da08000-7f2c8da46000 rw-p 00000000 00:00 0 
7f2c8da46000-7f2c8dde0000 ---p 00000000 00:00 0 
7f2c8dde0000-7f2c8e5e8000 rw-p 00000000 00:00 0 
7f2c8e5e8000-7f2c8e5e9000 ---p 00000000 00:00 0 
7f2c8e5e9000-7f2c8e6ee000 rw-p 00000000 00:00 0 
7f2c8e6ee000-7f2c8e7d4000 ---p 00000000 00:00 0 
7f2c8e7d4000-7f2c8e7dc000 rw-p 00000000 00:00 0 
7f2c8e7dc000-7f2c8e8bf000 ---p 00000000 00:00 0 
7f2c8e8bf000-7f2c8e8da000 r-xp 00000000 08:06 4984363                    /usr/lib/jvm/java-11-oracle/lib/libjimage.so
7f2c8e8da000-7f2c8ead9000 ---p 0001b000 08:06 4984363                    /usr/lib/jvm/java-11-oracle/lib/libjimage.so
7f2c8ead9000-7f2c8eadb000 r--p 0001a000 08:06 4984363                    /usr/lib/jvm/java-11-oracle/lib/libjimage.so
7f2c8eadb000-7f2c8eadc000 rw-p 0001c000 08:06 4984363                    /usr/lib/jvm/java-11-oracle/lib/libjimage.so
7f2c8eadc000-7f2c8eae3000 r-xp 00000000 08:06 4984381                    /usr/lib/jvm/java-11-oracle/lib/libzip.so
7f2c8eae3000-7f2c8ece2000 ---p 00007000 08:06 4984381                    /usr/lib/jvm/java-11-oracle/lib/libzip.so
7f2c8ece2000-7f2c8ece3000 r--p 00006000 08:06 4984381                    /usr/lib/jvm/java-11-oracle/lib/libzip.so
7f2c8ece3000-7f2c8ece4000 rw-p 00007000 08:06 4984381                    /usr/lib/jvm/java-11-oracle/lib/libzip.so
7f2c8ece4000-7f2c8ecef000 r-xp 00000000 08:06 30015582                   /lib/x86_64-linux-gnu/libnss_files-2.23.so
7f2c8ecef000-7f2c8eeee000 ---p 0000b000 08:06 30015582                   /lib/x86_64-linux-gnu/libnss_files-2.23.so
7f2c8eeee000-7f2c8eeef000 r--p 0000a000 08:06 30015582                   /lib/x86_64-linux-gnu/libnss_files-2.23.so
7f2c8eeef000-7f2c8eef0000 rw-p 0000b000 08:06 30015582                   /lib/x86_64-linux-gnu/libnss_files-2.23.so
7f2c8eef0000-7f2c8eef6000 rw-p 00000000 00:00 0 
7f2c8eef6000-7f2c8ef01000 r-xp 00000000 08:06 30015575                   /lib/x86_64-linux-gnu/libnss_nis-2.23.so
7f2c8ef01000-7f2c8f100000 ---p 0000b000 08:06 30015575                   /lib/x86_64-linux-gnu/libnss_nis-2.23.so
7f2c8f100000-7f2c8f101000 r--p 0000a000 08:06 30015575                   /lib/x86_64-linux-gnu/libnss_nis-2.23.so
7f2c8f101000-7f2c8f102000 rw-p 0000b000 08:06 30015575                   /lib/x86_64-linux-gnu/libnss_nis-2.23.so
7f2c8f102000-7f2c8f118000 r-xp 00000000 08:06 30015580                   /lib/x86_64-linux-gnu/libnsl-2.23.so
7f2c8f118000-7f2c8f317000 ---p 00016000 08:06 30015580                   /lib/x86_64-linux-gnu/libnsl-2.23.so
7f2c8f317000-7f2c8f318000 r--p 00015000 08:06 30015580                   /lib/x86_64-linux-gnu/libnsl-2.23.so
7f2c8f318000-7f2c8f319000 rw-p 00016000 08:06 30015580                   /lib/x86_64-linux-gnu/libnsl-2.23.so
7f2c8f319000-7f2c8f31b000 rw-p 00000000 00:00 0 
7f2c8f31b000-7f2c8f323000 r-xp 00000000 08:06 30020063                   /lib/x86_64-linux-gnu/libnss_compat-2.23.so
7f2c8f323000-7f2c8f522000 ---p 00008000 08:06 30020063                   /lib/x86_64-linux-gnu/libnss_compat-2.23.so
7f2c8f522000-7f2c8f523000 r--p 00007000 08:06 30020063                   /lib/x86_64-linux-gnu/libnss_compat-2.23.so
7f2c8f523000-7f2c8f524000 rw-p 00008000 08:06 30020063                   /lib/x86_64-linux-gnu/libnss_compat-2.23.so
7f2c8f524000-7f2c8f54d000 r-xp 00000000 08:06 4984359                    /usr/lib/jvm/java-11-oracle/lib/libjava.so
7f2c8f54d000-7f2c8f74d000 ---p 00029000 08:06 4984359                    /usr/lib/jvm/java-11-oracle/lib/libjava.so
7f2c8f74d000-7f2c8f74e000 r--p 00029000 08:06 4984359                    /usr/lib/jvm/java-11-oracle/lib/libjava.so
7f2c8f74e000-7f2c8f750000 rw-p 0002a000 08:06 4984359                    /usr/lib/jvm/java-11-oracle/lib/libjava.so
7f2c8f750000-7f2c8f75d000 r-xp 00000000 08:06 4984380                    /usr/lib/jvm/java-11-oracle/lib/libverify.so
7f2c8f75d000-7f2c8f95c000 ---p 0000d000 08:06 4984380                    /usr/lib/jvm/java-11-oracle/lib/libverify.so
7f2c8f95c000-7f2c8f95e000 r--p 0000c000 08:06 4984380                    /usr/lib/jvm/java-11-oracle/lib/libverify.so
7f2c8f95e000-7f2c8f95f000 rw-p 0000e000 08:06 4984380                    /usr/lib/jvm/java-11-oracle/lib/libverify.so
7f2c8f95f000-7f2c8f966000 r-xp 00000000 08:06 30015505                   /lib/x86_64-linux-gnu/librt-2.23.so
7f2c8f966000-7f2c8fb65000 ---p 00007000 08:06 30015505                   /lib/x86_64-linux-gnu/librt-2.23.so
7f2c8fb65000-7f2c8fb66000 r--p 00006000 08:06 30015505                   /lib/x86_64-linux-gnu/librt-2.23.so
7f2c8fb66000-7f2c8fb67000 rw-p 00007000 08:06 30015505                   /lib/x86_64-linux-gnu/librt-2.23.so
7f2c8fb67000-7f2c8fc6f000 r-xp 00000000 08:06 30020183                   /lib/x86_64-linux-gnu/libm-2.23.so
7f2c8fc6f000-7f2c8fe6e000 ---p 00108000 08:06 30020183                   /lib/x86_64-linux-gnu/libm-2.23.so
7f2c8fe6e000-7f2c8fe6f000 r--p 00107000 08:06 30020183                   /lib/x86_64-linux-gnu/libm-2.23.so
7f2c8fe6f000-7f2c8fe70000 rw-p 00108000 08:06 30020183                   /lib/x86_64-linux-gnu/libm-2.23.so
7f2c8fe70000-7f2c90fb0000 r-xp 00000000 08:06 5512566                    /usr/lib/jvm/java-11-oracle/lib/server/libjvm.so
7f2c90fb0000-7f2c911b0000 ---p 01140000 08:06 5512566                    /usr/lib/jvm/java-11-oracle/lib/server/libjvm.so
7f2c911b0000-7f2c9126f000 r--p 01140000 08:06 5512566                    /usr/lib/jvm/java-11-oracle/lib/server/libjvm.so
7f2c9126f000-7f2c912a8000 rw-p 011ff000 08:06 5512566                    /usr/lib/jvm/java-11-oracle/lib/server/libjvm.so
7f2c912a8000-7f2c912ff000 rw-p 00000000 00:00 0 
7f2c912ff000-7f2c914bf000 r-xp 00000000 08:06 30015585                   /lib/x86_64-linux-gnu/libc-2.23.so
7f2c914bf000-7f2c916bf000 ---p 001c0000 08:06 30015585                   /lib/x86_64-linux-gnu/libc-2.23.so
7f2c916bf000-7f2c916c3000 r--p 001c0000 08:06 30015585                   /lib/x86_64-linux-gnu/libc-2.23.so
7f2c916c3000-7f2c916c5000 rw-p 001c4000 08:06 30015585                   /lib/x86_64-linux-gnu/libc-2.23.so
7f2c916c5000-7f2c916c9000 rw-p 00000000 00:00 0 
7f2c916c9000-7f2c916cc000 r-xp 00000000 08:06 30015570                   /lib/x86_64-linux-gnu/libdl-2.23.so
7f2c916cc000-7f2c918cb000 ---p 00003000 08:06 30015570                   /lib/x86_64-linux-gnu/libdl-2.23.so
7f2c918cb000-7f2c918cc000 r--p 00002000 08:06 30015570                   /lib/x86_64-linux-gnu/libdl-2.23.so
7f2c918cc000-7f2c918cd000 rw-p 00003000 08:06 30015570                   /lib/x86_64-linux-gnu/libdl-2.23.so
7f2c918cd000-7f2c918dd000 r-xp 00000000 08:06 5245244                    /usr/lib/jvm/java-11-oracle/lib/jli/libjli.so
7f2c918dd000-7f2c91adc000 ---p 00010000 08:06 5245244                    /usr/lib/jvm/java-11-oracle/lib/jli/libjli.so
7f2c91adc000-7f2c91add000 r--p 0000f000 08:06 5245244                    /usr/lib/jvm/java-11-oracle/lib/jli/libjli.so
7f2c91add000-7f2c91ade000 rw-p 00010000 08:06 5245244                    /usr/lib/jvm/java-11-oracle/lib/jli/libjli.so
7f2c91ade000-7f2c91af6000 r-xp 00000000 08:06 30015572                   /lib/x86_64-linux-gnu/libpthread-2.23.so
7f2c91af6000-7f2c91cf5000 ---p 00018000 08:06 30015572                   /lib/x86_64-linux-gnu/libpthread-2.23.so
7f2c91cf5000-7f2c91cf6000 r--p 00017000 08:06 30015572                   /lib/x86_64-linux-gnu/libpthread-2.23.so
7f2c91cf6000-7f2c91cf7000 rw-p 00018000 08:06 30015572                   /lib/x86_64-linux-gnu/libpthread-2.23.so
7f2c91cf7000-7f2c91cfb000 rw-p 00000000 00:00 0 
7f2c91cfb000-7f2c91d14000 r-xp 00000000 08:06 30020356                   /lib/x86_64-linux-gnu/libz.so.1.2.8
7f2c91d14000-7f2c91f13000 ---p 00019000 08:06 30020356                   /lib/x86_64-linux-gnu/libz.so.1.2.8
7f2c91f13000-7f2c91f14000 r--p 00018000 08:06 30020356                   /lib/x86_64-linux-gnu/libz.so.1.2.8
7f2c91f14000-7f2c91f15000 rw-p 00019000 08:06 30020356                   /lib/x86_64-linux-gnu/libz.so.1.2.8
7f2c91f15000-7f2c91f3b000 r-xp 00000000 08:06 30015571                   /lib/x86_64-linux-gnu/ld-2.23.so
7f2c91f54000-7f2c91f5b000 r--s 00000000 08:06 4592036                    /usr/lib/x86_64-linux-gnu/gconv/gconv-modules.cache
7f2c91f5b000-7f2c9201c000 rw-p 00000000 00:00 0 
7f2c9201c000-7f2c92020000 ---p 00000000 00:00 0 
7f2c92020000-7f2c92122000 rw-p 00000000 00:00 0 
7f2c92124000-7f2c92129000 rw-p 00000000 00:00 0 
7f2c92129000-7f2c92130000 ---p 00000000 00:00 0 
7f2c92130000-7f2c92138000 rw-s 00000000 08:06 10882263                   /tmp/hsperfdata_lokhondiaye/12592
7f2c92138000-7f2c92139000 ---p 00000000 00:00 0 
7f2c92139000-7f2c9213a000 r--p 00000000 00:00 0 
7f2c9213a000-7f2c9213b000 r--p 00025000 08:06 30015571                   /lib/x86_64-linux-gnu/ld-2.23.so
7f2c9213b000-7f2c9213c000 rw-p 00026000 08:06 30015571                   /lib/x86_64-linux-gnu/ld-2.23.so
7f2c9213c000-7f2c9213d000 rw-p 00000000 00:00 0 
7ffc0a55e000-7ffc0a57f000 rw-p 00000000 00:00 0                          [stack]
7ffc0a5a1000-7ffc0a5a4000 r--p 00000000 00:00 0                          [vvar]
7ffc0a5a4000-7ffc0a5a6000 r-xp 00000000 00:00 0                          [vdso]
ffffffffff600000-ffffffffff601000 r-xp 00000000 00:00 0                  [vsyscall]


VM Arguments:
jvm_args: -Djava.awt.headless=true -Dsonarlint.home=/home/lokhondiaye/.vscode/extensions/silverbulleters.sonarqube-inject-2.1.0/tools/sonarlint-cli -Dproject.home=/var/www/html/SYMFONY/API/transfertArgent -Dorg.freemarker.loggerLibrary=none 
java_command: org.sonarlint.cli.Main --reportType console --src src/Controller/UserController.php --charset UTF-8
java_class_path (initial): /home/lokhondiaye/.vscode/extensions/silverbulleters.sonarqube-inject-2.1.0/tools/sonarlint-cli/lib/sonarlint-cli-2.1-SNAPSHOT.jar
Launcher Type: SUN_STANDARD

[Global flags]
     intx CICompilerCount                          = 4                                         {product} {ergonomic}
     uint ConcGCThreads                            = 2                                         {product} {ergonomic}
     uint G1ConcRefinementThreads                  = 8                                         {product} {ergonomic}
   size_t G1HeapRegionSize                         = 1048576                                   {product} {ergonomic}
    uintx GCDrainStackTargetSize                   = 64                                        {product} {ergonomic}
   size_t InitialHeapSize                          = 130023424                                 {product} {ergonomic}
   size_t MarkStackSize                            = 4194304                                   {product} {ergonomic}
   size_t MaxHeapSize                              = 2063597568                                {product} {ergonomic}
   size_t MaxNewSize                               = 1237319680                                {product} {ergonomic}
   size_t MinHeapDeltaBytes                        = 1048576                                   {product} {ergonomic}
    uintx NonNMethodCodeHeapSize                   = 5835340                                {pd product} {ergonomic}
    uintx NonProfiledCodeHeapSize                  = 122911450                              {pd product} {ergonomic}
    uintx ProfiledCodeHeapSize                     = 122911450                              {pd product} {ergonomic}
    uintx ReservedCodeCacheSize                    = 251658240                              {pd product} {ergonomic}
     bool SegmentedCodeCache                       = true                                      {product} {ergonomic}
     bool UseCompressedClassPointers               = true                                 {lp64_product} {ergonomic}
     bool UseCompressedOops                        = true                                 {lp64_product} {ergonomic}
     bool UseG1GC                                  = true                                      {product} {ergonomic}

Logging:
Log output configuration:
 #0: stdout all=warning uptime,level,tags
 #1: stderr all=off uptime,level,tags

Environment Variables:
JAVA_HOME=/usr/lib/jvm/java-11-oracle
PATH=/home/lokhondiaye/bin:/home/lokhondiaye/.local/bin:/home/lokhondiaye/bin:/home/lokhondiaye/.local/bin:/usr/local/sbin:/usr/local/bin:/usr/sbin:/usr/bin:/sbin:/bin:/usr/games:/usr/local/games:/snap/bin:/usr/lib/jvm/java-11-oracle/bin:/usr/lib/jvm/java-11-oracle/db/bin:/usr/lib/jvm/java-11-oracle/bin:/usr/lib/jvm/java-11-oracle/db/bin
SHELL=/bin/bash
DISPLAY=:0

Signal Handlers:
SIGSEGV: [libjvm.so+0xe2b7d0], sa_mask[0]=11111111011111111101111111111110, sa_flags=SA_RESTART|SA_SIGINFO
SIGBUS: [libjvm.so+0xe2b7d0], sa_mask[0]=11111111011111111101111111111110, sa_flags=SA_RESTART|SA_SIGINFO
SIGFPE: [libjvm.so+0xe2b7d0], sa_mask[0]=11111111011111111101111111111110, sa_flags=SA_RESTART|SA_SIGINFO
SIGPIPE: [libjvm.so+0xbffe60], sa_mask[0]=11111111011111111101111111111110, sa_flags=SA_RESTART|SA_SIGINFO
SIGXFSZ: [libjvm.so+0xbffe60], sa_mask[0]=11111111011111111101111111111110, sa_flags=SA_RESTART|SA_SIGINFO
SIGILL: [libjvm.so+0xe2b7d0], sa_mask[0]=11111111011111111101111111111110, sa_flags=SA_RESTART|SA_SIGINFO
SIGUSR2: [libjvm.so+0xbffd00], sa_mask[0]=00000000000000000000000000000000, sa_flags=SA_RESTART|SA_SIGINFO
SIGHUP: [libjvm.so+0xc00060], sa_mask[0]=11111111011111111101111111111110, sa_flags=SA_RESTART|SA_SIGINFO
SIGINT: [libjvm.so+0xc00060], sa_mask[0]=11111111011111111101111111111110, sa_flags=SA_RESTART|SA_SIGINFO
SIGTERM: [libjvm.so+0xc00060], sa_mask[0]=11111111011111111101111111111110, sa_flags=SA_RESTART|SA_SIGINFO
SIGQUIT: [libjvm.so+0xc00060], sa_mask[0]=11111111011111111101111111111110, sa_flags=SA_RESTART|SA_SIGINFO


---------------  S Y S T E M  ---------------

OS:DISTRIB_ID=Ubuntu
DISTRIB_RELEASE=16.04
DISTRIB_CODENAME=xenial
DISTRIB_DESCRIPTION="Ubuntu 16.04.6 LTS"
uname:Linux 4.15.0-54-generic #58~16.04.1-Ubuntu SMP Mon Jun 24 13:21:41 UTC 2019 x86_64
libc:glibc 2.23 NPTL 2.23 
rlimit: STACK 8192k, CORE 0k, NPROC 30891, NOFILE 1048576, AS infinity, DATA infinity, FSIZE infinity
load average:40,75 15,31 6,02

/proc/meminfo:
MemTotal:        8058736 kB
MemFree:          122548 kB
MemAvailable:      51136 kB
Buffers:            5488 kB
Cached:           416916 kB
SwapCached:         7172 kB
Active:          6164960 kB
Inactive:        1356036 kB
Active(anon):    6144304 kB
Inactive(anon):  1317808 kB
Active(file):      20656 kB
Inactive(file):    38228 kB
Unevictable:          48 kB
Mlocked:              48 kB
SwapTotal:       1000444 kB
SwapFree:             20 kB
Dirty:                84 kB
Writeback:           104 kB
AnonPages:       7092420 kB
Mapped:           270828 kB
Shmem:            362928 kB
Slab:             210932 kB
SReclaimable:      71112 kB
SUnreclaim:       139820 kB
KernelStack:       26128 kB
PageTables:        82632 kB
NFS_Unstable:          0 kB
Bounce:                0 kB
WritebackTmp:          0 kB
CommitLimit:     5029812 kB
Committed_AS:   17715800 kB
VmallocTotal:   34359738367 kB
VmallocUsed:           0 kB
VmallocChunk:          0 kB
HardwareCorrupted:     0 kB
AnonHugePages:         0 kB
ShmemHugePages:        0 kB
ShmemPmdMapped:        0 kB
CmaTotal:              0 kB
CmaFree:               0 kB
HugePages_Total:       0
HugePages_Free:        0
HugePages_Rsvd:        0
HugePages_Surp:        0
Hugepagesize:       2048 kB
DirectMap4k:      292448 kB
DirectMap2M:     6940672 kB
DirectMap1G:     1048576 kB


/proc/sys/kernel/threads-max (system-wide limit on the number of threads):
61783


/proc/sys/vm/max_map_count (maximum number of memory map areas a process may have):
65530


/proc/sys/kernel/pid_max (system-wide limit on number of process identifiers):
32768



container (cgroup) information:
container_type: cgroupv1
cpu_cpuset_cpus: 0-7
cpu_memory_nodes: 0
active_processor_count: 8
cpu_quota: -1
cpu_period: 100000
cpu_shares: -1
memory_limit_in_bytes: -1
memory_and_swap_limit_in_bytes: -2
memory_soft_limit_in_bytes: -1
memory_usage_in_bytes: 5889007616
memory_max_usage_in_bytes: 5897285632


CPU:total 8 (initial active 8) (4 cores per cpu, 2 threads per core) family 6 model 142 stepping 10, cmov, cx8, fxsr, mmx, sse, sse2, sse3, ssse3, sse4.1, sse4.2, popcnt, avx, avx2, aes, clmul, erms, 3dnowpref, lzcnt, ht, tsc, tscinvbit, bmi1, bmi2, adx, fma
CPU Model and flags from /proc/cpuinfo:
model name	: Intel(R) Core(TM) i7-8550U CPU @ 1.80GHz
flags		: fpu vme de pse tsc msr pae mce cx8 apic sep mtrr pge mca cmov pat pse36 clflush dts acpi mmx fxsr sse sse2 ss ht tm pbe syscall nx pdpe1gb rdtscp lm constant_tsc art arch_perfmon pebs bts rep_good nopl xtopology nonstop_tsc cpuid aperfmperf tsc_known_freq pni pclmulqdq dtes64 monitor ds_cpl vmx est tm2 ssse3 sdbg fma cx16 xtpr pdcm pcid sse4_1 sse4_2 x2apic movbe popcnt tsc_deadline_timer aes xsave avx f16c rdrand lahf_lm abm 3dnowprefetch cpuid_fault epb invpcid_single pti ssbd ibrs ibpb stibp tpr_shadow vnmi flexpriority ept vpid fsgsbase tsc_adjust bmi1 avx2 smep bmi2 erms invpcid mpx rdseed adx smap clflushopt intel_pt xsaveopt xsavec xgetbv1 xsaves dtherm ida arat pln pts hwp hwp_notify hwp_act_window hwp_epp md_clear flush_l1d

Memory: 4k page, physical 8058736k(140228k free), swap 1000444k(0k free)

vm_info: Java HotSpot(TM) 64-Bit Server VM (11.0.3+12-LTS) for linux-amd64 JRE (11.0.3+12-LTS), built on Apr  2 2019 04:32:42 by "mach5one" with gcc 7.3.0

END.
