#
# There is insufficient memory for the Java Runtime Environment to continue.
# Native memory allocation (mmap) failed to map 260046848 bytes for committing reserved memory.
# Possible reasons:
#   The system is out of physical RAM or swap space
#   The process is running with CompressedOops enabled, and the Java Heap may be blocking the growth of the native heap
# Possible solutions:
#   Reduce memory load on the system
#   Increase physical memory or swap space
#   Check if swap backing store is full
#   Decrease Java heap size (-Xmx/-Xms)
#   Decrease number of Java threads
#   Decrease Java thread stack sizes (-Xss)
#   Set larger code cache with -XX:ReservedCodeCacheSize=
#   JVM is running with Unscaled Compressed Oops mode in which the Java heap is
#     placed in the first 4GB address space. The Java Heap base address is the
#     maximum limit for the native heap growth. Please use -XX:HeapBaseMinAddress
#     to set the Java Heap base and to place the Java Heap above 4GB virtual address.
# This output file may be truncated or incomplete.
#
#  Out of Memory Error (os_linux.cpp:2720), pid=12672, tid=12684
#
# JRE version: Java(TM) SE Runtime Environment (11.0.3+12) (build 11.0.3+12-LTS)
# Java VM: Java HotSpot(TM) 64-Bit Server VM (11.0.3+12-LTS, mixed mode, tiered, compressed oops, g1 gc, linux-amd64)
# Core dump will be written. Default location: Core dumps may be processed with "/usr/share/apport/apport %p %s %c %d %P" (or dumping to /var/www/html/SYMFONY/API/transfertArgent/core.12672)
#

---------------  S U M M A R Y ------------

Command Line: -Djava.awt.headless=true -Dsonarlint.home=/home/lokhondiaye/.vscode/extensions/silverbulleters.sonarqube-inject-2.1.0/tools/sonarlint-cli -Dproject.home=/var/www/html/SYMFONY/API/transfertArgent -Dorg.freemarker.loggerLibrary=none org.sonarlint.cli.Main --reportType console --src src/Controller/UserController.php --charset UTF-8

Host: Intel(R) Core(TM) i7-8550U CPU @ 1.80GHz, 8 cores, 7G, Ubuntu 16.04.6 LTS
Time: Wed Jul 24 16:41:46 2019 GMT elapsed time: 77 seconds (0d 0h 1m 17s)

---------------  T H R E A D  ---------------

Current thread (0x00007f514c157000):  VMThread "VM Thread" [stack: 0x00007f512826c000,0x00007f512836c000] [id=12684]

Stack: [0x00007f512826c000,0x00007f512836c000],  sp=0x00007f5128369f80,  free space=1015k
Native frames: (J=compiled Java code, A=aot compiled Java code, j=interpreted, Vv=VM code, C=native code)
V  [libjvm.so+0xe29d97]  VMError::report_and_die(int, char const*, char const*, __va_list_tag*, Thread*, unsigned char*, void*, void*, char const*, int, unsigned long)+0x317
V  [libjvm.so+0xe2a9fb]  VMError::report_and_die(Thread*, char const*, int, unsigned long, VMErrorType, char const*, __va_list_tag*)+0x2b
V  [libjvm.so+0x69a845]  report_vm_out_of_memory(char const*, int, unsigned long, VMErrorType, char const*, ...)+0xd5
V  [libjvm.so+0xc04148]  os::pd_commit_memory_or_exit(char*, unsigned long, unsigned long, bool, char const*)+0x108
V  [libjvm.so+0xbfb6ad]  os::commit_memory_or_exit(char*, unsigned long, unsigned long, bool, char const*)+0x1d
V  [libjvm.so+0x7b3aec]  G1PageBasedVirtualSpace::commit_preferred_pages(unsigned long, unsigned long)+0x6c
V  [libjvm.so+0x7b3d8e]  G1PageBasedVirtualSpace::commit(unsigned long, unsigned long)+0x5e
V  [libjvm.so+0x7bfb60]  G1RegionsLargerThanCommitSizeMapper::commit_regions(unsigned int, unsigned long, WorkGang*)+0x40
V  [libjvm.so+0x83b5a9]  HeapRegionManager::commit_regions(unsigned int, unsigned long, WorkGang*)+0x89
V  [libjvm.so+0x83c1ff]  HeapRegionManager::make_regions_available(unsigned int, unsigned int, WorkGang*)+0x3f
V  [libjvm.so+0x83c689]  HeapRegionManager::expand_at(unsigned int, unsigned int, WorkGang*) [clone .part.44]+0x119
V  [libjvm.so+0x77827f]  G1CollectedHeap::expand(unsigned long, WorkGang*, double*)+0xdf
V  [libjvm.so+0x77d04a]  G1CollectedHeap::do_collection_pause_at_safepoint(double)+0xa9a
V  [libjvm.so+0xe359a1]  VM_G1CollectForAllocation::doit()+0x81
V  [libjvm.so+0xe34537]  VM_Operation::evaluate()+0xe7
V  [libjvm.so+0xe31d1f]  VMThread::evaluate_operation(VM_Operation*) [clone .constprop.54]+0xff
V  [libjvm.so+0xe32256]  VMThread::loop()+0x3e6
V  [libjvm.so+0xe3269b]  VMThread::run()+0x7b
V  [libjvm.so+0xc0a000]  thread_native_entry(Thread*)+0xf0

VM_Operation (0x00007f51538e29d0): G1CollectForAllocation, mode: safepoint, requested by thread 0x00007f514c011800


---------------  P R O C E S S  ---------------

Threads class SMR info:
_java_thread_list=0x00007f50e40868c0, length=9, elements={
0x00007f514c011800, 0x00007f514c15f000, 0x00007f514c163800, 0x00007f514c176800,
0x00007f514c179000, 0x00007f514c17b000, 0x00007f514c17d000, 0x00007f514c1fa800,
0x00007f514c20b000
}

Java Threads: ( => current thread )
  0x00007f514c011800 JavaThread "main" [_thread_blocked, id=12677, stack(0x00007f51537e7000,0x00007f51538e8000)]
  0x00007f514c15f000 JavaThread "Reference Handler" daemon [_thread_blocked, id=12685, stack(0x00007f512816a000,0x00007f512826b000)]
  0x00007f514c163800 JavaThread "Finalizer" daemon [_thread_blocked, id=12686, stack(0x00007f5128069000,0x00007f512816a000)]
  0x00007f514c176800 JavaThread "Signal Dispatcher" daemon [_thread_blocked, id=12687, stack(0x00007f510bc21000,0x00007f510bd22000)]
  0x00007f514c179000 JavaThread "C2 CompilerThread0" daemon [_thread_blocked, id=12688, stack(0x00007f510bb20000,0x00007f510bc21000)]
  0x00007f514c17b000 JavaThread "C1 CompilerThread0" daemon [_thread_blocked, id=12689, stack(0x00007f510ba1f000,0x00007f510bb20000)]
  0x00007f514c17d000 JavaThread "Sweeper thread" daemon [_thread_blocked, id=12690, stack(0x00007f510b91e000,0x00007f510ba1f000)]
  0x00007f514c1fa800 JavaThread "Service Thread" daemon [_thread_blocked, id=12691, stack(0x00007f510b81d000,0x00007f510b91e000)]
  0x00007f514c20b000 JavaThread "Common-Cleaner" daemon [_thread_blocked, id=12693, stack(0x00007f510b61b000,0x00007f510b71c000)]

Other Threads:
=>0x00007f514c157000 VMThread "VM Thread" [stack: 0x00007f512826c000,0x00007f512836c000] [id=12684]
  0x00007f514c201800 WatcherThread [stack: 0x00007f510b71d000,0x00007f510b81d000] [id=12692]
  0x00007f514c039000 GCTaskThread "GC Thread#0" [stack: 0x00007f5134965000,0x00007f5134a65000] [id=12679]
  0x00007f5118001000 GCTaskThread "GC Thread#1" [stack: 0x00007f510a9f1000,0x00007f510aaf1000] [id=12720]
  0x00007f514c06a800 ConcurrentGCThread "G1 Main Marker" [stack: 0x00007f513405c000,0x00007f513415c000] [id=12680]
  0x00007f514c06c000 ConcurrentGCThread "G1 Conc#0" [stack: 0x00007f512b5f8000,0x00007f512b6f8000] [id=12681]
  0x00007f5124001000 ConcurrentGCThread "G1 Conc#1" [stack: 0x00007f510a1ef000,0x00007f510a2ef000] [id=12746]
  0x00007f514c0f5000 ConcurrentGCThread "G1 Refine#0" [stack: 0x00007f5128cef000,0x00007f5128def000] [id=12682]
  0x00007f514c0f6800 ConcurrentGCThread "G1 Young RemSet Sampling" [stack: 0x00007f5128bee000,0x00007f5128cee000] [id=12683]

Threads with active compile tasks:
C2 CompilerThread01837       4       sun.util.locale.provider.LocaleProviderAdapter::getAdapter (177 bytes)

VM state:at safepoint (normal execution)

VM Mutex/Monitor currently owned by a thread:  ([mutex/lock_event])
[0x00007f514c00d6a0] Threads_lock - owner thread: 0x00007f514c157000
[0x00007f514c00ddf0] Heap_lock - owner thread: 0x00007f514c011800

Heap address: 0x0000000085000000, size: 1968 MB, Compressed Oops mode: 32-bit
Narrow klass base: 0x0000000000000000, Narrow klass shift: 3
Compressed class space size: 1073741824 Address: 0x0000000100000000

Heap:
 garbage-first heap   total 380928K, used 7613K [0x0000000085000000, 0x0000000100000000)
  region size 1024K, 1 young (1024K), 1 survivors (1024K)
 Metaspace       used 20910K, capacity 21388K, committed 21680K, reserved 1069056K
  class space    used 2550K, capacity 2714K, committed 2816K, reserved 1048576K
Heap Regions: E=young(eden), S=young(survivor), O=old, HS=humongous(starts), HC=humongous(continues), CS=collection set, F=free, A=archive, TAMS=top-at-mark-start (previous, next)
|   0|0x0000000085000000, 0x0000000085100000, 0x0000000085100000|100%|HS|  |TAMS 0x0000000085100000, 0x0000000085000000| Complete 
|   1|0x0000000085100000, 0x0000000085200000, 0x0000000085200000|100%| O|  |TAMS 0x0000000085200000, 0x0000000085100000| Untracked 
|   2|0x0000000085200000, 0x0000000085300000, 0x0000000085300000|100%| O|  |TAMS 0x0000000085211000, 0x0000000085200000| Untracked 
|   3|0x0000000085300000, 0x0000000085400000, 0x0000000085400000|100%| O|  |TAMS 0x0000000085300000, 0x0000000085300000| Untracked 
|   4|0x0000000085400000, 0x0000000085500000, 0x0000000085500000|100%| O|  |TAMS 0x0000000085400000, 0x0000000085400000| Untracked 
|   5|0x0000000085500000, 0x0000000085600000, 0x0000000085600000|100%| O|  |TAMS 0x0000000085500000, 0x0000000085500000| Untracked 
|   6|0x0000000085600000, 0x0000000085700000, 0x0000000085700000|100%| O|  |TAMS 0x0000000085600000, 0x0000000085600000| Untracked 
|   7|0x0000000085700000, 0x0000000085712400, 0x0000000085800000|  7%| O|  |TAMS 0x0000000085700000, 0x0000000085700000| Untracked 
|   8|0x0000000085800000, 0x0000000085800000, 0x0000000085900000|  0%| F|  |TAMS 0x0000000085800000, 0x0000000085800000| Untracked 
|   9|0x0000000085900000, 0x0000000085900000, 0x0000000085a00000|  0%| F|  |TAMS 0x0000000085900000, 0x0000000085900000| Untracked 
|  10|0x0000000085a00000, 0x0000000085a00000, 0x0000000085b00000|  0%| F|  |TAMS 0x0000000085a00000, 0x0000000085a00000| Untracked 
|  11|0x0000000085b00000, 0x0000000085b00000, 0x0000000085c00000|  0%| F|  |TAMS 0x0000000085b00000, 0x0000000085b00000| Untracked 
|  12|0x0000000085c00000, 0x0000000085c00000, 0x0000000085d00000|  0%| F|  |TAMS 0x0000000085c00000, 0x0000000085c00000| Untracked 
|  13|0x0000000085d00000, 0x0000000085d00000, 0x0000000085e00000|  0%| F|  |TAMS 0x0000000085d00000, 0x0000000085d00000| Untracked 
|  14|0x0000000085e00000, 0x0000000085e00000, 0x0000000085f00000|  0%| F|  |TAMS 0x0000000085e00000, 0x0000000085e00000| Untracked 
|  15|0x0000000085f00000, 0x0000000085f00000, 0x0000000086000000|  0%| F|  |TAMS 0x0000000085f00000, 0x0000000085f00000| Untracked 
|  16|0x0000000086000000, 0x0000000086000000, 0x0000000086100000|  0%| F|  |TAMS 0x0000000086000000, 0x0000000086000000| Untracked 
|  17|0x0000000086100000, 0x0000000086100000, 0x0000000086200000|  0%| F|  |TAMS 0x0000000086100000, 0x0000000086100000| Untracked 
|  18|0x0000000086200000, 0x0000000086200000, 0x0000000086300000|  0%| F|  |TAMS 0x0000000086200000, 0x0000000086200000| Untracked 
|  19|0x0000000086300000, 0x0000000086300000, 0x0000000086400000|  0%| F|  |TAMS 0x0000000086300000, 0x0000000086300000| Untracked 
|  20|0x0000000086400000, 0x0000000086400000, 0x0000000086500000|  0%| F|  |TAMS 0x0000000086400000, 0x0000000086400000| Untracked 
|  21|0x0000000086500000, 0x0000000086500000, 0x0000000086600000|  0%| F|  |TAMS 0x0000000086500000, 0x0000000086500000| Untracked 
|  22|0x0000000086600000, 0x0000000086600000, 0x0000000086700000|  0%| F|  |TAMS 0x0000000086600000, 0x0000000086600000| Untracked 
|  23|0x0000000086700000, 0x0000000086700000, 0x0000000086800000|  0%| F|  |TAMS 0x0000000086700000, 0x0000000086700000| Untracked 
|  24|0x0000000086800000, 0x0000000086800000, 0x0000000086900000|  0%| F|  |TAMS 0x0000000086800000, 0x0000000086800000| Untracked 
|  25|0x0000000086900000, 0x0000000086900000, 0x0000000086a00000|  0%| F|  |TAMS 0x0000000086900000, 0x0000000086900000| Untracked 
|  26|0x0000000086a00000, 0x0000000086a00000, 0x0000000086b00000|  0%| F|  |TAMS 0x0000000086a00000, 0x0000000086a00000| Untracked 
|  27|0x0000000086b00000, 0x0000000086b00000, 0x0000000086c00000|  0%| F|  |TAMS 0x0000000086b00000, 0x0000000086b00000| Untracked 
|  28|0x0000000086c00000, 0x0000000086c00000, 0x0000000086d00000|  0%| F|  |TAMS 0x0000000086c00000, 0x0000000086c00000| Untracked 
|  29|0x0000000086d00000, 0x0000000086d00000, 0x0000000086e00000|  0%| F|  |TAMS 0x0000000086d00000, 0x0000000086d00000| Untracked 
|  30|0x0000000086e00000, 0x0000000086e00000, 0x0000000086f00000|  0%| F|  |TAMS 0x0000000086e00000, 0x0000000086e00000| Untracked 
|  31|0x0000000086f00000, 0x0000000086f00000, 0x0000000087000000|  0%| F|  |TAMS 0x0000000086f00000, 0x0000000086f00000| Untracked 
|  32|0x0000000087000000, 0x0000000087000000, 0x0000000087100000|  0%| F|  |TAMS 0x0000000087000000, 0x0000000087000000| Untracked 
|  33|0x0000000087100000, 0x0000000087100000, 0x0000000087200000|  0%| F|  |TAMS 0x0000000087100000, 0x0000000087100000| Untracked 
|  34|0x0000000087200000, 0x0000000087200000, 0x0000000087300000|  0%| F|  |TAMS 0x0000000087200000, 0x0000000087200000| Untracked 
|  35|0x0000000087300000, 0x0000000087300000, 0x0000000087400000|  0%| F|  |TAMS 0x0000000087300000, 0x0000000087300000| Untracked 
|  36|0x0000000087400000, 0x0000000087400000, 0x0000000087500000|  0%| F|  |TAMS 0x0000000087400000, 0x0000000087400000| Untracked 
|  37|0x0000000087500000, 0x0000000087500000, 0x0000000087600000|  0%| F|  |TAMS 0x0000000087500000, 0x0000000087500000| Untracked 
|  38|0x0000000087600000, 0x0000000087600000, 0x0000000087700000|  0%| F|  |TAMS 0x0000000087600000, 0x0000000087600000| Untracked 
|  39|0x0000000087700000, 0x0000000087700000, 0x0000000087800000|  0%| F|  |TAMS 0x0000000087700000, 0x0000000087700000| Untracked 
|  40|0x0000000087800000, 0x0000000087800000, 0x0000000087900000|  0%| F|  |TAMS 0x0000000087800000, 0x0000000087800000| Untracked 
|  41|0x0000000087900000, 0x0000000087900000, 0x0000000087a00000|  0%| F|  |TAMS 0x0000000087900000, 0x0000000087900000| Untracked 
|  42|0x0000000087a00000, 0x0000000087a00000, 0x0000000087b00000|  0%| F|  |TAMS 0x0000000087a00000, 0x0000000087a00000| Untracked 
|  43|0x0000000087b00000, 0x0000000087b00000, 0x0000000087c00000|  0%| F|  |TAMS 0x0000000087b00000, 0x0000000087b00000| Untracked 
|  44|0x0000000087c00000, 0x0000000087c00000, 0x0000000087d00000|  0%| F|  |TAMS 0x0000000087c00000, 0x0000000087c00000| Untracked 
|  45|0x0000000087d00000, 0x0000000087d00000, 0x0000000087e00000|  0%| F|  |TAMS 0x0000000087d00000, 0x0000000087d00000| Untracked 
|  46|0x0000000087e00000, 0x0000000087e00000, 0x0000000087f00000|  0%| F|  |TAMS 0x0000000087e00000, 0x0000000087e00000| Untracked 
|  47|0x0000000087f00000, 0x0000000087f00000, 0x0000000088000000|  0%| F|  |TAMS 0x0000000087f00000, 0x0000000087f00000| Untracked 
|  48|0x0000000088000000, 0x0000000088000000, 0x0000000088100000|  0%| F|  |TAMS 0x0000000088000000, 0x0000000088000000| Untracked 
|  49|0x0000000088100000, 0x0000000088100000, 0x0000000088200000|  0%| F|  |TAMS 0x0000000088100000, 0x0000000088100000| Untracked 
|  50|0x0000000088200000, 0x0000000088200000, 0x0000000088300000|  0%| F|  |TAMS 0x0000000088200000, 0x0000000088200000| Untracked 
|  51|0x0000000088300000, 0x0000000088300000, 0x0000000088400000|  0%| F|  |TAMS 0x0000000088300000, 0x0000000088300000| Untracked 
|  52|0x0000000088400000, 0x0000000088400000, 0x0000000088500000|  0%| F|  |TAMS 0x0000000088400000, 0x0000000088400000| Untracked 
|  53|0x0000000088500000, 0x0000000088500000, 0x0000000088600000|  0%| F|  |TAMS 0x0000000088500000, 0x0000000088500000| Untracked 
|  54|0x0000000088600000, 0x0000000088600000, 0x0000000088700000|  0%| F|  |TAMS 0x0000000088600000, 0x0000000088600000| Untracked 
|  55|0x0000000088700000, 0x0000000088700000, 0x0000000088800000|  0%| F|  |TAMS 0x0000000088700000, 0x0000000088700000| Untracked 
|  56|0x0000000088800000, 0x0000000088800000, 0x0000000088900000|  0%| F|  |TAMS 0x0000000088800000, 0x0000000088800000| Untracked 
|  57|0x0000000088900000, 0x0000000088900000, 0x0000000088a00000|  0%| F|  |TAMS 0x0000000088900000, 0x0000000088900000| Untracked 
|  58|0x0000000088a00000, 0x0000000088a00000, 0x0000000088b00000|  0%| F|  |TAMS 0x0000000088a00000, 0x0000000088a00000| Untracked 
|  59|0x0000000088b00000, 0x0000000088b00000, 0x0000000088c00000|  0%| F|  |TAMS 0x0000000088b00000, 0x0000000088b00000| Untracked 
|  60|0x0000000088c00000, 0x0000000088c00000, 0x0000000088d00000|  0%| F|  |TAMS 0x0000000088c00000, 0x0000000088c00000| Untracked 
|  61|0x0000000088d00000, 0x0000000088d00000, 0x0000000088e00000|  0%| F|  |TAMS 0x0000000088d00000, 0x0000000088d00000| Untracked 
|  62|0x0000000088e00000, 0x0000000088e00000, 0x0000000088f00000|  0%| F|  |TAMS 0x0000000088e00000, 0x0000000088e00000| Untracked 
|  63|0x0000000088f00000, 0x0000000088f00000, 0x0000000089000000|  0%| F|  |TAMS 0x0000000088f00000, 0x0000000088f00000| Untracked 
|  64|0x0000000089000000, 0x0000000089000000, 0x0000000089100000|  0%| F|  |TAMS 0x0000000089000000, 0x0000000089000000| Untracked 
|  65|0x0000000089100000, 0x0000000089100000, 0x0000000089200000|  0%| F|  |TAMS 0x0000000089100000, 0x0000000089100000| Untracked 
|  66|0x0000000089200000, 0x0000000089200000, 0x0000000089300000|  0%| F|  |TAMS 0x0000000089200000, 0x0000000089200000| Untracked 
|  67|0x0000000089300000, 0x0000000089300000, 0x0000000089400000|  0%| F|  |TAMS 0x0000000089300000, 0x0000000089300000| Untracked 
|  68|0x0000000089400000, 0x0000000089400000, 0x0000000089500000|  0%| F|  |TAMS 0x0000000089400000, 0x0000000089400000| Untracked 
|  69|0x0000000089500000, 0x0000000089500000, 0x0000000089600000|  0%| F|  |TAMS 0x0000000089500000, 0x0000000089500000| Untracked 
|  70|0x0000000089600000, 0x0000000089600000, 0x0000000089700000|  0%| F|  |TAMS 0x0000000089600000, 0x0000000089600000| Untracked 
|  71|0x0000000089700000, 0x0000000089700000, 0x0000000089800000|  0%| F|  |TAMS 0x0000000089700000, 0x0000000089700000| Untracked 
|  72|0x0000000089800000, 0x0000000089800000, 0x0000000089900000|  0%| F|  |TAMS 0x0000000089800000, 0x0000000089800000| Untracked 
|  73|0x0000000089900000, 0x0000000089900000, 0x0000000089a00000|  0%| F|  |TAMS 0x0000000089900000, 0x0000000089900000| Untracked 
|  74|0x0000000089a00000, 0x0000000089a00000, 0x0000000089b00000|  0%| F|  |TAMS 0x0000000089a00000, 0x0000000089a00000| Untracked 
|  75|0x0000000089b00000, 0x0000000089b00000, 0x0000000089c00000|  0%| F|  |TAMS 0x0000000089b00000, 0x0000000089b00000| Untracked 
|  76|0x0000000089c00000, 0x0000000089c00000, 0x0000000089d00000|  0%| F|  |TAMS 0x0000000089c00000, 0x0000000089c00000| Untracked 
|  77|0x0000000089d00000, 0x0000000089d00000, 0x0000000089e00000|  0%| F|  |TAMS 0x0000000089d00000, 0x0000000089d00000| Untracked 
|  78|0x0000000089e00000, 0x0000000089e00000, 0x0000000089f00000|  0%| F|  |TAMS 0x0000000089e00000, 0x0000000089e00000| Untracked 
|  79|0x0000000089f00000, 0x0000000089f00000, 0x000000008a000000|  0%| F|  |TAMS 0x0000000089f00000, 0x0000000089f00000| Untracked 
|  80|0x000000008a000000, 0x000000008a000000, 0x000000008a100000|  0%| F|  |TAMS 0x000000008a000000, 0x000000008a000000| Untracked 
|  81|0x000000008a100000, 0x000000008a100000, 0x000000008a200000|  0%| F|  |TAMS 0x000000008a100000, 0x000000008a100000| Untracked 
|  82|0x000000008a200000, 0x000000008a200000, 0x000000008a300000|  0%| F|  |TAMS 0x000000008a200000, 0x000000008a200000| Untracked 
|  83|0x000000008a300000, 0x000000008a300000, 0x000000008a400000|  0%| F|  |TAMS 0x000000008a300000, 0x000000008a300000| Untracked 
|  84|0x000000008a400000, 0x000000008a400000, 0x000000008a500000|  0%| F|  |TAMS 0x000000008a400000, 0x000000008a400000| Untracked 
|  85|0x000000008a500000, 0x000000008a500000, 0x000000008a600000|  0%| F|  |TAMS 0x000000008a500000, 0x000000008a500000| Untracked 
|  86|0x000000008a600000, 0x000000008a600000, 0x000000008a700000|  0%| F|  |TAMS 0x000000008a600000, 0x000000008a600000| Untracked 
|  87|0x000000008a700000, 0x000000008a700000, 0x000000008a800000|  0%| F|  |TAMS 0x000000008a700000, 0x000000008a700000| Untracked 
|  88|0x000000008a800000, 0x000000008a800000, 0x000000008a900000|  0%| F|  |TAMS 0x000000008a800000, 0x000000008a800000| Untracked 
|  89|0x000000008a900000, 0x000000008a900000, 0x000000008aa00000|  0%| F|  |TAMS 0x000000008a900000, 0x000000008a900000| Untracked 
|  90|0x000000008aa00000, 0x000000008aa00000, 0x000000008ab00000|  0%| F|  |TAMS 0x000000008aa00000, 0x000000008aa00000| Untracked 
|  91|0x000000008ab00000, 0x000000008ab00000, 0x000000008ac00000|  0%| F|  |TAMS 0x000000008ab00000, 0x000000008ab00000| Untracked 
|  92|0x000000008ac00000, 0x000000008ac00000, 0x000000008ad00000|  0%| F|  |TAMS 0x000000008ac00000, 0x000000008ac00000| Untracked 
|  93|0x000000008ad00000, 0x000000008ad00000, 0x000000008ae00000|  0%| F|  |TAMS 0x000000008ad00000, 0x000000008ad00000| Untracked 
|  94|0x000000008ae00000, 0x000000008ae00000, 0x000000008af00000|  0%| F|  |TAMS 0x000000008ae00000, 0x000000008ae00000| Untracked 
|  95|0x000000008af00000, 0x000000008af00000, 0x000000008b000000|  0%| F|  |TAMS 0x000000008af00000, 0x000000008af00000| Untracked 
|  96|0x000000008b000000, 0x000000008b000000, 0x000000008b100000|  0%| F|  |TAMS 0x000000008b000000, 0x000000008b000000| Untracked 
|  97|0x000000008b100000, 0x000000008b100000, 0x000000008b200000|  0%| F|  |TAMS 0x000000008b100000, 0x000000008b100000| Untracked 
|  98|0x000000008b200000, 0x000000008b200000, 0x000000008b300000|  0%| F|  |TAMS 0x000000008b200000, 0x000000008b200000| Untracked 
|  99|0x000000008b300000, 0x000000008b300000, 0x000000008b400000|  0%| F|  |TAMS 0x000000008b300000, 0x000000008b300000| Untracked 
| 100|0x000000008b400000, 0x000000008b400000, 0x000000008b500000|  0%| F|  |TAMS 0x000000008b400000, 0x000000008b400000| Untracked 
| 101|0x000000008b500000, 0x000000008b500000, 0x000000008b600000|  0%| F|  |TAMS 0x000000008b500000, 0x000000008b500000| Untracked 
| 102|0x000000008b600000, 0x000000008b600000, 0x000000008b700000|  0%| F|  |TAMS 0x000000008b600000, 0x000000008b600000| Untracked 
| 103|0x000000008b700000, 0x000000008b700000, 0x000000008b800000|  0%| F|  |TAMS 0x000000008b700000, 0x000000008b700000| Untracked 
| 104|0x000000008b800000, 0x000000008b800000, 0x000000008b900000|  0%| F|  |TAMS 0x000000008b800000, 0x000000008b800000| Untracked 
| 105|0x000000008b900000, 0x000000008b900000, 0x000000008ba00000|  0%| F|  |TAMS 0x000000008b900000, 0x000000008b900000| Untracked 
| 106|0x000000008ba00000, 0x000000008ba00000, 0x000000008bb00000|  0%| F|  |TAMS 0x000000008ba00000, 0x000000008ba00000| Untracked 
| 107|0x000000008bb00000, 0x000000008bb00000, 0x000000008bc00000|  0%| F|  |TAMS 0x000000008bb00000, 0x000000008bb00000| Untracked 
| 108|0x000000008bc00000, 0x000000008bc00000, 0x000000008bd00000|  0%| F|  |TAMS 0x000000008bc00000, 0x000000008bc00000| Untracked 
| 109|0x000000008bd00000, 0x000000008bd00000, 0x000000008be00000|  0%| F|  |TAMS 0x000000008bd00000, 0x000000008bd00000| Untracked 
| 110|0x000000008be00000, 0x000000008be00000, 0x000000008bf00000|  0%| F|  |TAMS 0x000000008be00000, 0x000000008be00000| Untracked 
| 111|0x000000008bf00000, 0x000000008bf00000, 0x000000008c000000|  0%| F|  |TAMS 0x000000008bf00000, 0x000000008bf00000| Untracked 
| 112|0x000000008c000000, 0x000000008c000000, 0x000000008c100000|  0%| F|  |TAMS 0x000000008c000000, 0x000000008c000000| Untracked 
| 113|0x000000008c100000, 0x000000008c100000, 0x000000008c200000|  0%| F|  |TAMS 0x000000008c100000, 0x000000008c100000| Untracked 
| 114|0x000000008c200000, 0x000000008c200000, 0x000000008c300000|  0%| F|  |TAMS 0x000000008c200000, 0x000000008c200000| Untracked 
| 115|0x000000008c300000, 0x000000008c300000, 0x000000008c400000|  0%| F|  |TAMS 0x000000008c300000, 0x000000008c300000| Untracked 
| 116|0x000000008c400000, 0x000000008c400000, 0x000000008c500000|  0%| F|  |TAMS 0x000000008c400000, 0x000000008c400000| Untracked 
| 117|0x000000008c500000, 0x000000008c500000, 0x000000008c600000|  0%| F|  |TAMS 0x000000008c500000, 0x000000008c500000| Untracked 
| 118|0x000000008c600000, 0x000000008c65d120, 0x000000008c700000| 36%| S|CS|TAMS 0x000000008c600000, 0x000000008c600000| Complete 
| 119|0x000000008c700000, 0x000000008c700000, 0x000000008c800000|  0%| F|  |TAMS 0x000000008c700000, 0x000000008c700000| Untracked 
| 120|0x000000008c800000, 0x000000008c800000, 0x000000008c900000|  0%| F|  |TAMS 0x000000008c800000, 0x000000008c800000| Untracked 
| 121|0x000000008c900000, 0x000000008c900000, 0x000000008ca00000|  0%| F|  |TAMS 0x000000008c900000, 0x000000008c900000| Untracked 
| 122|0x000000008ca00000, 0x000000008ca00000, 0x000000008cb00000|  0%| F|  |TAMS 0x000000008ca00000, 0x000000008ca00000| Untracked 
| 123|0x000000008cb00000, 0x000000008cb00000, 0x000000008cc00000|  0%| F|  |TAMS 0x000000008cb00000, 0x000000008cb00000| Untracked 

Card table byte_map: [0x00007f512f850000,0x00007f512fc28000] _byte_map_base: 0x00007f512f428000

Marking Bits (Prev, Next): (CMBitMap*) 0x00007f514c061bf0, (CMBitMap*) 0x00007f514c061bb8
 Prev Bits: [0x00007f512b6f8000, 0x00007f512d5b8000)
 Next Bits: [0x00007f512d5b8000, 0x00007f512f478000)

Polling page: 0x00007f5153903000

Metaspace:

Usage:
  Non-class:     18,24 MB capacity,    17,93 MB ( 98%) used,   290,68 KB (  2%) free+waste,    23,38 KB ( <1%) overhead. 
      Class:      2,65 MB capacity,     2,49 MB ( 94%) used,   153,32 KB (  6%) free+waste,    10,31 KB ( <1%) overhead. 
       Both:     20,89 MB capacity,    20,42 MB ( 98%) used,   444,00 KB (  2%) free+waste,    33,69 KB ( <1%) overhead. 

Virtual space:
  Non-class space:       20,00 MB reserved,      18,42 MB ( 92%) committed 
      Class space:        1,00 GB reserved,       2,75 MB ( <1%) committed 
             Both:        1,02 GB reserved,      21,17 MB (  2%) committed 

Chunk freelists:
   Non-Class:  9,75 KB
       Class:  768 bytes
        Both:  10,50 KB

CodeHeap 'non-profiled nmethods': size=120032Kb used=852Kb max_used=852Kb free=119179Kb
 bounds [0x00007f513c703000, 0x00007f513c973000, 0x00007f5143c3b000]
CodeHeap 'profiled nmethods': size=120028Kb used=4101Kb max_used=4101Kb free=115926Kb
 bounds [0x00007f51351cc000, 0x00007f51355dc000, 0x00007f513c703000]
CodeHeap 'non-nmethods': size=5700Kb used=1070Kb max_used=1120Kb free=4629Kb
 bounds [0x00007f5134c3b000, 0x00007f5134eab000, 0x00007f51351cc000]
 total_blobs=2721 nmethods=1835 adapters=300
 compilation: enabled
              stopped_count=0, restarted_count=0
 full_count=0

Compilation events (10 events):
Event: 36,624 Thread 0x00007f514c17b000 1835       1       org.sonar.api.server.rule.RulesDefinition$NewParam::access$3200 (5 bytes)
Event: 36,624 Thread 0x00007f514c17b000 nmethod 1835 0x00007f513c7caf90 code [0x00007f513c7cb140, 0x00007f513c7cb230]
Event: 36,624 Thread 0x00007f514c17b000 1836       1       org.sonar.api.server.rule.RulesDefinition$NewParam::access$3300 (5 bytes)
Event: 36,624 Thread 0x00007f514c17b000 nmethod 1836 0x00007f513c7cb310 code [0x00007f513c7cb4c0, 0x00007f513c7cb5b0]
Event: 40,514 Thread 0x00007f514c179000 nmethod 1782 0x00007f513c7cb690 code [0x00007f513c7cb8c0, 0x00007f513c7ccc68]
Event: 41,353 Thread 0x00007f514c179000 1783       4       java.util.regex.Pattern::sequence (645 bytes)
Event: 42,786 Thread 0x00007f514c179000 nmethod 1783 0x00007f513c7cd410 code [0x00007f513c7cd660, 0x00007f513c7ce620]
Event: 42,786 Thread 0x00007f514c179000 1791   !   4       java.net.URL::<init> (543 bytes)
Event: 51,232 Thread 0x00007f514c179000 nmethod 1791 0x00007f513c7ced10 code [0x00007f513c7cf0c0, 0x00007f513c7d4eb0]
Event: 55,890 Thread 0x00007f514c179000 1837       4       sun.util.locale.provider.LocaleProviderAdapter::getAdapter (177 bytes)

GC Heap History (9 events):
Event: 2,495 GC heap before
{Heap before GC invocations=0 (full 0):
 garbage-first heap   total 126976K, used 24576K [0x0000000085000000, 0x0000000100000000)
  region size 1024K, 24 young (24576K), 0 survivors (0K)
 Metaspace       used 14002K, capacity 14341K, committed 14720K, reserved 1062912K
  class space    used 1510K, capacity 1588K, committed 1664K, reserved 1048576K
}
Event: 2,534 GC heap after
{Heap after GC invocations=1 (full 0):
 garbage-first heap   total 126976K, used 5188K [0x0000000085000000, 0x0000000100000000)
  region size 1024K, 3 young (3072K), 3 survivors (3072K)
 Metaspace       used 14002K, capacity 14341K, committed 14720K, reserved 1062912K
  class space    used 1510K, capacity 1588K, committed 1664K, reserved 1048576K
}
Event: 4,830 GC heap before
{Heap before GC invocations=1 (full 0):
 garbage-first heap   total 126976K, used 67652K [0x0000000085000000, 0x0000000100000000)
  region size 1024K, 65 young (66560K), 3 survivors (3072K)
 Metaspace       used 20678K, capacity 21132K, committed 21296K, reserved 1069056K
  class space    used 2509K, capacity 2650K, committed 2688K, reserved 1048576K
}
Event: 5,973 GC heap after
{Heap after GC invocations=2 (full 0):
 garbage-first heap   total 126976K, used 7376K [0x0000000085000000, 0x0000000100000000)
  region size 1024K, 6 young (6144K), 6 survivors (6144K)
 Metaspace       used 20678K, capacity 21132K, committed 21296K, reserved 1069056K
  class space    used 2509K, capacity 2650K, committed 2688K, reserved 1048576K
}
Event: 6,277 GC heap before
{Heap before GC invocations=2 (full 0):
 garbage-first heap   total 126976K, used 8400K [0x0000000085000000, 0x0000000100000000)
  region size 1024K, 7 young (7168K), 6 survivors (6144K)
 Metaspace       used 20692K, capacity 21196K, committed 21552K, reserved 1069056K
  class space    used 2509K, capacity 2650K, committed 2688K, reserved 1048576K
}
Event: 6,308 GC heap after
{Heap after GC invocations=3 (full 0):
 garbage-first heap   total 126976K, used 7911K [0x0000000085000000, 0x0000000100000000)
  region size 1024K, 1 young (1024K), 1 survivors (1024K)
 Metaspace       used 20692K, capacity 21196K, committed 21552K, reserved 1069056K
  class space    used 2509K, capacity 2650K, committed 2688K, reserved 1048576K
}
Event: 11,418 GC heap before
{Heap before GC invocations=4 (full 0):
 garbage-first heap   total 126976K, used 13031K [0x0000000085000000, 0x0000000100000000)
  region size 1024K, 6 young (6144K), 1 survivors (1024K)
 Metaspace       used 20692K, capacity 21196K, committed 21552K, reserved 1069056K
  class space    used 2509K, capacity 2650K, committed 2688K, reserved 1048576K
}
Event: 25,817 GC heap after
{Heap after GC invocations=5 (full 0):
 garbage-first heap   total 126976K, used 7502K [0x0000000085000000, 0x0000000100000000)
  region size 1024K, 1 young (1024K), 1 survivors (1024K)
 Metaspace       used 20692K, capacity 21196K, committed 21552K, reserved 1069056K
  class space    used 2509K, capacity 2650K, committed 2688K, reserved 1048576K
}
Event: 67,766 GC heap before
{Heap before GC invocations=5 (full 0):
 garbage-first heap   total 126976K, used 12622K [0x0000000085000000, 0x0000000100000000)
  region size 1024K, 6 young (6144K), 1 survivors (1024K)
 Metaspace       used 20910K, capacity 21388K, committed 21680K, reserved 1069056K
  class space    used 2550K, capacity 2714K, committed 2816K, reserved 1048576K
}

Deoptimization events (10 events):
Event: 2,942 Thread 0x00007f514c011800 Uncommon trap: reason=class_check action=maybe_recompile pc=0x00007f513c73e260 method=java.util.concurrent.ConcurrentHashMap.putVal(Ljava/lang/Object;Ljava/lang/Object;Z)Ljava/lang/Object; @ 242 c2
Event: 2,942 Thread 0x00007f514c011800 Uncommon trap: reason=class_check action=maybe_recompile pc=0x00007f513c76033c method=java.util.regex.Pattern$Start.match(Ljava/util/regex/Matcher;ILjava/lang/CharSequence;)Z @ 44 c2
Event: 2,973 Thread 0x00007f514c011800 Uncommon trap: reason=profile_predicate action=maybe_recompile pc=0x00007f513c7612b4 method=java.lang.AbstractStringBuilder.appendChars(Ljava/lang/CharSequence;II)V @ 22 c2
Event: 2,978 Thread 0x00007f514c011800 Uncommon trap: reason=profile_predicate action=maybe_recompile pc=0x00007f513c766910 method=java.lang.AbstractStringBuilder.appendChars(Ljava/lang/CharSequence;II)V @ 25 c2
Event: 2,978 Thread 0x00007f514c011800 Uncommon trap: reason=profile_predicate action=maybe_recompile pc=0x00007f513c7612b4 method=java.lang.AbstractStringBuilder.appendChars(Ljava/lang/CharSequence;II)V @ 22 c2
Event: 2,978 Thread 0x00007f514c011800 Uncommon trap: reason=profile_predicate action=maybe_recompile pc=0x00007f513c766910 method=java.lang.AbstractStringBuilder.appendChars(Ljava/lang/CharSequence;II)V @ 25 c2
Event: 2,979 Thread 0x00007f514c011800 Uncommon trap: reason=profile_predicate action=maybe_recompile pc=0x00007f513c7612b4 method=java.lang.AbstractStringBuilder.appendChars(Ljava/lang/CharSequence;II)V @ 22 c2
Event: 3,023 Thread 0x00007f514c011800 Uncommon trap: reason=unstable_if action=reinterpret pc=0x00007f513c751420 method=java.lang.CharacterDataLatin1.isWhitespace(I)Z @ 14 c2
Event: 3,934 Thread 0x00007f514c011800 Uncommon trap: reason=bimorphic_or_optimized_type_check action=maybe_recompile pc=0x00007f513c752844 method=java.util.HashMap.putVal(ILjava/lang/Object;Ljava/lang/Object;ZZ)Ljava/lang/Object; @ 91 c2
Event: 4,721 Thread 0x00007f514c011800 Uncommon trap: reason=unstable_if action=reinterpret pc=0x00007f513c7681b0 method=sun.nio.cs.UTF_8$Decoder.decodeArrayLoop(Ljava/nio/ByteBuffer;Ljava/nio/CharBuffer;)Ljava/nio/charset/CoderResult; @ 167 c2

Classes redefined (0 events):
No events

Internal exceptions (7 events):
Event: 0,650 Thread 0x00007f514c011800 Exception <a 'java/lang/NoSuchMethodError'{0x000000008ca79c38}: java.lang.invoke.DirectMethodHandle$Holder.invokeStaticInit(Ljava/lang/Object;Ljava/lang/Object;)I> (0x000000008ca79c38) thrown at [/scratch/opt/mach5/mesos/work_dir/slaves/07fc96ef-bf4d-487f
Event: 0,862 Thread 0x00007f514c011800 Exception <a 'java/lang/ClassNotFoundException'{0x000000008c9c2000}: javax/smartcardio/CardPermission> (0x000000008c9c2000) thrown at [/scratch/opt/mach5/mesos/work_dir/slaves/07fc96ef-bf4d-487f-b22f-a84e49f5f44a-S39654/frameworks/1735e8a2-a1db-478c-8104-
Event: 0,887 Thread 0x00007f514c011800 Exception <a 'java/io/FileNotFoundException'{0x000000008c9cf7f0}> (0x000000008c9cf7f0) thrown at [/scratch/opt/mach5/mesos/work_dir/slaves/07fc96ef-bf4d-487f-b22f-a84e49f5f44a-S39654/frameworks/1735e8a2-a1db-478c-8104-60c8b0af87dd-0196/executors/a8fe52bf-
Event: 1,678 Thread 0x00007f514c011800 Exception <a 'sun/nio/fs/UnixException'{0x000000008c20eef0}> (0x000000008c20eef0) thrown at [/scratch/opt/mach5/mesos/work_dir/slaves/07fc96ef-bf4d-487f-b22f-a84e49f5f44a-S39654/frameworks/1735e8a2-a1db-478c-8104-60c8b0af87dd-0196/executors/a8fe52bf-7e19-
Event: 1,680 Thread 0x00007f514c011800 Exception <a 'sun/nio/fs/UnixException'{0x000000008c20fd58}> (0x000000008c20fd58) thrown at [/scratch/opt/mach5/mesos/work_dir/slaves/07fc96ef-bf4d-487f-b22f-a84e49f5f44a-S39654/frameworks/1735e8a2-a1db-478c-8104-60c8b0af87dd-0196/executors/a8fe52bf-7e19-
Event: 1,728 Thread 0x00007f514c011800 Exception <a 'sun/nio/fs/UnixException'{0x000000008c258e70}> (0x000000008c258e70) thrown at [/scratch/opt/mach5/mesos/work_dir/slaves/07fc96ef-bf4d-487f-b22f-a84e49f5f44a-S39654/frameworks/1735e8a2-a1db-478c-8104-60c8b0af87dd-0196/executors/a8fe52bf-7e19-
Event: 2,704 Thread 0x00007f514c011800 Exception <a 'java/lang/NoSuchMethodError'{0x000000008c745d80}: java.lang.invoke.DirectMethodHandle$Holder.invokeSpecialIFC(Ljava/lang/Object;Ljava/lang/Object;I)I> (0x000000008c745d80) thrown at [/scratch/opt/mach5/mesos/work_dir/slaves/07fc96ef-bf4d-487

Events (10 events):
Event: 64,941 loading class org/sonar/javascript/checks/ConditionalCommentCheck done
Event: 66,265 loading class org/sonar/javascript/checks/ConditionalOperatorCheck
Event: 66,265 loading class org/sonar/javascript/checks/ConditionalOperatorCheck done
Event: 66,343 loading class org/sonar/javascript/checks/ConsoleLoggingCheck
Event: 66,343 loading class org/sonar/javascript/checks/ConsoleLoggingCheck done
Event: 66,454 loading class org/sonar/javascript/checks/ConstructorFunctionsForSideEffectsCheck
Event: 66,454 loading class org/sonar/javascript/checks/ConstructorFunctionsForSideEffectsCheck done
Event: 66,488 loading class org/sonar/javascript/checks/ContinueStatementCheck
Event: 66,488 loading class org/sonar/javascript/checks/ContinueStatementCheck done
Event: 66,646 Executing VM operation: G1CollectForAllocation


Dynamic libraries:
00400000-00401000 r-xp 00000000 08:06 4984281                            /usr/lib/jvm/java-11-oracle/bin/java
00600000-00601000 r--p 00000000 08:06 4984281                            /usr/lib/jvm/java-11-oracle/bin/java
00601000-00602000 rw-p 00001000 08:06 4984281                            /usr/lib/jvm/java-11-oracle/bin/java
01b05000-01b26000 rw-p 00000000 00:00 0                                  [heap]
85000000-8cc00000 rw-p 00000000 00:00 0 
9c400000-100000000 ---p 00000000 00:00 0 
100000000-1002c0000 rw-p 00000000 00:00 0 
1002c0000-140000000 ---p 00000000 00:00 0 
7f50dc000000-7f50dc167000 rw-p 00000000 00:00 0 
7f50dc167000-7f50e0000000 ---p 00000000 00:00 0 
7f50e0000000-7f50e0021000 rw-p 00000000 00:00 0 
7f50e0021000-7f50e4000000 ---p 00000000 00:00 0 
7f50e4000000-7f50e5578000 rw-p 00000000 00:00 0 
7f50e5578000-7f50e8000000 ---p 00000000 00:00 0 
7f50e8000000-7f50e8021000 rw-p 00000000 00:00 0 
7f50e8021000-7f50ec000000 ---p 00000000 00:00 0 
7f50ec000000-7f50ec021000 rw-p 00000000 00:00 0 
7f50ec021000-7f50f0000000 ---p 00000000 00:00 0 
7f50f0000000-7f50f0021000 rw-p 00000000 00:00 0 
7f50f0021000-7f50f4000000 ---p 00000000 00:00 0 
7f50f4000000-7f50f4021000 rw-p 00000000 00:00 0 
7f50f4021000-7f50f8000000 ---p 00000000 00:00 0 
7f50f8000000-7f50f8021000 rw-p 00000000 00:00 0 
7f50f8021000-7f50fc000000 ---p 00000000 00:00 0 
7f50fc000000-7f50fd220000 rw-p 00000000 00:00 0 
7f50fd220000-7f5100000000 ---p 00000000 00:00 0 
7f5100000000-7f51004dd000 rw-p 00000000 00:00 0 
7f51004dd000-7f5104000000 ---p 00000000 00:00 0 
7f5104000000-7f5104021000 rw-p 00000000 00:00 0 
7f5104021000-7f5108000000 ---p 00000000 00:00 0 
7f5109faa000-7f510a1ee000 rw-p 00000000 00:00 0 
7f510a1ee000-7f510a1ef000 ---p 00000000 00:00 0 
7f510a1ef000-7f510a2ef000 rw-p 00000000 00:00 0 
7f510a2ef000-7f510a2f3000 ---p 00000000 00:00 0 
7f510a2f3000-7f510a45c000 rw-p 00000000 00:00 0 
7f510a45c000-7f510a5f0000 ---p 00000000 00:00 0 
7f510a5f0000-7f510a7f0000 rw-p 00000000 00:00 0 
7f510a7f0000-7f510a9f0000 rw-p 00000000 00:00 0 
7f510a9f0000-7f510a9f1000 ---p 00000000 00:00 0 
7f510a9f1000-7f510acf1000 rw-p 00000000 00:00 0 
7f510acf1000-7f510aef1000 rw-p 00000000 00:00 0 
7f510aef1000-7f510aef5000 ---p 00000000 00:00 0 
7f510aef5000-7f510b1f2000 rw-p 00000000 00:00 0 
7f510b1f2000-7f510b208000 r-xp 00000000 08:06 4984371                    /usr/lib/jvm/java-11-oracle/lib/libnet.so
7f510b208000-7f510b408000 ---p 00016000 08:06 4984371                    /usr/lib/jvm/java-11-oracle/lib/libnet.so
7f510b408000-7f510b409000 r--p 00016000 08:06 4984371                    /usr/lib/jvm/java-11-oracle/lib/libnet.so
7f510b409000-7f510b40a000 rw-p 00017000 08:06 4984371                    /usr/lib/jvm/java-11-oracle/lib/libnet.so
7f510b40a000-7f510b41a000 r-xp 00000000 08:06 4984372                    /usr/lib/jvm/java-11-oracle/lib/libnio.so
7f510b41a000-7f510b619000 ---p 00010000 08:06 4984372                    /usr/lib/jvm/java-11-oracle/lib/libnio.so
7f510b619000-7f510b61a000 r--p 0000f000 08:06 4984372                    /usr/lib/jvm/java-11-oracle/lib/libnio.so
7f510b61a000-7f510b61b000 rw-p 00010000 08:06 4984372                    /usr/lib/jvm/java-11-oracle/lib/libnio.so
7f510b61b000-7f510b61f000 ---p 00000000 00:00 0 
7f510b61f000-7f510b71c000 rw-p 00000000 00:00 0 
7f510b71c000-7f510b71d000 ---p 00000000 00:00 0 
7f510b71d000-7f510b81d000 rw-p 00000000 00:00 0 
7f510b81d000-7f510b821000 ---p 00000000 00:00 0 
7f510b821000-7f510b91e000 rw-p 00000000 00:00 0 
7f510b91e000-7f510b922000 ---p 00000000 00:00 0 
7f510b922000-7f510ba1f000 rw-p 00000000 00:00 0 
7f510ba1f000-7f510ba23000 ---p 00000000 00:00 0 
7f510ba23000-7f510bb20000 rw-p 00000000 00:00 0 
7f510bb20000-7f510bb24000 ---p 00000000 00:00 0 
7f510bb24000-7f510bc21000 rw-p 00000000 00:00 0 
7f510bc21000-7f510bc25000 ---p 00000000 00:00 0 
7f510bc25000-7f510bd22000 rw-p 00000000 00:00 0 
7f510bd22000-7f510c000000 r--p 00000000 08:06 4332078                    /usr/lib/locale/locale-archive
7f510c000000-7f510c021000 rw-p 00000000 00:00 0 
7f510c021000-7f5110000000 ---p 00000000 00:00 0 
7f5110000000-7f5110021000 rw-p 00000000 00:00 0 
7f5110021000-7f5114000000 ---p 00000000 00:00 0 
7f5114000000-7f5114021000 rw-p 00000000 00:00 0 
7f5114021000-7f5118000000 ---p 00000000 00:00 0 
7f5118000000-7f5118194000 rw-p 00000000 00:00 0 
7f5118194000-7f511c000000 ---p 00000000 00:00 0 
7f511c000000-7f511c021000 rw-p 00000000 00:00 0 
7f511c021000-7f5120000000 ---p 00000000 00:00 0 
7f5120000000-7f5120021000 rw-p 00000000 00:00 0 
7f5120021000-7f5124000000 ---p 00000000 00:00 0 
7f5124000000-7f5124021000 rw-p 00000000 00:00 0 
7f5124021000-7f5128000000 ---p 00000000 00:00 0 
7f5128069000-7f512806d000 ---p 00000000 00:00 0 
7f512806d000-7f512816a000 rw-p 00000000 00:00 0 
7f512816a000-7f512816e000 ---p 00000000 00:00 0 
7f512816e000-7f512826b000 rw-p 00000000 00:00 0 
7f512826b000-7f512826c000 ---p 00000000 00:00 0 
7f512826c000-7f5128bed000 rw-p 00000000 00:00 0 
7f5128bed000-7f5128bee000 ---p 00000000 00:00 0 
7f5128bee000-7f5128cee000 rw-p 00000000 00:00 0 
7f5128cee000-7f5128cef000 ---p 00000000 00:00 0 
7f5128cef000-7f512b5f7000 rw-p 00000000 00:00 0 
7f512b5f7000-7f512b5f8000 ---p 00000000 00:00 0 
7f512b5f8000-7f512b8e8000 rw-p 00000000 00:00 0 
7f512b8e8000-7f512d5b8000 ---p 00000000 00:00 0 
7f512d5b8000-7f512d7a8000 rw-p 00000000 00:00 0 
7f512d7a8000-7f512f478000 ---p 00000000 00:00 0 
7f512f478000-7f512f4b6000 rw-p 00000000 00:00 0 
7f512f4b6000-7f512f850000 ---p 00000000 00:00 0 
7f512f850000-7f512f88e000 rw-p 00000000 00:00 0 
7f512f88e000-7f512fc28000 ---p 00000000 00:00 0 
7f512fc28000-7f512fc66000 rw-p 00000000 00:00 0 
7f512fc66000-7f5130000000 ---p 00000000 00:00 0 
7f5130000000-7f5130021000 rw-p 00000000 00:00 0 
7f5130021000-7f5134000000 ---p 00000000 00:00 0 
7f5134004000-7f513402a000 r--p 00000000 08:06 6293024                    /usr/share/locale-langpack/fr/LC_MESSAGES/libc.mo
7f513402a000-7f513405b000 rw-p 00000000 00:00 0 
7f513405b000-7f513405c000 ---p 00000000 00:00 0 
7f513405c000-7f5134964000 rw-p 00000000 00:00 0 
7f5134964000-7f5134965000 ---p 00000000 00:00 0 
7f5134965000-7f5134a6a000 rw-p 00000000 00:00 0 
7f5134a6a000-7f5134b50000 ---p 00000000 00:00 0 
7f5134b50000-7f5134b59000 rw-p 00000000 00:00 0 
7f5134b59000-7f5134c3b000 ---p 00000000 00:00 0 
7f5134c3b000-7f5134eab000 rwxp 00000000 00:00 0 
7f5134eab000-7f51351cc000 ---p 00000000 00:00 0 
7f51351cc000-7f51355dc000 rwxp 00000000 00:00 0 
7f51355dc000-7f513c703000 ---p 00000000 00:00 0 
7f513c703000-7f513c973000 rwxp 00000000 00:00 0 
7f513c973000-7f5143c3b000 ---p 00000000 00:00 0 
7f5143c3b000-7f514c000000 r--s 00000000 08:06 4984382                    /usr/lib/jvm/java-11-oracle/lib/modules
7f514c000000-7f514cb63000 rw-p 00000000 00:00 0 
7f514cb63000-7f5150000000 ---p 00000000 00:00 0 
7f5150007000-7f515008a000 rw-p 00000000 00:00 0 
7f515008a000-7f51500a5000 r-xp 00000000 08:06 4984363                    /usr/lib/jvm/java-11-oracle/lib/libjimage.so
7f51500a5000-7f51502a4000 ---p 0001b000 08:06 4984363                    /usr/lib/jvm/java-11-oracle/lib/libjimage.so
7f51502a4000-7f51502a6000 r--p 0001a000 08:06 4984363                    /usr/lib/jvm/java-11-oracle/lib/libjimage.so
7f51502a6000-7f51502a7000 rw-p 0001c000 08:06 4984363                    /usr/lib/jvm/java-11-oracle/lib/libjimage.so
7f51502a7000-7f51502ae000 r-xp 00000000 08:06 4984381                    /usr/lib/jvm/java-11-oracle/lib/libzip.so
7f51502ae000-7f51504ad000 ---p 00007000 08:06 4984381                    /usr/lib/jvm/java-11-oracle/lib/libzip.so
7f51504ad000-7f51504ae000 r--p 00006000 08:06 4984381                    /usr/lib/jvm/java-11-oracle/lib/libzip.so
7f51504ae000-7f51504af000 rw-p 00007000 08:06 4984381                    /usr/lib/jvm/java-11-oracle/lib/libzip.so
7f51504af000-7f51504ba000 r-xp 00000000 08:06 30015582                   /lib/x86_64-linux-gnu/libnss_files-2.23.so
7f51504ba000-7f51506b9000 ---p 0000b000 08:06 30015582                   /lib/x86_64-linux-gnu/libnss_files-2.23.so
7f51506b9000-7f51506ba000 r--p 0000a000 08:06 30015582                   /lib/x86_64-linux-gnu/libnss_files-2.23.so
7f51506ba000-7f51506bb000 rw-p 0000b000 08:06 30015582                   /lib/x86_64-linux-gnu/libnss_files-2.23.so
7f51506bb000-7f51506c1000 rw-p 00000000 00:00 0 
7f51506c1000-7f51506cc000 r-xp 00000000 08:06 30015575                   /lib/x86_64-linux-gnu/libnss_nis-2.23.so
7f51506cc000-7f51508cb000 ---p 0000b000 08:06 30015575                   /lib/x86_64-linux-gnu/libnss_nis-2.23.so
7f51508cb000-7f51508cc000 r--p 0000a000 08:06 30015575                   /lib/x86_64-linux-gnu/libnss_nis-2.23.so
7f51508cc000-7f51508cd000 rw-p 0000b000 08:06 30015575                   /lib/x86_64-linux-gnu/libnss_nis-2.23.so
7f51508cd000-7f51508e3000 r-xp 00000000 08:06 30015580                   /lib/x86_64-linux-gnu/libnsl-2.23.so
7f51508e3000-7f5150ae2000 ---p 00016000 08:06 30015580                   /lib/x86_64-linux-gnu/libnsl-2.23.so
7f5150ae2000-7f5150ae3000 r--p 00015000 08:06 30015580                   /lib/x86_64-linux-gnu/libnsl-2.23.so
7f5150ae3000-7f5150ae4000 rw-p 00016000 08:06 30015580                   /lib/x86_64-linux-gnu/libnsl-2.23.so
7f5150ae4000-7f5150ae6000 rw-p 00000000 00:00 0 
7f5150ae6000-7f5150aee000 r-xp 00000000 08:06 30020063                   /lib/x86_64-linux-gnu/libnss_compat-2.23.so
7f5150aee000-7f5150ced000 ---p 00008000 08:06 30020063                   /lib/x86_64-linux-gnu/libnss_compat-2.23.so
7f5150ced000-7f5150cee000 r--p 00007000 08:06 30020063                   /lib/x86_64-linux-gnu/libnss_compat-2.23.so
7f5150cee000-7f5150cef000 rw-p 00008000 08:06 30020063                   /lib/x86_64-linux-gnu/libnss_compat-2.23.so
7f5150cef000-7f5150d18000 r-xp 00000000 08:06 4984359                    /usr/lib/jvm/java-11-oracle/lib/libjava.so
7f5150d18000-7f5150f18000 ---p 00029000 08:06 4984359                    /usr/lib/jvm/java-11-oracle/lib/libjava.so
7f5150f18000-7f5150f19000 r--p 00029000 08:06 4984359                    /usr/lib/jvm/java-11-oracle/lib/libjava.so
7f5150f19000-7f5150f1b000 rw-p 0002a000 08:06 4984359                    /usr/lib/jvm/java-11-oracle/lib/libjava.so
7f5150f1b000-7f5150f28000 r-xp 00000000 08:06 4984380                    /usr/lib/jvm/java-11-oracle/lib/libverify.so
7f5150f28000-7f5151127000 ---p 0000d000 08:06 4984380                    /usr/lib/jvm/java-11-oracle/lib/libverify.so
7f5151127000-7f5151129000 r--p 0000c000 08:06 4984380                    /usr/lib/jvm/java-11-oracle/lib/libverify.so
7f5151129000-7f515112a000 rw-p 0000e000 08:06 4984380                    /usr/lib/jvm/java-11-oracle/lib/libverify.so
7f515112a000-7f5151131000 r-xp 00000000 08:06 30015505                   /lib/x86_64-linux-gnu/librt-2.23.so
7f5151131000-7f5151330000 ---p 00007000 08:06 30015505                   /lib/x86_64-linux-gnu/librt-2.23.so
7f5151330000-7f5151331000 r--p 00006000 08:06 30015505                   /lib/x86_64-linux-gnu/librt-2.23.so
7f5151331000-7f5151332000 rw-p 00007000 08:06 30015505                   /lib/x86_64-linux-gnu/librt-2.23.so
7f5151332000-7f515143a000 r-xp 00000000 08:06 30020183                   /lib/x86_64-linux-gnu/libm-2.23.so
7f515143a000-7f5151639000 ---p 00108000 08:06 30020183                   /lib/x86_64-linux-gnu/libm-2.23.so
7f5151639000-7f515163a000 r--p 00107000 08:06 30020183                   /lib/x86_64-linux-gnu/libm-2.23.so
7f515163a000-7f515163b000 rw-p 00108000 08:06 30020183                   /lib/x86_64-linux-gnu/libm-2.23.so
7f515163b000-7f515277b000 r-xp 00000000 08:06 5512566                    /usr/lib/jvm/java-11-oracle/lib/server/libjvm.so
7f515277b000-7f515297b000 ---p 01140000 08:06 5512566                    /usr/lib/jvm/java-11-oracle/lib/server/libjvm.so
7f515297b000-7f5152a3a000 r--p 01140000 08:06 5512566                    /usr/lib/jvm/java-11-oracle/lib/server/libjvm.so
7f5152a3a000-7f5152a73000 rw-p 011ff000 08:06 5512566                    /usr/lib/jvm/java-11-oracle/lib/server/libjvm.so
7f5152a73000-7f5152aca000 rw-p 00000000 00:00 0 
7f5152aca000-7f5152c8a000 r-xp 00000000 08:06 30015585                   /lib/x86_64-linux-gnu/libc-2.23.so
7f5152c8a000-7f5152e8a000 ---p 001c0000 08:06 30015585                   /lib/x86_64-linux-gnu/libc-2.23.so
7f5152e8a000-7f5152e8e000 r--p 001c0000 08:06 30015585                   /lib/x86_64-linux-gnu/libc-2.23.so
7f5152e8e000-7f5152e90000 rw-p 001c4000 08:06 30015585                   /lib/x86_64-linux-gnu/libc-2.23.so
7f5152e90000-7f5152e94000 rw-p 00000000 00:00 0 
7f5152e94000-7f5152e97000 r-xp 00000000 08:06 30015570                   /lib/x86_64-linux-gnu/libdl-2.23.so
7f5152e97000-7f5153096000 ---p 00003000 08:06 30015570                   /lib/x86_64-linux-gnu/libdl-2.23.so
7f5153096000-7f5153097000 r--p 00002000 08:06 30015570                   /lib/x86_64-linux-gnu/libdl-2.23.so
7f5153097000-7f5153098000 rw-p 00003000 08:06 30015570                   /lib/x86_64-linux-gnu/libdl-2.23.so
7f5153098000-7f51530a8000 r-xp 00000000 08:06 5245244                    /usr/lib/jvm/java-11-oracle/lib/jli/libjli.so
7f51530a8000-7f51532a7000 ---p 00010000 08:06 5245244                    /usr/lib/jvm/java-11-oracle/lib/jli/libjli.so
7f51532a7000-7f51532a8000 r--p 0000f000 08:06 5245244                    /usr/lib/jvm/java-11-oracle/lib/jli/libjli.so
7f51532a8000-7f51532a9000 rw-p 00010000 08:06 5245244                    /usr/lib/jvm/java-11-oracle/lib/jli/libjli.so
7f51532a9000-7f51532c1000 r-xp 00000000 08:06 30015572                   /lib/x86_64-linux-gnu/libpthread-2.23.so
7f51532c1000-7f51534c0000 ---p 00018000 08:06 30015572                   /lib/x86_64-linux-gnu/libpthread-2.23.so
7f51534c0000-7f51534c1000 r--p 00017000 08:06 30015572                   /lib/x86_64-linux-gnu/libpthread-2.23.so
7f51534c1000-7f51534c2000 rw-p 00018000 08:06 30015572                   /lib/x86_64-linux-gnu/libpthread-2.23.so
7f51534c2000-7f51534c6000 rw-p 00000000 00:00 0 
7f51534c6000-7f51534df000 r-xp 00000000 08:06 30020356                   /lib/x86_64-linux-gnu/libz.so.1.2.8
7f51534df000-7f51536de000 ---p 00019000 08:06 30020356                   /lib/x86_64-linux-gnu/libz.so.1.2.8
7f51536de000-7f51536df000 r--p 00018000 08:06 30020356                   /lib/x86_64-linux-gnu/libz.so.1.2.8
7f51536df000-7f51536e0000 rw-p 00019000 08:06 30020356                   /lib/x86_64-linux-gnu/libz.so.1.2.8
7f51536e0000-7f5153706000 r-xp 00000000 08:06 30015571                   /lib/x86_64-linux-gnu/ld-2.23.so
7f515371f000-7f5153726000 r--s 00000000 08:06 4592036                    /usr/lib/x86_64-linux-gnu/gconv/gconv-modules.cache
7f5153726000-7f51537e7000 rw-p 00000000 00:00 0 
7f51537e7000-7f51537eb000 ---p 00000000 00:00 0 
7f51537eb000-7f51538ed000 rw-p 00000000 00:00 0 
7f51538ef000-7f51538f4000 rw-p 00000000 00:00 0 
7f51538f4000-7f51538fb000 ---p 00000000 00:00 0 
7f51538fb000-7f5153903000 rw-s 00000000 08:06 10882391                   /tmp/hsperfdata_lokhondiaye/12672
7f5153903000-7f5153904000 ---p 00000000 00:00 0 
7f5153904000-7f5153905000 r--p 00000000 00:00 0 
7f5153905000-7f5153906000 r--p 00025000 08:06 30015571                   /lib/x86_64-linux-gnu/ld-2.23.so
7f5153906000-7f5153907000 rw-p 00026000 08:06 30015571                   /lib/x86_64-linux-gnu/ld-2.23.so
7f5153907000-7f5153908000 rw-p 00000000 00:00 0 
7ffc5ab49000-7ffc5ab6a000 rw-p 00000000 00:00 0                          [stack]
7ffc5abbf000-7ffc5abc2000 r--p 00000000 00:00 0                          [vvar]
7ffc5abc2000-7ffc5abc4000 r-xp 00000000 00:00 0                          [vdso]
ffffffffff600000-ffffffffff601000 r-xp 00000000 00:00 0                  [vsyscall]


VM Arguments:
jvm_args: -Djava.awt.headless=true -Dsonarlint.home=/home/lokhondiaye/.vscode/extensions/silverbulleters.sonarqube-inject-2.1.0/tools/sonarlint-cli -Dproject.home=/var/www/html/SYMFONY/API/transfertArgent -Dorg.freemarker.loggerLibrary=none 
java_command: org.sonarlint.cli.Main --reportType console --src src/Controller/UserController.php --charset UTF-8
java_class_path (initial): /home/lokhondiaye/.vscode/extensions/silverbulleters.sonarqube-inject-2.1.0/tools/sonarlint-cli/lib/sonarlint-cli-2.1-SNAPSHOT.jar
Launcher Type: SUN_STANDARD

[Global flags]
     intx CICompilerCount                          = 4                                         {product} {ergonomic}
     uint ConcGCThreads                            = 2                                         {product} {ergonomic}
     uint G1ConcRefinementThreads                  = 8                                         {product} {ergonomic}
   size_t G1HeapRegionSize                         = 1048576                                   {product} {ergonomic}
    uintx GCDrainStackTargetSize                   = 64                                        {product} {ergonomic}
   size_t InitialHeapSize                          = 130023424                                 {product} {ergonomic}
   size_t MarkStackSize                            = 4194304                                   {product} {ergonomic}
   size_t MaxHeapSize                              = 2063597568                                {product} {ergonomic}
   size_t MaxNewSize                               = 1237319680                                {product} {ergonomic}
   size_t MinHeapDeltaBytes                        = 1048576                                   {product} {ergonomic}
    uintx NonNMethodCodeHeapSize                   = 5835340                                {pd product} {ergonomic}
    uintx NonProfiledCodeHeapSize                  = 122911450                              {pd product} {ergonomic}
    uintx ProfiledCodeHeapSize                     = 122911450                              {pd product} {ergonomic}
    uintx ReservedCodeCacheSize                    = 251658240                              {pd product} {ergonomic}
     bool SegmentedCodeCache                       = true                                      {product} {ergonomic}
     bool UseCompressedClassPointers               = true                                 {lp64_product} {ergonomic}
     bool UseCompressedOops                        = true                                 {lp64_product} {ergonomic}
     bool UseG1GC                                  = true                                      {product} {ergonomic}

Logging:
Log output configuration:
 #0: stdout all=warning uptime,level,tags
 #1: stderr all=off uptime,level,tags

Environment Variables:
JAVA_HOME=/usr/lib/jvm/java-11-oracle
PATH=/home/lokhondiaye/bin:/home/lokhondiaye/.local/bin:/home/lokhondiaye/bin:/home/lokhondiaye/.local/bin:/usr/local/sbin:/usr/local/bin:/usr/sbin:/usr/bin:/sbin:/bin:/usr/games:/usr/local/games:/snap/bin:/usr/lib/jvm/java-11-oracle/bin:/usr/lib/jvm/java-11-oracle/db/bin:/usr/lib/jvm/java-11-oracle/bin:/usr/lib/jvm/java-11-oracle/db/bin
SHELL=/bin/bash
DISPLAY=:0

Signal Handlers:
SIGSEGV: [libjvm.so+0xe2b7d0], sa_mask[0]=11111111011111111101111111111110, sa_flags=SA_RESTART|SA_SIGINFO
SIGBUS: [libjvm.so+0xe2b7d0], sa_mask[0]=11111111011111111101111111111110, sa_flags=SA_RESTART|SA_SIGINFO
SIGFPE: [libjvm.so+0xe2b7d0], sa_mask[0]=11111111011111111101111111111110, sa_flags=SA_RESTART|SA_SIGINFO
SIGPIPE: [libjvm.so+0xbffe60], sa_mask[0]=11111111011111111101111111111110, sa_flags=SA_RESTART|SA_SIGINFO
SIGXFSZ: [libjvm.so+0xbffe60], sa_mask[0]=11111111011111111101111111111110, sa_flags=SA_RESTART|SA_SIGINFO
SIGILL: [libjvm.so+0xe2b7d0], sa_mask[0]=11111111011111111101111111111110, sa_flags=SA_RESTART|SA_SIGINFO
SIGUSR2: [libjvm.so+0xbffd00], sa_mask[0]=00000000000000000000000000000000, sa_flags=SA_RESTART|SA_SIGINFO
SIGHUP: [libjvm.so+0xc00060], sa_mask[0]=11111111011111111101111111111110, sa_flags=SA_RESTART|SA_SIGINFO
SIGINT: [libjvm.so+0xc00060], sa_mask[0]=11111111011111111101111111111110, sa_flags=SA_RESTART|SA_SIGINFO
SIGTERM: [libjvm.so+0xc00060], sa_mask[0]=11111111011111111101111111111110, sa_flags=SA_RESTART|SA_SIGINFO
SIGQUIT: [libjvm.so+0xc00060], sa_mask[0]=11111111011111111101111111111110, sa_flags=SA_RESTART|SA_SIGINFO


---------------  S Y S T E M  ---------------

OS:DISTRIB_ID=Ubuntu
DISTRIB_RELEASE=16.04
DISTRIB_CODENAME=xenial
DISTRIB_DESCRIPTION="Ubuntu 16.04.6 LTS"
uname:Linux 4.15.0-54-generic #58~16.04.1-Ubuntu SMP Mon Jun 24 13:21:41 UTC 2019 x86_64
libc:glibc 2.23 NPTL 2.23 
rlimit: STACK 8192k, CORE 0k, NPROC 30891, NOFILE 1048576, AS infinity, DATA infinity, FSIZE infinity
load average:40,75 15,31 6,02

/proc/meminfo:
MemTotal:        8058736 kB
MemFree:          122548 kB
MemAvailable:      51136 kB
Buffers:            5488 kB
Cached:           416916 kB
SwapCached:         7172 kB
Active:          6164960 kB
Inactive:        1356036 kB
Active(anon):    6144304 kB
Inactive(anon):  1317808 kB
Active(file):      20656 kB
Inactive(file):    38228 kB
Unevictable:          48 kB
Mlocked:              48 kB
SwapTotal:       1000444 kB
SwapFree:             20 kB
Dirty:                84 kB
Writeback:           104 kB
AnonPages:       7092420 kB
Mapped:           270828 kB
Shmem:            362928 kB
Slab:             210932 kB
SReclaimable:      71112 kB
SUnreclaim:       139820 kB
KernelStack:       26128 kB
PageTables:        82632 kB
NFS_Unstable:          0 kB
Bounce:                0 kB
WritebackTmp:          0 kB
CommitLimit:     5029812 kB
Committed_AS:   17715800 kB
VmallocTotal:   34359738367 kB
VmallocUsed:           0 kB
VmallocChunk:          0 kB
HardwareCorrupted:     0 kB
AnonHugePages:         0 kB
ShmemHugePages:        0 kB
ShmemPmdMapped:        0 kB
CmaTotal:              0 kB
CmaFree:               0 kB
HugePages_Total:       0
HugePages_Free:        0
HugePages_Rsvd:        0
HugePages_Surp:        0
Hugepagesize:       2048 kB
DirectMap4k:      292448 kB
DirectMap2M:     6940672 kB
DirectMap1G:     1048576 kB


/proc/sys/kernel/threads-max (system-wide limit on the number of threads):
61783


/proc/sys/vm/max_map_count (maximum number of memory map areas a process may have):
65530


/proc/sys/kernel/pid_max (system-wide limit on number of process identifiers):
32768



container (cgroup) information:
container_type: cgroupv1
cpu_cpuset_cpus: 0-7
cpu_memory_nodes: 0
active_processor_count: 8
cpu_quota: -1
cpu_period: 100000
cpu_shares: -1
memory_limit_in_bytes: -1
memory_and_swap_limit_in_bytes: -2
memory_soft_limit_in_bytes: -1
memory_usage_in_bytes: 5888876544
memory_max_usage_in_bytes: 5897285632


CPU:total 8 (initial active 8) (4 cores per cpu, 2 threads per core) family 6 model 142 stepping 10, cmov, cx8, fxsr, mmx, sse, sse2, sse3, ssse3, sse4.1, sse4.2, popcnt, avx, avx2, aes, clmul, erms, 3dnowpref, lzcnt, ht, tsc, tscinvbit, bmi1, bmi2, adx, fma
CPU Model and flags from /proc/cpuinfo:
model name	: Intel(R) Core(TM) i7-8550U CPU @ 1.80GHz
flags		: fpu vme de pse tsc msr pae mce cx8 apic sep mtrr pge mca cmov pat pse36 clflush dts acpi mmx fxsr sse sse2 ss ht tm pbe syscall nx pdpe1gb rdtscp lm constant_tsc art arch_perfmon pebs bts rep_good nopl xtopology nonstop_tsc cpuid aperfmperf tsc_known_freq pni pclmulqdq dtes64 monitor ds_cpl vmx est tm2 ssse3 sdbg fma cx16 xtpr pdcm pcid sse4_1 sse4_2 x2apic movbe popcnt tsc_deadline_timer aes xsave avx f16c rdrand lahf_lm abm 3dnowprefetch cpuid_fault epb invpcid_single pti ssbd ibrs ibpb stibp tpr_shadow vnmi flexpriority ept vpid fsgsbase tsc_adjust bmi1 avx2 smep bmi2 erms invpcid mpx rdseed adx smap clflushopt intel_pt xsaveopt xsavec xgetbv1 xsaves dtherm ida arat pln pts hwp hwp_notify hwp_act_window hwp_epp md_clear flush_l1d

Memory: 4k page, physical 8058736k(140228k free), swap 1000444k(0k free)

vm_info: Java HotSpot(TM) 64-Bit Server VM (11.0.3+12-LTS) for linux-amd64 JRE (11.0.3+12-LTS), built on Apr  2 2019 04:32:42 by "mach5one" with gcc 7.3.0

END.
