#
# There is insufficient memory for the Java Runtime Environment to continue.
# Native memory allocation (mmap) failed to map 260046848 bytes for committing reserved memory.
# Possible reasons:
#   The system is out of physical RAM or swap space
#   The process is running with CompressedOops enabled, and the Java Heap may be blocking the growth of the native heap
# Possible solutions:
#   Reduce memory load on the system
#   Increase physical memory or swap space
#   Check if swap backing store is full
#   Decrease Java heap size (-Xmx/-Xms)
#   Decrease number of Java threads
#   Decrease Java thread stack sizes (-Xss)
#   Set larger code cache with -XX:ReservedCodeCacheSize=
#   JVM is running with Unscaled Compressed Oops mode in which the Java heap is
#     placed in the first 4GB address space. The Java Heap base address is the
#     maximum limit for the native heap growth. Please use -XX:HeapBaseMinAddress
#     to set the Java Heap base and to place the Java Heap above 4GB virtual address.
# This output file may be truncated or incomplete.
#
#  Out of Memory Error (os_linux.cpp:2720), pid=12648, tid=12660
#
# JRE version: Java(TM) SE Runtime Environment (11.0.3+12) (build 11.0.3+12-LTS)
# Java VM: Java HotSpot(TM) 64-Bit Server VM (11.0.3+12-LTS, mixed mode, tiered, compressed oops, g1 gc, linux-amd64)
# Core dump will be written. Default location: Core dumps may be processed with "/usr/share/apport/apport %p %s %c %d %P" (or dumping to /var/www/html/SYMFONY/API/transfertArgent/core.12648)
#

---------------  S U M M A R Y ------------

Command Line: -Djava.awt.headless=true -Dsonarlint.home=/home/lokhondiaye/.vscode/extensions/silverbulleters.sonarqube-inject-2.1.0/tools/sonarlint-cli -Dproject.home=/var/www/html/SYMFONY/API/transfertArgent -Dorg.freemarker.loggerLibrary=none org.sonarlint.cli.Main --reportType console --src src/Controller/UserController.php --charset UTF-8

Host: Intel(R) Core(TM) i7-8550U CPU @ 1.80GHz, 8 cores, 7G, Ubuntu 16.04.6 LTS
Time: Wed Jul 24 16:41:42 2019 GMT elapsed time: 79 seconds (0d 0h 1m 19s)

---------------  T H R E A D  ---------------

Current thread (0x00007f77d0157000):  VMThread "VM Thread" [stack: 0x00007f77d4581000,0x00007f77d4681000] [id=12660]

Stack: [0x00007f77d4581000,0x00007f77d4681000],  sp=0x00007f77d467ef80,  free space=1015k
Native frames: (J=compiled Java code, A=aot compiled Java code, j=interpreted, Vv=VM code, C=native code)
V  [libjvm.so+0xe29d97]  VMError::report_and_die(int, char const*, char const*, __va_list_tag*, Thread*, unsigned char*, void*, void*, char const*, int, unsigned long)+0x317
V  [libjvm.so+0xe2a9fb]  VMError::report_and_die(Thread*, char const*, int, unsigned long, VMErrorType, char const*, __va_list_tag*)+0x2b
V  [libjvm.so+0x69a845]  report_vm_out_of_memory(char const*, int, unsigned long, VMErrorType, char const*, ...)+0xd5
V  [libjvm.so+0xc04148]  os::pd_commit_memory_or_exit(char*, unsigned long, unsigned long, bool, char const*)+0x108
V  [libjvm.so+0xbfb6ad]  os::commit_memory_or_exit(char*, unsigned long, unsigned long, bool, char const*)+0x1d
V  [libjvm.so+0x7b3aec]  G1PageBasedVirtualSpace::commit_preferred_pages(unsigned long, unsigned long)+0x6c
V  [libjvm.so+0x7b3d8e]  G1PageBasedVirtualSpace::commit(unsigned long, unsigned long)+0x5e
V  [libjvm.so+0x7bfb60]  G1RegionsLargerThanCommitSizeMapper::commit_regions(unsigned int, unsigned long, WorkGang*)+0x40
V  [libjvm.so+0x83b5a9]  HeapRegionManager::commit_regions(unsigned int, unsigned long, WorkGang*)+0x89
V  [libjvm.so+0x83c1ff]  HeapRegionManager::make_regions_available(unsigned int, unsigned int, WorkGang*)+0x3f
V  [libjvm.so+0x83c689]  HeapRegionManager::expand_at(unsigned int, unsigned int, WorkGang*) [clone .part.44]+0x119
V  [libjvm.so+0x77827f]  G1CollectedHeap::expand(unsigned long, WorkGang*, double*)+0xdf
V  [libjvm.so+0x77d04a]  G1CollectedHeap::do_collection_pause_at_safepoint(double)+0xa9a
V  [libjvm.so+0xe359a1]  VM_G1CollectForAllocation::doit()+0x81
V  [libjvm.so+0xe34537]  VM_Operation::evaluate()+0xe7
V  [libjvm.so+0xe31d1f]  VMThread::evaluate_operation(VM_Operation*) [clone .constprop.54]+0xff
V  [libjvm.so+0xe32256]  VMThread::loop()+0x3e6
V  [libjvm.so+0xe3269b]  VMThread::run()+0x7b
V  [libjvm.so+0xc0a000]  thread_native_entry(Thread*)+0xf0

VM_Operation (0x00007f77da250ce0): G1CollectForAllocation, mode: safepoint, requested by thread 0x00007f77d0011800


---------------  P R O C E S S  ---------------

Threads class SMR info:
_java_thread_list=0x00007f77680310f0, length=9, elements={
0x00007f77d0011800, 0x00007f77d015f000, 0x00007f77d0163800, 0x00007f77d0176800,
0x00007f77d0179000, 0x00007f77d017b000, 0x00007f77d017d000, 0x00007f77d0202800,
0x00007f77d0213000
}

Java Threads: ( => current thread )
  0x00007f77d0011800 JavaThread "main" [_thread_blocked, id=12652, stack(0x00007f77da155000,0x00007f77da256000)]
  0x00007f77d015f000 JavaThread "Reference Handler" daemon [_thread_blocked, id=12661, stack(0x00007f77d447f000,0x00007f77d4580000)]
  0x00007f77d0163800 JavaThread "Finalizer" daemon [_thread_blocked, id=12662, stack(0x00007f77d437e000,0x00007f77d447f000)]
  0x00007f77d0176800 JavaThread "Signal Dispatcher" daemon [_thread_blocked, id=12663, stack(0x00007f77b833a000,0x00007f77b843b000)]
  0x00007f77d0179000 JavaThread "C2 CompilerThread0" daemon [_thread_blocked, id=12664, stack(0x00007f77b8239000,0x00007f77b833a000)]
  0x00007f77d017b000 JavaThread "C1 CompilerThread0" daemon [_thread_blocked, id=12665, stack(0x00007f77b8138000,0x00007f77b8239000)]
  0x00007f77d017d000 JavaThread "Sweeper thread" daemon [_thread_blocked, id=12666, stack(0x00007f77b8037000,0x00007f77b8138000)]
  0x00007f77d0202800 JavaThread "Service Thread" daemon [_thread_blocked, id=12667, stack(0x00007f77b017f000,0x00007f77b0280000)]
  0x00007f77d0213000 JavaThread "Common-Cleaner" daemon [_thread_blocked, id=12669, stack(0x00007f77a9eff000,0x00007f77aa000000)]

Other Threads:
=>0x00007f77d0157000 VMThread "VM Thread" [stack: 0x00007f77d4581000,0x00007f77d4681000] [id=12660]
  0x00007f77d0209800 WatcherThread [stack: 0x00007f77b007f000,0x00007f77b017f000] [id=12668]
  0x00007f77d0039000 GCTaskThread "GC Thread#0" [stack: 0x00007f77d6722000,0x00007f77d6822000] [id=12655]
  0x00007f779c001000 GCTaskThread "GC Thread#1" [stack: 0x00007f77a93d6000,0x00007f77a94d6000] [id=12697]
  0x00007f77d006a800 ConcurrentGCThread "G1 Main Marker" [stack: 0x00007f77d5291000,0x00007f77d5391000] [id=12656]
  0x00007f77d006c000 ConcurrentGCThread "G1 Conc#0" [stack: 0x00007f77d5190000,0x00007f77d5290000] [id=12657]
  0x00007f77ac001000 ConcurrentGCThread "G1 Conc#1" [stack: 0x00007f77a8fd4000,0x00007f77a90d4000] [id=12744]
  0x00007f77d00f5000 ConcurrentGCThread "G1 Refine#0" [stack: 0x00007f77d4887000,0x00007f77d4987000] [id=12658]
  0x00007f77d00f6800 ConcurrentGCThread "G1 Young RemSet Sampling" [stack: 0x00007f77d4786000,0x00007f77d4886000] [id=12659]

Threads with active compile tasks:
C2 CompilerThread01805       4       java.lang.StringLatin1::toUpperCase (180 bytes)
C1 CompilerThread01795   !   3       sun.net.www.protocol.jar.JarURLConnection::connect (163 bytes)

VM state:at safepoint (normal execution)

VM Mutex/Monitor currently owned by a thread:  ([mutex/lock_event])
[0x00007f77d000d6a0] Threads_lock - owner thread: 0x00007f77d0157000
[0x00007f77d000ddf0] Heap_lock - owner thread: 0x00007f77d0011800

Heap address: 0x0000000085000000, size: 1968 MB, Compressed Oops mode: 32-bit
Narrow klass base: 0x0000000000000000, Narrow klass shift: 3
Compressed class space size: 1073741824 Address: 0x0000000100000000

Heap:
 garbage-first heap   total 380928K, used 7415K [0x0000000085000000, 0x0000000100000000)
  region size 1024K, 1 young (1024K), 1 survivors (1024K)
 Metaspace       used 20661K, capacity 21192K, committed 21552K, reserved 1069056K
  class space    used 2509K, capacity 2650K, committed 2688K, reserved 1048576K
Heap Regions: E=young(eden), S=young(survivor), O=old, HS=humongous(starts), HC=humongous(continues), CS=collection set, F=free, A=archive, TAMS=top-at-mark-start (previous, next)
|   0|0x0000000085000000, 0x0000000085100000, 0x0000000085100000|100%|HS|  |TAMS 0x0000000085100000, 0x0000000085000000| Complete 
|   1|0x0000000085100000, 0x0000000085200000, 0x0000000085200000|100%| O|  |TAMS 0x0000000085200000, 0x0000000085100000| Untracked 
|   2|0x0000000085200000, 0x0000000085300000, 0x0000000085300000|100%| O|  |TAMS 0x0000000085227600, 0x0000000085200000| Untracked 
|   3|0x0000000085300000, 0x0000000085400000, 0x0000000085400000|100%| O|  |TAMS 0x0000000085300000, 0x0000000085300000| Untracked 
|   4|0x0000000085400000, 0x0000000085500000, 0x0000000085500000|100%| O|  |TAMS 0x0000000085400000, 0x0000000085400000| Untracked 
|   5|0x0000000085500000, 0x0000000085600000, 0x0000000085600000|100%| O|  |TAMS 0x0000000085500000, 0x0000000085500000| Untracked 
|   6|0x0000000085600000, 0x00000000856e9e00, 0x0000000085700000| 91%| O|  |TAMS 0x0000000085600000, 0x0000000085600000| Untracked 
|   7|0x0000000085700000, 0x0000000085700000, 0x0000000085800000|  0%| F|  |TAMS 0x0000000085700000, 0x0000000085700000| Untracked 
|   8|0x0000000085800000, 0x0000000085800000, 0x0000000085900000|  0%| F|  |TAMS 0x0000000085800000, 0x0000000085800000| Untracked 
|   9|0x0000000085900000, 0x0000000085900000, 0x0000000085a00000|  0%| F|  |TAMS 0x0000000085900000, 0x0000000085900000| Untracked 
|  10|0x0000000085a00000, 0x0000000085a00000, 0x0000000085b00000|  0%| F|  |TAMS 0x0000000085a00000, 0x0000000085a00000| Untracked 
|  11|0x0000000085b00000, 0x0000000085b00000, 0x0000000085c00000|  0%| F|  |TAMS 0x0000000085b00000, 0x0000000085b00000| Untracked 
|  12|0x0000000085c00000, 0x0000000085c00000, 0x0000000085d00000|  0%| F|  |TAMS 0x0000000085c00000, 0x0000000085c00000| Untracked 
|  13|0x0000000085d00000, 0x0000000085d00000, 0x0000000085e00000|  0%| F|  |TAMS 0x0000000085d00000, 0x0000000085d00000| Untracked 
|  14|0x0000000085e00000, 0x0000000085e00000, 0x0000000085f00000|  0%| F|  |TAMS 0x0000000085e00000, 0x0000000085e00000| Untracked 
|  15|0x0000000085f00000, 0x0000000085f00000, 0x0000000086000000|  0%| F|  |TAMS 0x0000000085f00000, 0x0000000085f00000| Untracked 
|  16|0x0000000086000000, 0x0000000086000000, 0x0000000086100000|  0%| F|  |TAMS 0x0000000086000000, 0x0000000086000000| Untracked 
|  17|0x0000000086100000, 0x0000000086100000, 0x0000000086200000|  0%| F|  |TAMS 0x0000000086100000, 0x0000000086100000| Untracked 
|  18|0x0000000086200000, 0x0000000086200000, 0x0000000086300000|  0%| F|  |TAMS 0x0000000086200000, 0x0000000086200000| Untracked 
|  19|0x0000000086300000, 0x0000000086300000, 0x0000000086400000|  0%| F|  |TAMS 0x0000000086300000, 0x0000000086300000| Untracked 
|  20|0x0000000086400000, 0x0000000086400000, 0x0000000086500000|  0%| F|  |TAMS 0x0000000086400000, 0x0000000086400000| Untracked 
|  21|0x0000000086500000, 0x0000000086500000, 0x0000000086600000|  0%| F|  |TAMS 0x0000000086500000, 0x0000000086500000| Untracked 
|  22|0x0000000086600000, 0x0000000086600000, 0x0000000086700000|  0%| F|  |TAMS 0x0000000086600000, 0x0000000086600000| Untracked 
|  23|0x0000000086700000, 0x0000000086700000, 0x0000000086800000|  0%| F|  |TAMS 0x0000000086700000, 0x0000000086700000| Untracked 
|  24|0x0000000086800000, 0x0000000086800000, 0x0000000086900000|  0%| F|  |TAMS 0x0000000086800000, 0x0000000086800000| Untracked 
|  25|0x0000000086900000, 0x0000000086900000, 0x0000000086a00000|  0%| F|  |TAMS 0x0000000086900000, 0x0000000086900000| Untracked 
|  26|0x0000000086a00000, 0x0000000086a00000, 0x0000000086b00000|  0%| F|  |TAMS 0x0000000086a00000, 0x0000000086a00000| Untracked 
|  27|0x0000000086b00000, 0x0000000086b00000, 0x0000000086c00000|  0%| F|  |TAMS 0x0000000086b00000, 0x0000000086b00000| Untracked 
|  28|0x0000000086c00000, 0x0000000086c00000, 0x0000000086d00000|  0%| F|  |TAMS 0x0000000086c00000, 0x0000000086c00000| Untracked 
|  29|0x0000000086d00000, 0x0000000086d00000, 0x0000000086e00000|  0%| F|  |TAMS 0x0000000086d00000, 0x0000000086d00000| Untracked 
|  30|0x0000000086e00000, 0x0000000086e00000, 0x0000000086f00000|  0%| F|  |TAMS 0x0000000086e00000, 0x0000000086e00000| Untracked 
|  31|0x0000000086f00000, 0x0000000086f00000, 0x0000000087000000|  0%| F|  |TAMS 0x0000000086f00000, 0x0000000086f00000| Untracked 
|  32|0x0000000087000000, 0x0000000087000000, 0x0000000087100000|  0%| F|  |TAMS 0x0000000087000000, 0x0000000087000000| Untracked 
|  33|0x0000000087100000, 0x0000000087100000, 0x0000000087200000|  0%| F|  |TAMS 0x0000000087100000, 0x0000000087100000| Untracked 
|  34|0x0000000087200000, 0x0000000087200000, 0x0000000087300000|  0%| F|  |TAMS 0x0000000087200000, 0x0000000087200000| Untracked 
|  35|0x0000000087300000, 0x0000000087300000, 0x0000000087400000|  0%| F|  |TAMS 0x0000000087300000, 0x0000000087300000| Untracked 
|  36|0x0000000087400000, 0x0000000087400000, 0x0000000087500000|  0%| F|  |TAMS 0x0000000087400000, 0x0000000087400000| Untracked 
|  37|0x0000000087500000, 0x0000000087500000, 0x0000000087600000|  0%| F|  |TAMS 0x0000000087500000, 0x0000000087500000| Untracked 
|  38|0x0000000087600000, 0x0000000087600000, 0x0000000087700000|  0%| F|  |TAMS 0x0000000087600000, 0x0000000087600000| Untracked 
|  39|0x0000000087700000, 0x0000000087700000, 0x0000000087800000|  0%| F|  |TAMS 0x0000000087700000, 0x0000000087700000| Untracked 
|  40|0x0000000087800000, 0x0000000087800000, 0x0000000087900000|  0%| F|  |TAMS 0x0000000087800000, 0x0000000087800000| Untracked 
|  41|0x0000000087900000, 0x0000000087900000, 0x0000000087a00000|  0%| F|  |TAMS 0x0000000087900000, 0x0000000087900000| Untracked 
|  42|0x0000000087a00000, 0x0000000087a00000, 0x0000000087b00000|  0%| F|  |TAMS 0x0000000087a00000, 0x0000000087a00000| Untracked 
|  43|0x0000000087b00000, 0x0000000087b00000, 0x0000000087c00000|  0%| F|  |TAMS 0x0000000087b00000, 0x0000000087b00000| Untracked 
|  44|0x0000000087c00000, 0x0000000087c00000, 0x0000000087d00000|  0%| F|  |TAMS 0x0000000087c00000, 0x0000000087c00000| Untracked 
|  45|0x0000000087d00000, 0x0000000087d00000, 0x0000000087e00000|  0%| F|  |TAMS 0x0000000087d00000, 0x0000000087d00000| Untracked 
|  46|0x0000000087e00000, 0x0000000087e00000, 0x0000000087f00000|  0%| F|  |TAMS 0x0000000087e00000, 0x0000000087e00000| Untracked 
|  47|0x0000000087f00000, 0x0000000087f00000, 0x0000000088000000|  0%| F|  |TAMS 0x0000000087f00000, 0x0000000087f00000| Untracked 
|  48|0x0000000088000000, 0x0000000088000000, 0x0000000088100000|  0%| F|  |TAMS 0x0000000088000000, 0x0000000088000000| Untracked 
|  49|0x0000000088100000, 0x0000000088100000, 0x0000000088200000|  0%| F|  |TAMS 0x0000000088100000, 0x0000000088100000| Untracked 
|  50|0x0000000088200000, 0x0000000088200000, 0x0000000088300000|  0%| F|  |TAMS 0x0000000088200000, 0x0000000088200000| Untracked 
|  51|0x0000000088300000, 0x0000000088300000, 0x0000000088400000|  0%| F|  |TAMS 0x0000000088300000, 0x0000000088300000| Untracked 
|  52|0x0000000088400000, 0x0000000088400000, 0x0000000088500000|  0%| F|  |TAMS 0x0000000088400000, 0x0000000088400000| Untracked 
|  53|0x0000000088500000, 0x0000000088500000, 0x0000000088600000|  0%| F|  |TAMS 0x0000000088500000, 0x0000000088500000| Untracked 
|  54|0x0000000088600000, 0x0000000088600000, 0x0000000088700000|  0%| F|  |TAMS 0x0000000088600000, 0x0000000088600000| Untracked 
|  55|0x0000000088700000, 0x0000000088700000, 0x0000000088800000|  0%| F|  |TAMS 0x0000000088700000, 0x0000000088700000| Untracked 
|  56|0x0000000088800000, 0x0000000088800000, 0x0000000088900000|  0%| F|  |TAMS 0x0000000088800000, 0x0000000088800000| Untracked 
|  57|0x0000000088900000, 0x0000000088900000, 0x0000000088a00000|  0%| F|  |TAMS 0x0000000088900000, 0x0000000088900000| Untracked 
|  58|0x0000000088a00000, 0x0000000088a00000, 0x0000000088b00000|  0%| F|  |TAMS 0x0000000088a00000, 0x0000000088a00000| Untracked 
|  59|0x0000000088b00000, 0x0000000088b00000, 0x0000000088c00000|  0%| F|  |TAMS 0x0000000088b00000, 0x0000000088b00000| Untracked 
|  60|0x0000000088c00000, 0x0000000088c00000, 0x0000000088d00000|  0%| F|  |TAMS 0x0000000088c00000, 0x0000000088c00000| Untracked 
|  61|0x0000000088d00000, 0x0000000088d00000, 0x0000000088e00000|  0%| F|  |TAMS 0x0000000088d00000, 0x0000000088d00000| Untracked 
|  62|0x0000000088e00000, 0x0000000088e00000, 0x0000000088f00000|  0%| F|  |TAMS 0x0000000088e00000, 0x0000000088e00000| Untracked 
|  63|0x0000000088f00000, 0x0000000088f00000, 0x0000000089000000|  0%| F|  |TAMS 0x0000000088f00000, 0x0000000088f00000| Untracked 
|  64|0x0000000089000000, 0x0000000089000000, 0x0000000089100000|  0%| F|  |TAMS 0x0000000089000000, 0x0000000089000000| Untracked 
|  65|0x0000000089100000, 0x0000000089100000, 0x0000000089200000|  0%| F|  |TAMS 0x0000000089100000, 0x0000000089100000| Untracked 
|  66|0x0000000089200000, 0x0000000089200000, 0x0000000089300000|  0%| F|  |TAMS 0x0000000089200000, 0x0000000089200000| Untracked 
|  67|0x0000000089300000, 0x0000000089300000, 0x0000000089400000|  0%| F|  |TAMS 0x0000000089300000, 0x0000000089300000| Untracked 
|  68|0x0000000089400000, 0x0000000089400000, 0x0000000089500000|  0%| F|  |TAMS 0x0000000089400000, 0x0000000089400000| Untracked 
|  69|0x0000000089500000, 0x0000000089500000, 0x0000000089600000|  0%| F|  |TAMS 0x0000000089500000, 0x0000000089500000| Untracked 
|  70|0x0000000089600000, 0x0000000089600000, 0x0000000089700000|  0%| F|  |TAMS 0x0000000089600000, 0x0000000089600000| Untracked 
|  71|0x0000000089700000, 0x0000000089700000, 0x0000000089800000|  0%| F|  |TAMS 0x0000000089700000, 0x0000000089700000| Untracked 
|  72|0x0000000089800000, 0x0000000089800000, 0x0000000089900000|  0%| F|  |TAMS 0x0000000089800000, 0x0000000089800000| Untracked 
|  73|0x0000000089900000, 0x0000000089900000, 0x0000000089a00000|  0%| F|  |TAMS 0x0000000089900000, 0x0000000089900000| Untracked 
|  74|0x0000000089a00000, 0x0000000089a00000, 0x0000000089b00000|  0%| F|  |TAMS 0x0000000089a00000, 0x0000000089a00000| Untracked 
|  75|0x0000000089b00000, 0x0000000089b00000, 0x0000000089c00000|  0%| F|  |TAMS 0x0000000089b00000, 0x0000000089b00000| Untracked 
|  76|0x0000000089c00000, 0x0000000089c00000, 0x0000000089d00000|  0%| F|  |TAMS 0x0000000089c00000, 0x0000000089c00000| Untracked 
|  77|0x0000000089d00000, 0x0000000089d00000, 0x0000000089e00000|  0%| F|  |TAMS 0x0000000089d00000, 0x0000000089d00000| Untracked 
|  78|0x0000000089e00000, 0x0000000089e00000, 0x0000000089f00000|  0%| F|  |TAMS 0x0000000089e00000, 0x0000000089e00000| Untracked 
|  79|0x0000000089f00000, 0x0000000089f00000, 0x000000008a000000|  0%| F|  |TAMS 0x0000000089f00000, 0x0000000089f00000| Untracked 
|  80|0x000000008a000000, 0x000000008a000000, 0x000000008a100000|  0%| F|  |TAMS 0x000000008a000000, 0x000000008a000000| Untracked 
|  81|0x000000008a100000, 0x000000008a100000, 0x000000008a200000|  0%| F|  |TAMS 0x000000008a100000, 0x000000008a100000| Untracked 
|  82|0x000000008a200000, 0x000000008a200000, 0x000000008a300000|  0%| F|  |TAMS 0x000000008a200000, 0x000000008a200000| Untracked 
|  83|0x000000008a300000, 0x000000008a300000, 0x000000008a400000|  0%| F|  |TAMS 0x000000008a300000, 0x000000008a300000| Untracked 
|  84|0x000000008a400000, 0x000000008a400000, 0x000000008a500000|  0%| F|  |TAMS 0x000000008a400000, 0x000000008a400000| Untracked 
|  85|0x000000008a500000, 0x000000008a500000, 0x000000008a600000|  0%| F|  |TAMS 0x000000008a500000, 0x000000008a500000| Untracked 
|  86|0x000000008a600000, 0x000000008a600000, 0x000000008a700000|  0%| F|  |TAMS 0x000000008a600000, 0x000000008a600000| Untracked 
|  87|0x000000008a700000, 0x000000008a700000, 0x000000008a800000|  0%| F|  |TAMS 0x000000008a700000, 0x000000008a700000| Untracked 
|  88|0x000000008a800000, 0x000000008a800000, 0x000000008a900000|  0%| F|  |TAMS 0x000000008a800000, 0x000000008a800000| Untracked 
|  89|0x000000008a900000, 0x000000008a900000, 0x000000008aa00000|  0%| F|  |TAMS 0x000000008a900000, 0x000000008a900000| Untracked 
|  90|0x000000008aa00000, 0x000000008aa00000, 0x000000008ab00000|  0%| F|  |TAMS 0x000000008aa00000, 0x000000008aa00000| Untracked 
|  91|0x000000008ab00000, 0x000000008ab00000, 0x000000008ac00000|  0%| F|  |TAMS 0x000000008ab00000, 0x000000008ab00000| Untracked 
|  92|0x000000008ac00000, 0x000000008ac00000, 0x000000008ad00000|  0%| F|  |TAMS 0x000000008ac00000, 0x000000008ac00000| Untracked 
|  93|0x000000008ad00000, 0x000000008ad00000, 0x000000008ae00000|  0%| F|  |TAMS 0x000000008ad00000, 0x000000008ad00000| Untracked 
|  94|0x000000008ae00000, 0x000000008ae00000, 0x000000008af00000|  0%| F|  |TAMS 0x000000008ae00000, 0x000000008ae00000| Untracked 
|  95|0x000000008af00000, 0x000000008af00000, 0x000000008b000000|  0%| F|  |TAMS 0x000000008af00000, 0x000000008af00000| Untracked 
|  96|0x000000008b000000, 0x000000008b000000, 0x000000008b100000|  0%| F|  |TAMS 0x000000008b000000, 0x000000008b000000| Untracked 
|  97|0x000000008b100000, 0x000000008b100000, 0x000000008b200000|  0%| F|  |TAMS 0x000000008b100000, 0x000000008b100000| Untracked 
|  98|0x000000008b200000, 0x000000008b200000, 0x000000008b300000|  0%| F|  |TAMS 0x000000008b200000, 0x000000008b200000| Untracked 
|  99|0x000000008b300000, 0x000000008b300000, 0x000000008b400000|  0%| F|  |TAMS 0x000000008b300000, 0x000000008b300000| Untracked 
| 100|0x000000008b400000, 0x000000008b400000, 0x000000008b500000|  0%| F|  |TAMS 0x000000008b400000, 0x000000008b400000| Untracked 
| 101|0x000000008b500000, 0x000000008b500000, 0x000000008b600000|  0%| F|  |TAMS 0x000000008b500000, 0x000000008b500000| Untracked 
| 102|0x000000008b600000, 0x000000008b600000, 0x000000008b700000|  0%| F|  |TAMS 0x000000008b600000, 0x000000008b600000| Untracked 
| 103|0x000000008b700000, 0x000000008b700000, 0x000000008b800000|  0%| F|  |TAMS 0x000000008b700000, 0x000000008b700000| Untracked 
| 104|0x000000008b800000, 0x000000008b800000, 0x000000008b900000|  0%| F|  |TAMS 0x000000008b800000, 0x000000008b800000| Untracked 
| 105|0x000000008b900000, 0x000000008b900000, 0x000000008ba00000|  0%| F|  |TAMS 0x000000008b900000, 0x000000008b900000| Untracked 
| 106|0x000000008ba00000, 0x000000008ba00000, 0x000000008bb00000|  0%| F|  |TAMS 0x000000008ba00000, 0x000000008ba00000| Untracked 
| 107|0x000000008bb00000, 0x000000008bb00000, 0x000000008bc00000|  0%| F|  |TAMS 0x000000008bb00000, 0x000000008bb00000| Untracked 
| 108|0x000000008bc00000, 0x000000008bc00000, 0x000000008bd00000|  0%| F|  |TAMS 0x000000008bc00000, 0x000000008bc00000| Untracked 
| 109|0x000000008bd00000, 0x000000008bd00000, 0x000000008be00000|  0%| F|  |TAMS 0x000000008bd00000, 0x000000008bd00000| Untracked 
| 110|0x000000008be00000, 0x000000008be00000, 0x000000008bf00000|  0%| F|  |TAMS 0x000000008be00000, 0x000000008be00000| Untracked 
| 111|0x000000008bf00000, 0x000000008bf00000, 0x000000008c000000|  0%| F|  |TAMS 0x000000008bf00000, 0x000000008bf00000| Untracked 
| 112|0x000000008c000000, 0x000000008c000000, 0x000000008c100000|  0%| F|  |TAMS 0x000000008c000000, 0x000000008c000000| Untracked 
| 113|0x000000008c100000, 0x000000008c100000, 0x000000008c200000|  0%| F|  |TAMS 0x000000008c100000, 0x000000008c100000| Untracked 
| 114|0x000000008c200000, 0x000000008c200000, 0x000000008c300000|  0%| F|  |TAMS 0x000000008c200000, 0x000000008c200000| Untracked 
| 115|0x000000008c300000, 0x000000008c300000, 0x000000008c400000|  0%| F|  |TAMS 0x000000008c300000, 0x000000008c300000| Untracked 
| 116|0x000000008c400000, 0x000000008c400000, 0x000000008c500000|  0%| F|  |TAMS 0x000000008c400000, 0x000000008c400000| Untracked 
| 117|0x000000008c500000, 0x000000008c554070, 0x000000008c600000| 32%| S|CS|TAMS 0x000000008c500000, 0x000000008c500000| Complete 
| 118|0x000000008c600000, 0x000000008c600000, 0x000000008c700000|  0%| F|  |TAMS 0x000000008c600000, 0x000000008c600000| Untracked 
| 119|0x000000008c700000, 0x000000008c700000, 0x000000008c800000|  0%| F|  |TAMS 0x000000008c700000, 0x000000008c700000| Untracked 
| 120|0x000000008c800000, 0x000000008c800000, 0x000000008c900000|  0%| F|  |TAMS 0x000000008c800000, 0x000000008c800000| Untracked 
| 121|0x000000008c900000, 0x000000008c900000, 0x000000008ca00000|  0%| F|  |TAMS 0x000000008c900000, 0x000000008c900000| Untracked 
| 122|0x000000008ca00000, 0x000000008ca00000, 0x000000008cb00000|  0%| F|  |TAMS 0x000000008ca00000, 0x000000008ca00000| Untracked 
| 123|0x000000008cb00000, 0x000000008cb00000, 0x000000008cc00000|  0%| F|  |TAMS 0x000000008cb00000, 0x000000008cb00000| Untracked 

Card table byte_map: [0x00007f77d5769000,0x00007f77d5b41000] _byte_map_base: 0x00007f77d5341000

Marking Bits (Prev, Next): (CMBitMap*) 0x00007f77d0061bf0, (CMBitMap*) 0x00007f77d0061bb8
 Prev Bits: [0x00007f77b0280000, 0x00007f77b2140000)
 Next Bits: [0x00007f77b2140000, 0x00007f77b4000000)

Polling page: 0x00007f77da271000

Metaspace:

Usage:
  Non-class:     18,11 MB capacity,    17,73 MB ( 98%) used,   367,57 KB (  2%) free+waste,    23,19 KB ( <1%) overhead. 
      Class:      2,59 MB capacity,     2,45 MB ( 95%) used,   129,93 KB (  5%) free+waste,    10,19 KB ( <1%) overhead. 
       Both:     20,70 MB capacity,    20,18 MB ( 97%) used,   497,50 KB (  2%) free+waste,    33,38 KB ( <1%) overhead. 

Virtual space:
  Non-class space:       20,00 MB reserved,      18,42 MB ( 92%) committed 
      Class space:        1,00 GB reserved,       2,62 MB ( <1%) committed 
             Both:        1,02 GB reserved,      21,05 MB (  2%) committed 

Chunk freelists:
   Non-Class:  32,75 KB
       Class:  768 bytes
        Both:  33,50 KB

CodeHeap 'non-profiled nmethods': size=120032Kb used=776Kb max_used=776Kb free=119255Kb
 bounds [0x00007f77c0703000, 0x00007f77c0973000, 0x00007f77c7c3b000]
CodeHeap 'profiled nmethods': size=120028Kb used=3895Kb max_used=3895Kb free=116132Kb
 bounds [0x00007f77b91cc000, 0x00007f77b959c000, 0x00007f77c0703000]
CodeHeap 'non-nmethods': size=5700Kb used=1069Kb max_used=1117Kb free=4630Kb
 bounds [0x00007f77b8c3b000, 0x00007f77b8eab000, 0x00007f77b91cc000]
 total_blobs=2637 nmethods=1775 adapters=300
 compilation: enabled
              stopped_count=0, restarted_count=0
 full_count=0

Compilation events (10 events):
Event: 52,699 Thread 0x00007f77d017b000 1791       3       sun.net.www.protocol.jar.JarURLConnection::<init> (44 bytes)
Event: 52,700 Thread 0x00007f77d017b000 nmethod 1791 0x00007f77b9595e10 code [0x00007f77b9596020, 0x00007f77b9596698]
Event: 52,700 Thread 0x00007f77d017b000 1792       3       java.net.JarURLConnection::<init> (11 bytes)
Event: 52,701 Thread 0x00007f77d017b000 nmethod 1792 0x00007f77b9596890 code [0x00007f77b9596a60, 0x00007f77b9596c38]
Event: 52,701 Thread 0x00007f77d017b000 1793       3       java.net.JarURLConnection::parseSpecs (134 bytes)
Event: 52,706 Thread 0x00007f77d017b000 nmethod 1793 0x00007f77b9596d10 code [0x00007f77b9597060, 0x00007f77b95981a8]
Event: 52,706 Thread 0x00007f77d017b000 1794       3       sun.net.www.protocol.jar.JarURLConnection::getInputStream (97 bytes)
Event: 52,710 Thread 0x00007f77d017b000 nmethod 1794 0x00007f77b9598810 code [0x00007f77b9598b00, 0x00007f77b9599a68]
Event: 52,710 Thread 0x00007f77d017b000 1795   !   3       sun.net.www.protocol.jar.JarURLConnection::connect (163 bytes)
Event: 52,711 Thread 0x00007f77d0179000 1805       4       java.lang.StringLatin1::toUpperCase (180 bytes)

GC Heap History (10 events):
Event: 2,798 GC heap after
{Heap after GC invocations=1 (full 0):
 garbage-first heap   total 126976K, used 5277K [0x0000000085000000, 0x0000000100000000)
  region size 1024K, 3 young (3072K), 3 survivors (3072K)
 Metaspace       used 14024K, capacity 14433K, committed 14720K, reserved 1062912K
  class space    used 1513K, capacity 1620K, committed 1664K, reserved 1048576K
}
Event: 5,891 GC heap before
{Heap before GC invocations=1 (full 0):
 garbage-first heap   total 126976K, used 47261K [0x0000000085000000, 0x0000000100000000)
  region size 1024K, 45 young (46080K), 3 survivors (3072K)
 Metaspace       used 20525K, capacity 20923K, committed 21296K, reserved 1069056K
  class space    used 2504K, capacity 2648K, committed 2688K, reserved 1048576K
}
Event: 8,015 GC heap after
{Heap after GC invocations=2 (full 0):
 garbage-first heap   total 126976K, used 7000K [0x0000000085000000, 0x0000000100000000)
  region size 1024K, 5 young (5120K), 5 survivors (5120K)
 Metaspace       used 20525K, capacity 20923K, committed 21296K, reserved 1069056K
  class space    used 2504K, capacity 2648K, committed 2688K, reserved 1048576K
}
Event: 8,319 GC heap before
{Heap before GC invocations=2 (full 0):
 garbage-first heap   total 126976K, used 8024K [0x0000000085000000, 0x0000000100000000)
  region size 1024K, 6 young (6144K), 5 survivors (5120K)
 Metaspace       used 20586K, capacity 20987K, committed 21552K, reserved 1069056K
  class space    used 2508K, capacity 2648K, committed 2688K, reserved 1048576K
}
Event: 8,350 GC heap after
{Heap after GC invocations=3 (full 0):
 garbage-first heap   total 126976K, used 7663K [0x0000000085000000, 0x0000000100000000)
  region size 1024K, 1 young (1024K), 1 survivors (1024K)
 Metaspace       used 20586K, capacity 20987K, committed 21552K, reserved 1069056K
  class space    used 2508K, capacity 2648K, committed 2688K, reserved 1048576K
}
Event: 13,722 GC heap before
{Heap before GC invocations=4 (full 0):
 garbage-first heap   total 126976K, used 12783K [0x0000000085000000, 0x0000000100000000)
  region size 1024K, 6 young (6144K), 1 survivors (1024K)
 Metaspace       used 20627K, capacity 21063K, committed 21552K, reserved 1069056K
  class space    used 2509K, capacity 2650K, committed 2688K, reserved 1048576K
}
Event: 27,858 GC heap after
{Heap after GC invocations=5 (full 0):
 garbage-first heap   total 126976K, used 7303K [0x0000000085000000, 0x0000000100000000)
  region size 1024K, 1 young (1024K), 1 survivors (1024K)
 Metaspace       used 20627K, capacity 21063K, committed 21552K, reserved 1069056K
  class space    used 2509K, capacity 2650K, committed 2688K, reserved 1048576K
}
Event: 40,812 GC heap before
{Heap before GC invocations=5 (full 0):
 garbage-first heap   total 126976K, used 12423K [0x0000000085000000, 0x0000000100000000)
  region size 1024K, 6 young (6144K), 1 survivors (1024K)
 Metaspace       used 20646K, capacity 21128K, committed 21552K, reserved 1069056K
  class space    used 2509K, capacity 2650K, committed 2688K, reserved 1048576K
}
Event: 46,070 GC heap after
{Heap after GC invocations=6 (full 0):
 garbage-first heap   total 126976K, used 7331K [0x0000000085000000, 0x0000000100000000)
  region size 1024K, 1 young (1024K), 1 survivors (1024K)
 Metaspace       used 20646K, capacity 21128K, committed 21552K, reserved 1069056K
  class space    used 2509K, capacity 2650K, committed 2688K, reserved 1048576K
}
Event: 53,593 GC heap before
{Heap before GC invocations=6 (full 0):
 garbage-first heap   total 126976K, used 12451K [0x0000000085000000, 0x0000000100000000)
  region size 1024K, 6 young (6144K), 1 survivors (1024K)
 Metaspace       used 20661K, capacity 21192K, committed 21552K, reserved 1069056K
  class space    used 2509K, capacity 2650K, committed 2688K, reserved 1048576K
}

Deoptimization events (10 events):
Event: 3,570 Thread 0x00007f77d0011800 Uncommon trap: reason=class_check action=maybe_recompile pc=0x00007f77c0761a3c method=java.util.regex.Pattern$Start.match(Ljava/util/regex/Matcher;ILjava/lang/CharSequence;)Z @ 44 c2
Event: 3,684 Thread 0x00007f77d0011800 Uncommon trap: reason=profile_predicate action=maybe_recompile pc=0x00007f77c07693e8 method=java.lang.AbstractStringBuilder.appendChars(Ljava/lang/CharSequence;II)V @ 25 c2
Event: 3,684 Thread 0x00007f77d0011800 Uncommon trap: reason=profile_predicate action=maybe_recompile pc=0x00007f77c07606b4 method=java.lang.AbstractStringBuilder.appendChars(Ljava/lang/CharSequence;II)V @ 22 c2
Event: 3,684 Thread 0x00007f77d0011800 Uncommon trap: reason=profile_predicate action=maybe_recompile pc=0x00007f77c07606b4 method=java.lang.AbstractStringBuilder.appendChars(Ljava/lang/CharSequence;II)V @ 22 c2
Event: 3,684 Thread 0x00007f77d0011800 Uncommon trap: reason=profile_predicate action=maybe_recompile pc=0x00007f77c07693e8 method=java.lang.AbstractStringBuilder.appendChars(Ljava/lang/CharSequence;II)V @ 25 c2
Event: 3,688 Thread 0x00007f77d0011800 Uncommon trap: reason=unstable_if action=reinterpret pc=0x00007f77c07671a0 method=java.lang.CharacterDataLatin1.isWhitespace(I)Z @ 14 c2
Event: 3,690 Thread 0x00007f77d0011800 Uncommon trap: reason=profile_predicate action=maybe_recompile pc=0x00007f77c07606b4 method=java.lang.AbstractStringBuilder.appendChars(Ljava/lang/CharSequence;II)V @ 22 c2
Event: 8,028 Thread 0x00007f77d0011800 Uncommon trap: reason=bimorphic_or_optimized_type_check action=maybe_recompile pc=0x00007f77c07521a4 method=java.util.HashMap.putVal(ILjava/lang/Object;Ljava/lang/Object;ZZ)Ljava/lang/Object; @ 91 c2
Event: 13,711 Thread 0x00007f77d0011800 Uncommon trap: reason=unstable_if action=reinterpret pc=0x00007f77c07651cc method=sun.nio.cs.UTF_8$Decoder.decodeArrayLoop(Ljava/nio/ByteBuffer;Ljava/nio/CharBuffer;)Ljava/nio/charset/CoderResult; @ 167 c2
Event: 38,094 Thread 0x00007f77d0011800 Uncommon trap: reason=unstable_if action=reinterpret pc=0x00007f77c07677a0 method=java.lang.CharacterDataLatin1.isWhitespace(I)Z @ 14 c2

Classes redefined (0 events):
No events

Internal exceptions (7 events):
Event: 0,124 Thread 0x00007f77d0011800 Exception <a 'java/lang/NoSuchMethodError'{0x000000008ca79c10}: java.lang.invoke.DirectMethodHandle$Holder.invokeStaticInit(Ljava/lang/Object;Ljava/lang/Object;)I> (0x000000008ca79c10) thrown at [/scratch/opt/mach5/mesos/work_dir/slaves/07fc96ef-bf4d-487f
Event: 0,193 Thread 0x00007f77d0011800 Exception <a 'java/lang/ClassNotFoundException'{0x000000008c9c1ed8}: javax/smartcardio/CardPermission> (0x000000008c9c1ed8) thrown at [/scratch/opt/mach5/mesos/work_dir/slaves/07fc96ef-bf4d-487f-b22f-a84e49f5f44a-S39654/frameworks/1735e8a2-a1db-478c-8104-
Event: 0,198 Thread 0x00007f77d0011800 Exception <a 'java/io/FileNotFoundException'{0x000000008c9cf6c8}> (0x000000008c9cf6c8) thrown at [/scratch/opt/mach5/mesos/work_dir/slaves/07fc96ef-bf4d-487f-b22f-a84e49f5f44a-S39654/frameworks/1735e8a2-a1db-478c-8104-60c8b0af87dd-0196/executors/a8fe52bf-
Event: 0,449 Thread 0x00007f77d0011800 Exception <a 'sun/nio/fs/UnixException'{0x000000008c20eef0}> (0x000000008c20eef0) thrown at [/scratch/opt/mach5/mesos/work_dir/slaves/07fc96ef-bf4d-487f-b22f-a84e49f5f44a-S39654/frameworks/1735e8a2-a1db-478c-8104-60c8b0af87dd-0196/executors/a8fe52bf-7e19-
Event: 0,449 Thread 0x00007f77d0011800 Exception <a 'sun/nio/fs/UnixException'{0x000000008c20fd58}> (0x000000008c20fd58) thrown at [/scratch/opt/mach5/mesos/work_dir/slaves/07fc96ef-bf4d-487f-b22f-a84e49f5f44a-S39654/frameworks/1735e8a2-a1db-478c-8104-60c8b0af87dd-0196/executors/a8fe52bf-7e19-
Event: 0,458 Thread 0x00007f77d0011800 Exception <a 'sun/nio/fs/UnixException'{0x000000008c258ad8}> (0x000000008c258ad8) thrown at [/scratch/opt/mach5/mesos/work_dir/slaves/07fc96ef-bf4d-487f-b22f-a84e49f5f44a-S39654/frameworks/1735e8a2-a1db-478c-8104-60c8b0af87dd-0196/executors/a8fe52bf-7e19-
Event: 3,078 Thread 0x00007f77d0011800 Exception <a 'java/lang/NoSuchMethodError'{0x000000008c744288}: java.lang.invoke.DirectMethodHandle$Holder.invokeSpecialIFC(Ljava/lang/Object;Ljava/lang/Object;I)I> (0x000000008c744288) thrown at [/scratch/opt/mach5/mesos/work_dir/slaves/07fc96ef-bf4d-487

Events (10 events):
Event: 38,608 Thread 0x00007f77d0011800 DEOPT UNPACKING pc=0x00007f77b8c634ba sp=0x00007f77da251a98 mode 0
Event: 38,613 Thread 0x00007f77d0011800 DEOPT PACKING pc=0x00007f77b95429bf sp=0x00007f77da2524e0
Event: 38,613 Thread 0x00007f77d0011800 DEOPT UNPACKING pc=0x00007f77b8c634ba sp=0x00007f77da251a88 mode 0
Event: 38,615 Thread 0x00007f77800f2000 Thread added: 0x00007f77800f2000
Event: 38,615 Thread 0x00007f77800f3000 Thread added: 0x00007f77800f3000
Event: 38,618 Executing VM operation: G1CollectForAllocation
Event: 46,070 Executing VM operation: G1CollectForAllocation done
Event: 48,728 Thread 0x00007f77800f3000 Thread exited: 0x00007f77800f3000
Event: 48,744 Thread 0x00007f77800f2000 Thread exited: 0x00007f77800f2000
Event: 52,727 Executing VM operation: G1CollectForAllocation


Dynamic libraries:
00400000-00401000 r-xp 00000000 08:06 4984281                            /usr/lib/jvm/java-11-oracle/bin/java
00600000-00601000 r--p 00000000 08:06 4984281                            /usr/lib/jvm/java-11-oracle/bin/java
00601000-00602000 rw-p 00001000 08:06 4984281                            /usr/lib/jvm/java-11-oracle/bin/java
01df5000-01e16000 rw-p 00000000 00:00 0                                  [heap]
85000000-8cc00000 rw-p 00000000 00:00 0 
9c400000-100000000 ---p 00000000 00:00 0 
100000000-1002a0000 rw-p 00000000 00:00 0 
1002a0000-140000000 ---p 00000000 00:00 0 
7f7760000000-7f77601c5000 rw-p 00000000 00:00 0 
7f77601c5000-7f7764000000 ---p 00000000 00:00 0 
7f7768000000-7f7768364000 rw-p 00000000 00:00 0 
7f7768364000-7f776c000000 ---p 00000000 00:00 0 
7f776c000000-7f776c15a000 rw-p 00000000 00:00 0 
7f776c15a000-7f7770000000 ---p 00000000 00:00 0 
7f7770000000-7f7770021000 rw-p 00000000 00:00 0 
7f7770021000-7f7774000000 ---p 00000000 00:00 0 
7f7774000000-7f7774021000 rw-p 00000000 00:00 0 
7f7774021000-7f7778000000 ---p 00000000 00:00 0 
7f7778000000-7f7778021000 rw-p 00000000 00:00 0 
7f7778021000-7f777c000000 ---p 00000000 00:00 0 
7f777c000000-7f777c021000 rw-p 00000000 00:00 0 
7f777c021000-7f7780000000 ---p 00000000 00:00 0 
7f7780000000-7f77806bd000 rw-p 00000000 00:00 0 
7f77806bd000-7f7784000000 ---p 00000000 00:00 0 
7f7784000000-7f7784021000 rw-p 00000000 00:00 0 
7f7784021000-7f7788000000 ---p 00000000 00:00 0 
7f7788000000-7f7788021000 rw-p 00000000 00:00 0 
7f7788021000-7f778c000000 ---p 00000000 00:00 0 
7f778c000000-7f778d9e1000 rw-p 00000000 00:00 0 
7f778d9e1000-7f7790000000 ---p 00000000 00:00 0 
7f7790000000-7f7790021000 rw-p 00000000 00:00 0 
7f7790021000-7f7794000000 ---p 00000000 00:00 0 
7f7794000000-7f7794021000 rw-p 00000000 00:00 0 
7f7794021000-7f7798000000 ---p 00000000 00:00 0 
7f7798000000-7f7798021000 rw-p 00000000 00:00 0 
7f7798021000-7f779c000000 ---p 00000000 00:00 0 
7f779c000000-7f779c149000 rw-p 00000000 00:00 0 
7f779c149000-7f77a0000000 ---p 00000000 00:00 0 
7f77a0000000-7f77a0021000 rw-p 00000000 00:00 0 
7f77a0021000-7f77a4000000 ---p 00000000 00:00 0 
7f77a4000000-7f77a4021000 rw-p 00000000 00:00 0 
7f77a4021000-7f77a8000000 ---p 00000000 00:00 0 
7f77a888e000-7f77a8ad2000 rw-p 00000000 00:00 0 
7f77a8ad2000-7f77a8ad6000 ---p 00000000 00:00 0 
7f77a8ad6000-7f77a8c3f000 rw-p 00000000 00:00 0 
7f77a8c3f000-7f77a8dd3000 ---p 00000000 00:00 0 
7f77a8dd3000-7f77a8fd3000 rw-p 00000000 00:00 0 
7f77a8fd3000-7f77a8fd7000 ---p 00000000 00:00 0 
7f77a8fd7000-7f77a92d4000 rw-p 00000000 00:00 0 
7f77a92d4000-7f77a92d8000 ---p 00000000 00:00 0 
7f77a92d8000-7f77a93d5000 rw-p 00000000 00:00 0 
7f77a93d5000-7f77a93d6000 ---p 00000000 00:00 0 
7f77a93d6000-7f77a96d6000 rw-p 00000000 00:00 0 
7f77a96d6000-7f77a98d6000 rw-p 00000000 00:00 0 
7f77a98d6000-7f77a9ad6000 rw-p 00000000 00:00 0 
7f77a9ad6000-7f77a9aec000 r-xp 00000000 08:06 4984371                    /usr/lib/jvm/java-11-oracle/lib/libnet.so
7f77a9aec000-7f77a9cec000 ---p 00016000 08:06 4984371                    /usr/lib/jvm/java-11-oracle/lib/libnet.so
7f77a9cec000-7f77a9ced000 r--p 00016000 08:06 4984371                    /usr/lib/jvm/java-11-oracle/lib/libnet.so
7f77a9ced000-7f77a9cee000 rw-p 00017000 08:06 4984371                    /usr/lib/jvm/java-11-oracle/lib/libnet.so
7f77a9cee000-7f77a9cfe000 r-xp 00000000 08:06 4984372                    /usr/lib/jvm/java-11-oracle/lib/libnio.so
7f77a9cfe000-7f77a9efd000 ---p 00010000 08:06 4984372                    /usr/lib/jvm/java-11-oracle/lib/libnio.so
7f77a9efd000-7f77a9efe000 r--p 0000f000 08:06 4984372                    /usr/lib/jvm/java-11-oracle/lib/libnio.so
7f77a9efe000-7f77a9eff000 rw-p 00010000 08:06 4984372                    /usr/lib/jvm/java-11-oracle/lib/libnio.so
7f77a9eff000-7f77a9f03000 ---p 00000000 00:00 0 
7f77a9f03000-7f77ac000000 rw-p 00000000 00:00 0 
7f77ac000000-7f77ac021000 rw-p 00000000 00:00 0 
7f77ac021000-7f77b0000000 ---p 00000000 00:00 0 
7f77b007e000-7f77b007f000 ---p 00000000 00:00 0 
7f77b007f000-7f77b017f000 rw-p 00000000 00:00 0 
7f77b017f000-7f77b0183000 ---p 00000000 00:00 0 
7f77b0183000-7f77b0470000 rw-p 00000000 00:00 0 
7f77b0470000-7f77b2140000 ---p 00000000 00:00 0 
7f77b2140000-7f77b2330000 rw-p 00000000 00:00 0 
7f77b2330000-7f77b4000000 ---p 00000000 00:00 0 
7f77b4000000-7f77b4021000 rw-p 00000000 00:00 0 
7f77b4021000-7f77b8000000 ---p 00000000 00:00 0 
7f77b8037000-7f77b803b000 ---p 00000000 00:00 0 
7f77b803b000-7f77b8138000 rw-p 00000000 00:00 0 
7f77b8138000-7f77b813c000 ---p 00000000 00:00 0 
7f77b813c000-7f77b8239000 rw-p 00000000 00:00 0 
7f77b8239000-7f77b823d000 ---p 00000000 00:00 0 
7f77b823d000-7f77b833a000 rw-p 00000000 00:00 0 
7f77b833a000-7f77b833e000 ---p 00000000 00:00 0 
7f77b833e000-7f77b8c3b000 rw-p 00000000 00:00 0 
7f77b8c3b000-7f77b8eab000 rwxp 00000000 00:00 0 
7f77b8eab000-7f77b91cc000 ---p 00000000 00:00 0 
7f77b91cc000-7f77b959c000 rwxp 00000000 00:00 0 
7f77b959c000-7f77c0703000 ---p 00000000 00:00 0 
7f77c0703000-7f77c0973000 rwxp 00000000 00:00 0 
7f77c0973000-7f77c7c3b000 ---p 00000000 00:00 0 
7f77c7c3b000-7f77d0000000 r--s 00000000 08:06 4984382                    /usr/lib/jvm/java-11-oracle/lib/modules
7f77d0000000-7f77d09e7000 rw-p 00000000 00:00 0 
7f77d09e7000-7f77d4000000 ---p 00000000 00:00 0 
7f77d4049000-7f77d406f000 r--p 00000000 08:06 6293024                    /usr/share/locale-langpack/fr/LC_MESSAGES/libc.mo
7f77d406f000-7f77d40a0000 rw-p 00000000 00:00 0 
7f77d40a0000-7f77d437e000 r--p 00000000 08:06 4332078                    /usr/lib/locale/locale-archive
7f77d437e000-7f77d4382000 ---p 00000000 00:00 0 
7f77d4382000-7f77d447f000 rw-p 00000000 00:00 0 
7f77d447f000-7f77d4483000 ---p 00000000 00:00 0 
7f77d4483000-7f77d4580000 rw-p 00000000 00:00 0 
7f77d4580000-7f77d4581000 ---p 00000000 00:00 0 
7f77d4581000-7f77d4785000 rw-p 00000000 00:00 0 
7f77d4785000-7f77d4786000 ---p 00000000 00:00 0 
7f77d4786000-7f77d4886000 rw-p 00000000 00:00 0 
7f77d4886000-7f77d4887000 ---p 00000000 00:00 0 
7f77d4887000-7f77d518f000 rw-p 00000000 00:00 0 
7f77d518f000-7f77d5190000 ---p 00000000 00:00 0 
7f77d5190000-7f77d5290000 rw-p 00000000 00:00 0 
7f77d5290000-7f77d5291000 ---p 00000000 00:00 0 
7f77d5291000-7f77d53cf000 rw-p 00000000 00:00 0 
7f77d53cf000-7f77d5769000 ---p 00000000 00:00 0 
7f77d5769000-7f77d57a7000 rw-p 00000000 00:00 0 
7f77d57a7000-7f77d5b41000 ---p 00000000 00:00 0 
7f77d5b41000-7f77d5b7f000 rw-p 00000000 00:00 0 
7f77d5b7f000-7f77d5f19000 ---p 00000000 00:00 0 
7f77d5f19000-7f77d6721000 rw-p 00000000 00:00 0 
7f77d6721000-7f77d6722000 ---p 00000000 00:00 0 
7f77d6722000-7f77d6827000 rw-p 00000000 00:00 0 
7f77d6827000-7f77d690d000 ---p 00000000 00:00 0 
7f77d690d000-7f77d6915000 rw-p 00000000 00:00 0 
7f77d6915000-7f77d69f8000 ---p 00000000 00:00 0 
7f77d69f8000-7f77d6a13000 r-xp 00000000 08:06 4984363                    /usr/lib/jvm/java-11-oracle/lib/libjimage.so
7f77d6a13000-7f77d6c12000 ---p 0001b000 08:06 4984363                    /usr/lib/jvm/java-11-oracle/lib/libjimage.so
7f77d6c12000-7f77d6c14000 r--p 0001a000 08:06 4984363                    /usr/lib/jvm/java-11-oracle/lib/libjimage.so
7f77d6c14000-7f77d6c15000 rw-p 0001c000 08:06 4984363                    /usr/lib/jvm/java-11-oracle/lib/libjimage.so
7f77d6c15000-7f77d6c1c000 r-xp 00000000 08:06 4984381                    /usr/lib/jvm/java-11-oracle/lib/libzip.so
7f77d6c1c000-7f77d6e1b000 ---p 00007000 08:06 4984381                    /usr/lib/jvm/java-11-oracle/lib/libzip.so
7f77d6e1b000-7f77d6e1c000 r--p 00006000 08:06 4984381                    /usr/lib/jvm/java-11-oracle/lib/libzip.so
7f77d6e1c000-7f77d6e1d000 rw-p 00007000 08:06 4984381                    /usr/lib/jvm/java-11-oracle/lib/libzip.so
7f77d6e1d000-7f77d6e28000 r-xp 00000000 08:06 30015582                   /lib/x86_64-linux-gnu/libnss_files-2.23.so
7f77d6e28000-7f77d7027000 ---p 0000b000 08:06 30015582                   /lib/x86_64-linux-gnu/libnss_files-2.23.so
7f77d7027000-7f77d7028000 r--p 0000a000 08:06 30015582                   /lib/x86_64-linux-gnu/libnss_files-2.23.so
7f77d7028000-7f77d7029000 rw-p 0000b000 08:06 30015582                   /lib/x86_64-linux-gnu/libnss_files-2.23.so
7f77d7029000-7f77d702f000 rw-p 00000000 00:00 0 
7f77d702f000-7f77d703a000 r-xp 00000000 08:06 30015575                   /lib/x86_64-linux-gnu/libnss_nis-2.23.so
7f77d703a000-7f77d7239000 ---p 0000b000 08:06 30015575                   /lib/x86_64-linux-gnu/libnss_nis-2.23.so
7f77d7239000-7f77d723a000 r--p 0000a000 08:06 30015575                   /lib/x86_64-linux-gnu/libnss_nis-2.23.so
7f77d723a000-7f77d723b000 rw-p 0000b000 08:06 30015575                   /lib/x86_64-linux-gnu/libnss_nis-2.23.so
7f77d723b000-7f77d7251000 r-xp 00000000 08:06 30015580                   /lib/x86_64-linux-gnu/libnsl-2.23.so
7f77d7251000-7f77d7450000 ---p 00016000 08:06 30015580                   /lib/x86_64-linux-gnu/libnsl-2.23.so
7f77d7450000-7f77d7451000 r--p 00015000 08:06 30015580                   /lib/x86_64-linux-gnu/libnsl-2.23.so
7f77d7451000-7f77d7452000 rw-p 00016000 08:06 30015580                   /lib/x86_64-linux-gnu/libnsl-2.23.so
7f77d7452000-7f77d7454000 rw-p 00000000 00:00 0 
7f77d7454000-7f77d745c000 r-xp 00000000 08:06 30020063                   /lib/x86_64-linux-gnu/libnss_compat-2.23.so
7f77d745c000-7f77d765b000 ---p 00008000 08:06 30020063                   /lib/x86_64-linux-gnu/libnss_compat-2.23.so
7f77d765b000-7f77d765c000 r--p 00007000 08:06 30020063                   /lib/x86_64-linux-gnu/libnss_compat-2.23.so
7f77d765c000-7f77d765d000 rw-p 00008000 08:06 30020063                   /lib/x86_64-linux-gnu/libnss_compat-2.23.so
7f77d765d000-7f77d7686000 r-xp 00000000 08:06 4984359                    /usr/lib/jvm/java-11-oracle/lib/libjava.so
7f77d7686000-7f77d7886000 ---p 00029000 08:06 4984359                    /usr/lib/jvm/java-11-oracle/lib/libjava.so
7f77d7886000-7f77d7887000 r--p 00029000 08:06 4984359                    /usr/lib/jvm/java-11-oracle/lib/libjava.so
7f77d7887000-7f77d7889000 rw-p 0002a000 08:06 4984359                    /usr/lib/jvm/java-11-oracle/lib/libjava.so
7f77d7889000-7f77d7896000 r-xp 00000000 08:06 4984380                    /usr/lib/jvm/java-11-oracle/lib/libverify.so
7f77d7896000-7f77d7a95000 ---p 0000d000 08:06 4984380                    /usr/lib/jvm/java-11-oracle/lib/libverify.so
7f77d7a95000-7f77d7a97000 r--p 0000c000 08:06 4984380                    /usr/lib/jvm/java-11-oracle/lib/libverify.so
7f77d7a97000-7f77d7a98000 rw-p 0000e000 08:06 4984380                    /usr/lib/jvm/java-11-oracle/lib/libverify.so
7f77d7a98000-7f77d7a9f000 r-xp 00000000 08:06 30015505                   /lib/x86_64-linux-gnu/librt-2.23.so
7f77d7a9f000-7f77d7c9e000 ---p 00007000 08:06 30015505                   /lib/x86_64-linux-gnu/librt-2.23.so
7f77d7c9e000-7f77d7c9f000 r--p 00006000 08:06 30015505                   /lib/x86_64-linux-gnu/librt-2.23.so
7f77d7c9f000-7f77d7ca0000 rw-p 00007000 08:06 30015505                   /lib/x86_64-linux-gnu/librt-2.23.so
7f77d7ca0000-7f77d7da8000 r-xp 00000000 08:06 30020183                   /lib/x86_64-linux-gnu/libm-2.23.so
7f77d7da8000-7f77d7fa7000 ---p 00108000 08:06 30020183                   /lib/x86_64-linux-gnu/libm-2.23.so
7f77d7fa7000-7f77d7fa8000 r--p 00107000 08:06 30020183                   /lib/x86_64-linux-gnu/libm-2.23.so
7f77d7fa8000-7f77d7fa9000 rw-p 00108000 08:06 30020183                   /lib/x86_64-linux-gnu/libm-2.23.so
7f77d7fa9000-7f77d90e9000 r-xp 00000000 08:06 5512566                    /usr/lib/jvm/java-11-oracle/lib/server/libjvm.so
7f77d90e9000-7f77d92e9000 ---p 01140000 08:06 5512566                    /usr/lib/jvm/java-11-oracle/lib/server/libjvm.so
7f77d92e9000-7f77d93a8000 r--p 01140000 08:06 5512566                    /usr/lib/jvm/java-11-oracle/lib/server/libjvm.so
7f77d93a8000-7f77d93e1000 rw-p 011ff000 08:06 5512566                    /usr/lib/jvm/java-11-oracle/lib/server/libjvm.so
7f77d93e1000-7f77d9438000 rw-p 00000000 00:00 0 
7f77d9438000-7f77d95f8000 r-xp 00000000 08:06 30015585                   /lib/x86_64-linux-gnu/libc-2.23.so
7f77d95f8000-7f77d97f8000 ---p 001c0000 08:06 30015585                   /lib/x86_64-linux-gnu/libc-2.23.so
7f77d97f8000-7f77d97fc000 r--p 001c0000 08:06 30015585                   /lib/x86_64-linux-gnu/libc-2.23.so
7f77d97fc000-7f77d97fe000 rw-p 001c4000 08:06 30015585                   /lib/x86_64-linux-gnu/libc-2.23.so
7f77d97fe000-7f77d9802000 rw-p 00000000 00:00 0 
7f77d9802000-7f77d9805000 r-xp 00000000 08:06 30015570                   /lib/x86_64-linux-gnu/libdl-2.23.so
7f77d9805000-7f77d9a04000 ---p 00003000 08:06 30015570                   /lib/x86_64-linux-gnu/libdl-2.23.so
7f77d9a04000-7f77d9a05000 r--p 00002000 08:06 30015570                   /lib/x86_64-linux-gnu/libdl-2.23.so
7f77d9a05000-7f77d9a06000 rw-p 00003000 08:06 30015570                   /lib/x86_64-linux-gnu/libdl-2.23.so
7f77d9a06000-7f77d9a16000 r-xp 00000000 08:06 5245244                    /usr/lib/jvm/java-11-oracle/lib/jli/libjli.so
7f77d9a16000-7f77d9c15000 ---p 00010000 08:06 5245244                    /usr/lib/jvm/java-11-oracle/lib/jli/libjli.so
7f77d9c15000-7f77d9c16000 r--p 0000f000 08:06 5245244                    /usr/lib/jvm/java-11-oracle/lib/jli/libjli.so
7f77d9c16000-7f77d9c17000 rw-p 00010000 08:06 5245244                    /usr/lib/jvm/java-11-oracle/lib/jli/libjli.so
7f77d9c17000-7f77d9c2f000 r-xp 00000000 08:06 30015572                   /lib/x86_64-linux-gnu/libpthread-2.23.so
7f77d9c2f000-7f77d9e2e000 ---p 00018000 08:06 30015572                   /lib/x86_64-linux-gnu/libpthread-2.23.so
7f77d9e2e000-7f77d9e2f000 r--p 00017000 08:06 30015572                   /lib/x86_64-linux-gnu/libpthread-2.23.so
7f77d9e2f000-7f77d9e30000 rw-p 00018000 08:06 30015572                   /lib/x86_64-linux-gnu/libpthread-2.23.so
7f77d9e30000-7f77d9e34000 rw-p 00000000 00:00 0 
7f77d9e34000-7f77d9e4d000 r-xp 00000000 08:06 30020356                   /lib/x86_64-linux-gnu/libz.so.1.2.8
7f77d9e4d000-7f77da04c000 ---p 00019000 08:06 30020356                   /lib/x86_64-linux-gnu/libz.so.1.2.8
7f77da04c000-7f77da04d000 r--p 00018000 08:06 30020356                   /lib/x86_64-linux-gnu/libz.so.1.2.8
7f77da04d000-7f77da04e000 rw-p 00019000 08:06 30020356                   /lib/x86_64-linux-gnu/libz.so.1.2.8
7f77da04e000-7f77da074000 r-xp 00000000 08:06 30015571                   /lib/x86_64-linux-gnu/ld-2.23.so
7f77da08d000-7f77da094000 r--s 00000000 08:06 4592036                    /usr/lib/x86_64-linux-gnu/gconv/gconv-modules.cache
7f77da094000-7f77da155000 rw-p 00000000 00:00 0 
7f77da155000-7f77da159000 ---p 00000000 00:00 0 
7f77da159000-7f77da25b000 rw-p 00000000 00:00 0 
7f77da25d000-7f77da262000 rw-p 00000000 00:00 0 
7f77da262000-7f77da269000 ---p 00000000 00:00 0 
7f77da269000-7f77da271000 rw-s 00000000 08:06 10882265                   /tmp/hsperfdata_lokhondiaye/12648
7f77da271000-7f77da272000 ---p 00000000 00:00 0 
7f77da272000-7f77da273000 r--p 00000000 00:00 0 
7f77da273000-7f77da274000 r--p 00025000 08:06 30015571                   /lib/x86_64-linux-gnu/ld-2.23.so
7f77da274000-7f77da275000 rw-p 00026000 08:06 30015571                   /lib/x86_64-linux-gnu/ld-2.23.so
7f77da275000-7f77da276000 rw-p 00000000 00:00 0 
7ffe6c456000-7ffe6c477000 rw-p 00000000 00:00 0                          [stack]
7ffe6c47d000-7ffe6c480000 r--p 00000000 00:00 0                          [vvar]
7ffe6c480000-7ffe6c482000 r-xp 00000000 00:00 0                          [vdso]
ffffffffff600000-ffffffffff601000 r-xp 00000000 00:00 0                  [vsyscall]


VM Arguments:
jvm_args: -Djava.awt.headless=true -Dsonarlint.home=/home/lokhondiaye/.vscode/extensions/silverbulleters.sonarqube-inject-2.1.0/tools/sonarlint-cli -Dproject.home=/var/www/html/SYMFONY/API/transfertArgent -Dorg.freemarker.loggerLibrary=none 
java_command: org.sonarlint.cli.Main --reportType console --src src/Controller/UserController.php --charset UTF-8
java_class_path (initial): /home/lokhondiaye/.vscode/extensions/silverbulleters.sonarqube-inject-2.1.0/tools/sonarlint-cli/lib/sonarlint-cli-2.1-SNAPSHOT.jar
Launcher Type: SUN_STANDARD

[Global flags]
     intx CICompilerCount                          = 4                                         {product} {ergonomic}
     uint ConcGCThreads                            = 2                                         {product} {ergonomic}
     uint G1ConcRefinementThreads                  = 8                                         {product} {ergonomic}
   size_t G1HeapRegionSize                         = 1048576                                   {product} {ergonomic}
    uintx GCDrainStackTargetSize                   = 64                                        {product} {ergonomic}
   size_t InitialHeapSize                          = 130023424                                 {product} {ergonomic}
   size_t MarkStackSize                            = 4194304                                   {product} {ergonomic}
   size_t MaxHeapSize                              = 2063597568                                {product} {ergonomic}
   size_t MaxNewSize                               = 1237319680                                {product} {ergonomic}
   size_t MinHeapDeltaBytes                        = 1048576                                   {product} {ergonomic}
    uintx NonNMethodCodeHeapSize                   = 5835340                                {pd product} {ergonomic}
    uintx NonProfiledCodeHeapSize                  = 122911450                              {pd product} {ergonomic}
    uintx ProfiledCodeHeapSize                     = 122911450                              {pd product} {ergonomic}
    uintx ReservedCodeCacheSize                    = 251658240                              {pd product} {ergonomic}
     bool SegmentedCodeCache                       = true                                      {product} {ergonomic}
     bool UseCompressedClassPointers               = true                                 {lp64_product} {ergonomic}
     bool UseCompressedOops                        = true                                 {lp64_product} {ergonomic}
     bool UseG1GC                                  = true                                      {product} {ergonomic}

Logging:
Log output configuration:
 #0: stdout all=warning uptime,level,tags
 #1: stderr all=off uptime,level,tags

Environment Variables:
JAVA_HOME=/usr/lib/jvm/java-11-oracle
PATH=/home/lokhondiaye/bin:/home/lokhondiaye/.local/bin:/home/lokhondiaye/bin:/home/lokhondiaye/.local/bin:/usr/local/sbin:/usr/local/bin:/usr/sbin:/usr/bin:/sbin:/bin:/usr/games:/usr/local/games:/snap/bin:/usr/lib/jvm/java-11-oracle/bin:/usr/lib/jvm/java-11-oracle/db/bin:/usr/lib/jvm/java-11-oracle/bin:/usr/lib/jvm/java-11-oracle/db/bin
SHELL=/bin/bash
DISPLAY=:0

Signal Handlers:
SIGSEGV: [libjvm.so+0xe2b7d0], sa_mask[0]=11111111011111111101111111111110, sa_flags=SA_RESTART|SA_SIGINFO
SIGBUS: [libjvm.so+0xe2b7d0], sa_mask[0]=11111111011111111101111111111110, sa_flags=SA_RESTART|SA_SIGINFO
SIGFPE: [libjvm.so+0xe2b7d0], sa_mask[0]=11111111011111111101111111111110, sa_flags=SA_RESTART|SA_SIGINFO
SIGPIPE: [libjvm.so+0xbffe60], sa_mask[0]=11111111011111111101111111111110, sa_flags=SA_RESTART|SA_SIGINFO
SIGXFSZ: [libjvm.so+0xbffe60], sa_mask[0]=11111111011111111101111111111110, sa_flags=SA_RESTART|SA_SIGINFO
SIGILL: [libjvm.so+0xe2b7d0], sa_mask[0]=11111111011111111101111111111110, sa_flags=SA_RESTART|SA_SIGINFO
SIGUSR2: [libjvm.so+0xbffd00], sa_mask[0]=00000000000000000000000000000000, sa_flags=SA_RESTART|SA_SIGINFO
SIGHUP: [libjvm.so+0xc00060], sa_mask[0]=11111111011111111101111111111110, sa_flags=SA_RESTART|SA_SIGINFO
SIGINT: [libjvm.so+0xc00060], sa_mask[0]=11111111011111111101111111111110, sa_flags=SA_RESTART|SA_SIGINFO
SIGTERM: [libjvm.so+0xc00060], sa_mask[0]=11111111011111111101111111111110, sa_flags=SA_RESTART|SA_SIGINFO
SIGQUIT: [libjvm.so+0xc00060], sa_mask[0]=11111111011111111101111111111110, sa_flags=SA_RESTART|SA_SIGINFO


---------------  S Y S T E M  ---------------

OS:DISTRIB_ID=Ubuntu
DISTRIB_RELEASE=16.04
DISTRIB_CODENAME=xenial
DISTRIB_DESCRIPTION="Ubuntu 16.04.6 LTS"
uname:Linux 4.15.0-54-generic #58~16.04.1-Ubuntu SMP Mon Jun 24 13:21:41 UTC 2019 x86_64
libc:glibc 2.23 NPTL 2.23 
rlimit: STACK 8192k, CORE 0k, NPROC 30891, NOFILE 1048576, AS infinity, DATA infinity, FSIZE infinity
load average:40,75 15,31 6,02

/proc/meminfo:
MemTotal:        8058736 kB
MemFree:          122548 kB
MemAvailable:      51136 kB
Buffers:            5488 kB
Cached:           416916 kB
SwapCached:         7172 kB
Active:          6164960 kB
Inactive:        1356036 kB
Active(anon):    6144304 kB
Inactive(anon):  1317808 kB
Active(file):      20656 kB
Inactive(file):    38228 kB
Unevictable:          48 kB
Mlocked:              48 kB
SwapTotal:       1000444 kB
SwapFree:             20 kB
Dirty:                84 kB
Writeback:           104 kB
AnonPages:       7092420 kB
Mapped:           270828 kB
Shmem:            362928 kB
Slab:             210932 kB
SReclaimable:      71112 kB
SUnreclaim:       139820 kB
KernelStack:       26128 kB
PageTables:        82632 kB
NFS_Unstable:          0 kB
Bounce:                0 kB
WritebackTmp:          0 kB
CommitLimit:     5029812 kB
Committed_AS:   17715800 kB
VmallocTotal:   34359738367 kB
VmallocUsed:           0 kB
VmallocChunk:          0 kB
HardwareCorrupted:     0 kB
AnonHugePages:         0 kB
ShmemHugePages:        0 kB
ShmemPmdMapped:        0 kB
CmaTotal:              0 kB
CmaFree:               0 kB
HugePages_Total:       0
HugePages_Free:        0
HugePages_Rsvd:        0
HugePages_Surp:        0
Hugepagesize:       2048 kB
DirectMap4k:      292448 kB
DirectMap2M:     6940672 kB
DirectMap1G:     1048576 kB


/proc/sys/kernel/threads-max (system-wide limit on the number of threads):
61783


/proc/sys/vm/max_map_count (maximum number of memory map areas a process may have):
65530


/proc/sys/kernel/pid_max (system-wide limit on number of process identifiers):
32768



container (cgroup) information:
container_type: cgroupv1
cpu_cpuset_cpus: 0-7
cpu_memory_nodes: 0
active_processor_count: 8
cpu_quota: -1
cpu_period: 100000
cpu_shares: -1
memory_limit_in_bytes: -1
memory_and_swap_limit_in_bytes: -2
memory_soft_limit_in_bytes: -1
memory_usage_in_bytes: 5888876544
memory_max_usage_in_bytes: 5897285632


CPU:total 8 (initial active 8) (4 cores per cpu, 2 threads per core) family 6 model 142 stepping 10, cmov, cx8, fxsr, mmx, sse, sse2, sse3, ssse3, sse4.1, sse4.2, popcnt, avx, avx2, aes, clmul, erms, 3dnowpref, lzcnt, ht, tsc, tscinvbit, bmi1, bmi2, adx, fma
CPU Model and flags from /proc/cpuinfo:
model name	: Intel(R) Core(TM) i7-8550U CPU @ 1.80GHz
flags		: fpu vme de pse tsc msr pae mce cx8 apic sep mtrr pge mca cmov pat pse36 clflush dts acpi mmx fxsr sse sse2 ss ht tm pbe syscall nx pdpe1gb rdtscp lm constant_tsc art arch_perfmon pebs bts rep_good nopl xtopology nonstop_tsc cpuid aperfmperf tsc_known_freq pni pclmulqdq dtes64 monitor ds_cpl vmx est tm2 ssse3 sdbg fma cx16 xtpr pdcm pcid sse4_1 sse4_2 x2apic movbe popcnt tsc_deadline_timer aes xsave avx f16c rdrand lahf_lm abm 3dnowprefetch cpuid_fault epb invpcid_single pti ssbd ibrs ibpb stibp tpr_shadow vnmi flexpriority ept vpid fsgsbase tsc_adjust bmi1 avx2 smep bmi2 erms invpcid mpx rdseed adx smap clflushopt intel_pt xsaveopt xsavec xgetbv1 xsaves dtherm ida arat pln pts hwp hwp_notify hwp_act_window hwp_epp md_clear flush_l1d

Memory: 4k page, physical 8058736k(140228k free), swap 1000444k(0k free)

vm_info: Java HotSpot(TM) 64-Bit Server VM (11.0.3+12-LTS) for linux-amd64 JRE (11.0.3+12-LTS), built on Apr  2 2019 04:32:42 by "mach5one" with gcc 7.3.0

END.
